mode: set
mail/api-service/cmd/main.go:10.13,17.16 5 0
mail/api-service/cmd/main.go:17.16,19.3 1 0
mail/api-service/cmd/main.go:20.2,20.43 1 0
mail/api-service/cmd/main.go:20.43,22.3 1 0
mail/api-service/internal/delivery/grpc/init.go:20.67,23.16 2 0
mail/api-service/internal/delivery/grpc/init.go:23.16,26.3 2 0
mail/api-service/internal/delivery/grpc/init.go:27.2,31.16 4 0
mail/api-service/internal/delivery/grpc/init.go:31.16,34.3 2 0
mail/api-service/internal/delivery/grpc/init.go:35.2,41.8 3 0
mail/api-service/internal/delivery/httpserver/httpserver.go:22.114,27.50 5 0
mail/api-service/internal/delivery/httpserver/httpserver.go:27.50,29.3 1 0
mail/api-service/internal/delivery/httpserver/httpserver.go:30.2,30.12 1 0
mail/api-service/internal/delivery/httpserver/httpserver.go:33.119,59.2 18 0
mail/api-service/internal/app/app.go:11.53,15.16 3 1
mail/api-service/internal/app/app.go:15.16,17.3 1 0
mail/api-service/internal/app/app.go:18.2,21.16 3 1
mail/api-service/internal/app/app.go:21.16,23.3 1 0
mail/api-service/internal/app/app.go:25.2,25.63 1 1
mail/api-service/internal/app/app.go:25.63,27.3 1 0
mail/api-service/internal/app/app.go:28.2,28.12 1 0
mail/api-service/internal/delivery/grpc/init.go:20.67,23.16 2 1
mail/api-service/internal/delivery/grpc/init.go:23.16,26.3 2 0
mail/api-service/internal/delivery/grpc/init.go:27.2,31.16 4 1
mail/api-service/internal/delivery/grpc/init.go:31.16,34.3 2 0
mail/api-service/internal/delivery/grpc/init.go:35.2,41.8 3 1
mail/api-service/internal/delivery/httpserver/httpserver.go:22.114,27.50 5 1
mail/api-service/internal/delivery/httpserver/httpserver.go:27.50,29.3 1 0
mail/api-service/internal/delivery/httpserver/httpserver.go:30.2,30.12 1 0
mail/api-service/internal/delivery/httpserver/httpserver.go:33.119,59.2 18 1
mail/api-service/internal/models/user_model.go:48.38,51.2 2 0
mail/api-service/internal/models/user_model.go:53.36,56.2 2 0
mail/api-service/pkg/utils/error_response.go:9.86,18.2 5 0
mail/api-service/pkg/utils/hash.go:8.37,10.44 2 0
mail/api-service/pkg/utils/hash.go:10.44,12.3 1 0
mail/api-service/pkg/utils/hash.go:13.2,13.39 1 0
mail/api-service/pkg/utils/sanitize.go:7.34,10.2 2 0
mail/config/config.go:52.64,56.16 3 0
mail/config/config.go:56.16,58.3 1 0
mail/config/config.go:59.2,62.40 3 0
mail/config/config.go:62.40,64.3 1 0
mail/config/config.go:65.2,66.20 2 0
mail/service/postgres/init.go:11.48,17.16 4 1
mail/service/postgres/init.go:17.16,19.3 1 0
mail/service/postgres/init.go:21.2,21.16 1 1
mail/api-service/internal/delivery/httpserver/email/mocks/mock_auth.go:27.67,31.2 3 0
mail/api-service/internal/delivery/httpserver/email/mocks/mock_auth.go:34.65,36.2 1 0
mail/api-service/internal/delivery/httpserver/email/mocks/mock_auth.go:39.85,45.2 5 0
mail/api-service/internal/delivery/httpserver/email/mocks/mock_auth.go:50.84,55.2 4 0
mail/api-service/internal/delivery/httpserver/email/mocks/mock_auth.go:58.114,67.2 8 0
mail/api-service/internal/delivery/httpserver/email/mocks/mock_auth.go:70.83,73.2 2 0
mail/api-service/internal/delivery/httpserver/email/mocks/mock_auth.go:76.75,81.2 4 0
mail/api-service/internal/delivery/httpserver/email/mocks/mock_auth.go:84.84,87.2 2 0
mail/api-service/internal/delivery/httpserver/email/mocks/mock_auth.go:90.100,97.2 6 0
mail/api-service/internal/delivery/httpserver/email/mocks/mock_auth.go:100.85,103.2 2 0
mail/api-service/internal/delivery/httpserver/email/mocks/mock_email.go:27.69,31.2 3 0
mail/api-service/internal/delivery/httpserver/email/mocks/mock_email.go:34.67,36.2 1 0
mail/api-service/internal/delivery/httpserver/email/mocks/mock_email.go:39.86,44.2 4 0
mail/api-service/internal/delivery/httpserver/email/mocks/mock_email.go:47.107,50.2 2 0
mail/api-service/internal/delivery/httpserver/email/mocks/mock_email.go:53.68,58.2 4 0
mail/api-service/internal/delivery/httpserver/email/mocks/mock_email.go:61.91,64.2 2 0
mail/api-service/internal/delivery/httpserver/email/mocks/mock_email.go:67.66,72.2 4 0
mail/api-service/internal/delivery/httpserver/email/mocks/mock_email.go:75.85,78.2 2 0
mail/api-service/internal/delivery/httpserver/email/mocks/mock_email.go:81.73,86.2 4 0
mail/api-service/internal/delivery/httpserver/email/mocks/mock_email.go:89.98,92.2 2 0
mail/api-service/internal/delivery/httpserver/email/mocks/mock_email.go:95.83,100.2 4 0
mail/api-service/internal/delivery/httpserver/email/mocks/mock_email.go:103.102,106.2 2 0
mail/api-service/internal/delivery/httpserver/email/mocks/mock_email.go:109.73,114.2 4 0
mail/api-service/internal/delivery/httpserver/email/mocks/mock_email.go:117.98,120.2 2 0
mail/api-service/internal/delivery/httpserver/email/mocks/mock_email.go:123.122,128.2 4 0
mail/api-service/internal/delivery/httpserver/email/mocks/mock_email.go:131.109,134.2 2 0
mail/api-service/internal/delivery/httpserver/email/mocks/mock_email.go:137.71,143.2 5 0
mail/api-service/internal/delivery/httpserver/email/mocks/mock_email.go:146.83,149.2 2 0
mail/api-service/internal/delivery/httpserver/email/mocks/mock_email.go:152.94,158.2 5 0
mail/api-service/internal/delivery/httpserver/email/mocks/mock_email.go:161.101,164.2 2 0
mail/api-service/internal/delivery/httpserver/email/mocks/mock_email.go:167.71,173.2 5 0
mail/api-service/internal/delivery/httpserver/email/mocks/mock_email.go:176.84,179.2 2 0
mail/api-service/internal/delivery/httpserver/email/mocks/mock_email.go:182.86,188.2 5 0
mail/api-service/internal/delivery/httpserver/email/mocks/mock_email.go:191.93,194.2 2 0
mail/api-service/internal/delivery/httpserver/email/mocks/mock_email.go:197.69,203.2 5 0
mail/api-service/internal/delivery/httpserver/email/mocks/mock_email.go:206.76,209.2 2 0
mail/api-service/internal/delivery/httpserver/email/mocks/mock_email.go:212.88,217.2 4 0
mail/api-service/internal/delivery/httpserver/email/mocks/mock_email.go:220.113,223.2 2 0
mail/api-service/internal/delivery/httpserver/email/mocks/mock_email.go:226.129,231.2 4 0
mail/api-service/internal/delivery/httpserver/email/mocks/mock_email.go:234.118,237.2 2 0
mail/api-service/internal/delivery/httpserver/email/mocks/mock_email.go:240.64,245.2 4 0
mail/api-service/internal/delivery/httpserver/email/mocks/mock_email.go:248.83,251.2 2 0
mail/api-service/internal/delivery/httpserver/email/mocks/mock_email.go:254.64,259.2 4 0
mail/api-service/internal/delivery/httpserver/email/mocks/mock_email.go:262.83,265.2 2 0
mail/api-service/internal/delivery/httpserver/email/mocks/mock_email.go:268.113,273.2 4 0
mail/api-service/internal/delivery/httpserver/email/mocks/mock_email.go:276.106,279.2 2 0
mail/api-service/internal/delivery/httpserver/email/mocks/mock_email.go:282.66,287.2 4 0
mail/api-service/internal/delivery/httpserver/email/mocks/mock_email.go:290.85,293.2 2 0
mail/api-service/internal/delivery/httpserver/email/mocks/mock_logger.go:25.59,29.2 3 0
mail/api-service/internal/delivery/httpserver/email/mocks/mock_logger.go:32.57,34.2 1 0
mail/api-service/internal/delivery/httpserver/email/mocks/mock_logger.go:37.55,40.25 3 0
mail/api-service/internal/delivery/httpserver/email/mocks/mock_logger.go:40.25,42.3 1 0
mail/api-service/internal/delivery/httpserver/email/mocks/mock_logger.go:43.2,43.37 1 0
mail/api-service/internal/delivery/httpserver/email/mocks/mock_logger.go:48.55,51.25 3 0
mail/api-service/internal/delivery/httpserver/email/mocks/mock_logger.go:51.25,53.3 1 0
mail/api-service/internal/delivery/httpserver/email/mocks/mock_logger.go:54.2,54.37 1 0
mail/api-service/internal/delivery/httpserver/email/mocks/mock_logger.go:58.94,62.2 3 0
mail/api-service/internal/delivery/httpserver/email/mocks/mock_logger.go:65.54,68.25 3 0
mail/api-service/internal/delivery/httpserver/email/mocks/mock_logger.go:68.25,70.3 1 0
mail/api-service/internal/delivery/httpserver/email/mocks/mock_logger.go:71.2,71.36 1 0
mail/api-service/internal/delivery/httpserver/email/mocks/mock_logger.go:75.93,79.2 3 0
mail/api-service/internal/delivery/httpserver/email/mocks/mock_logger.go:82.54,85.25 3 0
mail/api-service/internal/delivery/httpserver/email/mocks/mock_logger.go:85.25,87.3 1 0
mail/api-service/internal/delivery/httpserver/email/mocks/mock_logger.go:88.2,88.36 1 0
mail/api-service/internal/delivery/httpserver/email/mocks/mock_user.go:25.67,29.2 3 0
mail/api-service/internal/delivery/httpserver/email/mocks/mock_user.go:32.65,34.2 1 0
mail/api-service/internal/delivery/httpserver/email/mocks/mock_user.go:37.80,42.2 4 0
mail/api-service/internal/delivery/httpserver/email/mocks/mock_user.go:45.98,48.2 2 0
mail/api-service/internal/delivery/httpserver/email/mocks/mock_user.go:51.64,56.2 4 0
mail/api-service/internal/delivery/httpserver/email/mocks/mock_user.go:59.89,62.2 2 0
mail/api-service/internal/delivery/httpserver/email/mocks/mock_user.go:65.72,70.2 4 0
mail/api-service/internal/delivery/httpserver/email/mocks/mock_user.go:73.97,76.2 2 0
mail/api-service/internal/delivery/httpserver/email/mocks/mock_user.go:79.75,86.2 6 0
mail/api-service/internal/delivery/httpserver/email/mocks/mock_user.go:89.82,92.2 2 0
mail/api-service/internal/delivery/httpserver/email/mocks/mock_user.go:106.73,110.2 3 0
mail/api-service/internal/delivery/httpserver/email/mocks/mock_user.go:113.71,115.2 1 0
mail/api-service/internal/delivery/httpserver/auth/LoginHandler.go:12.76,16.16 3 1
mail/api-service/internal/delivery/httpserver/auth/LoginHandler.go:16.16,19.3 2 1
mail/api-service/internal/delivery/httpserver/auth/LoginHandler.go:21.2,24.39 3 1
mail/api-service/internal/delivery/httpserver/auth/LoginHandler.go:24.39,27.3 2 1
mail/api-service/internal/delivery/httpserver/auth/LoginHandler.go:29.2,29.42 1 1
mail/api-service/internal/delivery/httpserver/auth/LoginHandler.go:29.42,32.3 2 0
mail/api-service/internal/delivery/httpserver/auth/LoginHandler.go:33.2,37.16 4 1
mail/api-service/internal/delivery/httpserver/auth/LoginHandler.go:37.16,40.3 2 1
mail/api-service/internal/delivery/httpserver/auth/LoginHandler.go:42.2,43.31 2 1
mail/api-service/internal/delivery/httpserver/auth/LoginHandler.go:43.31,45.3 1 0
mail/api-service/internal/delivery/httpserver/auth/LoginHandler.go:47.2,48.16 2 1
mail/api-service/internal/delivery/httpserver/auth/LoginHandler.go:48.16,51.3 2 0
mail/api-service/internal/delivery/httpserver/auth/LoginHandler.go:53.2,71.17 7 1
mail/api-service/internal/delivery/httpserver/auth/LogoutHandler.go:10.77,12.21 2 1
mail/api-service/internal/delivery/httpserver/auth/LogoutHandler.go:12.21,15.3 2 1
mail/api-service/internal/delivery/httpserver/auth/LogoutHandler.go:16.2,22.16 5 1
mail/api-service/internal/delivery/httpserver/auth/LogoutHandler.go:22.16,25.3 2 1
mail/api-service/internal/delivery/httpserver/auth/LogoutHandler.go:27.2,33.30 3 1
mail/api-service/internal/delivery/httpserver/auth/SignupHandler.go:12.77,16.16 3 1
mail/api-service/internal/delivery/httpserver/auth/SignupHandler.go:16.16,19.3 2 1
mail/api-service/internal/delivery/httpserver/auth/SignupHandler.go:21.2,26.40 5 1
mail/api-service/internal/delivery/httpserver/auth/SignupHandler.go:26.40,29.3 2 1
mail/api-service/internal/delivery/httpserver/auth/SignupHandler.go:31.2,31.123 1 1
mail/api-service/internal/delivery/httpserver/auth/SignupHandler.go:31.123,34.3 2 0
mail/api-service/internal/delivery/httpserver/auth/SignupHandler.go:36.2,36.42 1 1
mail/api-service/internal/delivery/httpserver/auth/SignupHandler.go:36.42,39.3 2 1
mail/api-service/internal/delivery/httpserver/auth/SignupHandler.go:41.2,46.16 4 1
mail/api-service/internal/delivery/httpserver/auth/SignupHandler.go:46.16,49.3 2 1
mail/api-service/internal/delivery/httpserver/auth/SignupHandler.go:51.2,67.30 6 1
mail/api-service/internal/delivery/httpserver/auth/auth_router.go:13.55,15.2 1 1
mail/api-service/internal/delivery/httpserver/auth/auth_router.go:17.60,21.2 3 1
mail/api-service/internal/delivery/httpserver/email/mocks/mock_auth.go:27.67,31.2 3 1
mail/api-service/internal/delivery/httpserver/email/mocks/mock_auth.go:34.65,36.2 1 1
mail/api-service/internal/delivery/httpserver/email/mocks/mock_auth.go:39.85,45.2 5 0
mail/api-service/internal/delivery/httpserver/email/mocks/mock_auth.go:50.84,55.2 4 0
mail/api-service/internal/delivery/httpserver/email/mocks/mock_auth.go:58.114,67.2 8 1
mail/api-service/internal/delivery/httpserver/email/mocks/mock_auth.go:70.83,73.2 2 1
mail/api-service/internal/delivery/httpserver/email/mocks/mock_auth.go:76.75,81.2 4 1
mail/api-service/internal/delivery/httpserver/email/mocks/mock_auth.go:84.84,87.2 2 1
mail/api-service/internal/delivery/httpserver/email/mocks/mock_auth.go:90.100,97.2 6 1
mail/api-service/internal/delivery/httpserver/email/mocks/mock_auth.go:100.85,103.2 2 1
mail/api-service/internal/delivery/httpserver/email/mocks/mock_email.go:27.69,31.2 3 0
mail/api-service/internal/delivery/httpserver/email/mocks/mock_email.go:34.67,36.2 1 0
mail/api-service/internal/delivery/httpserver/email/mocks/mock_email.go:39.86,44.2 4 0
mail/api-service/internal/delivery/httpserver/email/mocks/mock_email.go:47.107,50.2 2 0
mail/api-service/internal/delivery/httpserver/email/mocks/mock_email.go:53.68,58.2 4 0
mail/api-service/internal/delivery/httpserver/email/mocks/mock_email.go:61.91,64.2 2 0
mail/api-service/internal/delivery/httpserver/email/mocks/mock_email.go:67.66,72.2 4 0
mail/api-service/internal/delivery/httpserver/email/mocks/mock_email.go:75.85,78.2 2 0
mail/api-service/internal/delivery/httpserver/email/mocks/mock_email.go:81.73,86.2 4 0
mail/api-service/internal/delivery/httpserver/email/mocks/mock_email.go:89.98,92.2 2 0
mail/api-service/internal/delivery/httpserver/email/mocks/mock_email.go:95.83,100.2 4 0
mail/api-service/internal/delivery/httpserver/email/mocks/mock_email.go:103.102,106.2 2 0
mail/api-service/internal/delivery/httpserver/email/mocks/mock_email.go:109.73,114.2 4 0
mail/api-service/internal/delivery/httpserver/email/mocks/mock_email.go:117.98,120.2 2 0
mail/api-service/internal/delivery/httpserver/email/mocks/mock_email.go:123.122,128.2 4 0
mail/api-service/internal/delivery/httpserver/email/mocks/mock_email.go:131.109,134.2 2 0
mail/api-service/internal/delivery/httpserver/email/mocks/mock_email.go:137.71,143.2 5 0
mail/api-service/internal/delivery/httpserver/email/mocks/mock_email.go:146.83,149.2 2 0
mail/api-service/internal/delivery/httpserver/email/mocks/mock_email.go:152.94,158.2 5 0
mail/api-service/internal/delivery/httpserver/email/mocks/mock_email.go:161.101,164.2 2 0
mail/api-service/internal/delivery/httpserver/email/mocks/mock_email.go:167.71,173.2 5 0
mail/api-service/internal/delivery/httpserver/email/mocks/mock_email.go:176.84,179.2 2 0
mail/api-service/internal/delivery/httpserver/email/mocks/mock_email.go:182.86,188.2 5 0
mail/api-service/internal/delivery/httpserver/email/mocks/mock_email.go:191.93,194.2 2 0
mail/api-service/internal/delivery/httpserver/email/mocks/mock_email.go:197.69,203.2 5 0
mail/api-service/internal/delivery/httpserver/email/mocks/mock_email.go:206.76,209.2 2 0
mail/api-service/internal/delivery/httpserver/email/mocks/mock_email.go:212.88,217.2 4 0
mail/api-service/internal/delivery/httpserver/email/mocks/mock_email.go:220.113,223.2 2 0
mail/api-service/internal/delivery/httpserver/email/mocks/mock_email.go:226.129,231.2 4 0
mail/api-service/internal/delivery/httpserver/email/mocks/mock_email.go:234.118,237.2 2 0
mail/api-service/internal/delivery/httpserver/email/mocks/mock_email.go:240.64,245.2 4 0
mail/api-service/internal/delivery/httpserver/email/mocks/mock_email.go:248.83,251.2 2 0
mail/api-service/internal/delivery/httpserver/email/mocks/mock_email.go:254.64,259.2 4 0
mail/api-service/internal/delivery/httpserver/email/mocks/mock_email.go:262.83,265.2 2 0
mail/api-service/internal/delivery/httpserver/email/mocks/mock_email.go:268.113,273.2 4 0
mail/api-service/internal/delivery/httpserver/email/mocks/mock_email.go:276.106,279.2 2 0
mail/api-service/internal/delivery/httpserver/email/mocks/mock_email.go:282.66,287.2 4 0
mail/api-service/internal/delivery/httpserver/email/mocks/mock_email.go:290.85,293.2 2 0
mail/api-service/internal/delivery/httpserver/email/mocks/mock_logger.go:25.59,29.2 3 0
mail/api-service/internal/delivery/httpserver/email/mocks/mock_logger.go:32.57,34.2 1 0
mail/api-service/internal/delivery/httpserver/email/mocks/mock_logger.go:37.55,40.25 3 0
mail/api-service/internal/delivery/httpserver/email/mocks/mock_logger.go:40.25,42.3 1 0
mail/api-service/internal/delivery/httpserver/email/mocks/mock_logger.go:43.2,43.37 1 0
mail/api-service/internal/delivery/httpserver/email/mocks/mock_logger.go:48.55,51.25 3 0
mail/api-service/internal/delivery/httpserver/email/mocks/mock_logger.go:51.25,53.3 1 0
mail/api-service/internal/delivery/httpserver/email/mocks/mock_logger.go:54.2,54.37 1 0
mail/api-service/internal/delivery/httpserver/email/mocks/mock_logger.go:58.94,62.2 3 0
mail/api-service/internal/delivery/httpserver/email/mocks/mock_logger.go:65.54,68.25 3 0
mail/api-service/internal/delivery/httpserver/email/mocks/mock_logger.go:68.25,70.3 1 0
mail/api-service/internal/delivery/httpserver/email/mocks/mock_logger.go:71.2,71.36 1 0
mail/api-service/internal/delivery/httpserver/email/mocks/mock_logger.go:75.93,79.2 3 0
mail/api-service/internal/delivery/httpserver/email/mocks/mock_logger.go:82.54,85.25 3 0
mail/api-service/internal/delivery/httpserver/email/mocks/mock_logger.go:85.25,87.3 1 0
mail/api-service/internal/delivery/httpserver/email/mocks/mock_logger.go:88.2,88.36 1 0
mail/api-service/internal/delivery/httpserver/email/mocks/mock_user.go:25.67,29.2 3 0
mail/api-service/internal/delivery/httpserver/email/mocks/mock_user.go:32.65,34.2 1 0
mail/api-service/internal/delivery/httpserver/email/mocks/mock_user.go:37.80,42.2 4 0
mail/api-service/internal/delivery/httpserver/email/mocks/mock_user.go:45.98,48.2 2 0
mail/api-service/internal/delivery/httpserver/email/mocks/mock_user.go:51.64,56.2 4 0
mail/api-service/internal/delivery/httpserver/email/mocks/mock_user.go:59.89,62.2 2 0
mail/api-service/internal/delivery/httpserver/email/mocks/mock_user.go:65.72,70.2 4 0
mail/api-service/internal/delivery/httpserver/email/mocks/mock_user.go:73.97,76.2 2 0
mail/api-service/internal/delivery/httpserver/email/mocks/mock_user.go:79.75,86.2 6 0
mail/api-service/internal/delivery/httpserver/email/mocks/mock_user.go:89.82,92.2 2 0
mail/api-service/internal/delivery/httpserver/email/mocks/mock_user.go:106.73,110.2 3 0
mail/api-service/internal/delivery/httpserver/email/mocks/mock_user.go:113.71,115.2 1 0
mail/api-service/internal/models/user_model.go:48.38,51.2 2 1
mail/api-service/internal/models/user_model.go:53.36,56.2 2 1
mail/api-service/pkg/utils/error_response.go:9.86,18.2 5 1
mail/api-service/pkg/utils/hash.go:8.37,10.44 2 0
mail/api-service/pkg/utils/hash.go:10.44,12.3 1 0
mail/api-service/pkg/utils/hash.go:13.2,13.39 1 0
mail/api-service/pkg/utils/sanitize.go:7.34,10.2 2 1
mail/api-service/internal/delivery/httpserver/email/InboxHandler.go:9.77,11.21 2 1
mail/api-service/internal/delivery/httpserver/email/InboxHandler.go:11.21,14.3 2 1
mail/api-service/internal/delivery/httpserver/email/InboxHandler.go:16.2,18.16 3 1
mail/api-service/internal/delivery/httpserver/email/InboxHandler.go:18.16,21.3 2 0
mail/api-service/internal/delivery/httpserver/email/InboxHandler.go:23.2,24.16 2 1
mail/api-service/internal/delivery/httpserver/email/InboxHandler.go:24.16,27.3 2 0
mail/api-service/internal/delivery/httpserver/email/InboxHandler.go:29.2,31.17 3 1
mail/api-service/internal/delivery/httpserver/email/changeEmailFolderHandler.go:12.89,14.21 2 1
mail/api-service/internal/delivery/httpserver/email/changeEmailFolderHandler.go:14.21,17.3 2 1
mail/api-service/internal/delivery/httpserver/email/changeEmailFolderHandler.go:18.2,22.9 4 1
mail/api-service/internal/delivery/httpserver/email/changeEmailFolderHandler.go:22.9,25.3 2 0
mail/api-service/internal/delivery/httpserver/email/changeEmailFolderHandler.go:26.2,27.16 2 1
mail/api-service/internal/delivery/httpserver/email/changeEmailFolderHandler.go:27.16,30.3 2 1
mail/api-service/internal/delivery/httpserver/email/changeEmailFolderHandler.go:32.2,35.16 3 1
mail/api-service/internal/delivery/httpserver/email/changeEmailFolderHandler.go:35.16,38.3 2 0
mail/api-service/internal/delivery/httpserver/email/changeEmailFolderHandler.go:40.2,43.16 3 1
mail/api-service/internal/delivery/httpserver/email/changeEmailFolderHandler.go:43.16,46.3 2 1
mail/api-service/internal/delivery/httpserver/email/changeEmailFolderHandler.go:48.2,49.30 2 1
mail/api-service/internal/delivery/httpserver/email/createDraftHandler.go:13.83,15.21 2 1
mail/api-service/internal/delivery/httpserver/email/createDraftHandler.go:15.21,18.3 2 1
mail/api-service/internal/delivery/httpserver/email/createDraftHandler.go:19.2,22.61 3 1
mail/api-service/internal/delivery/httpserver/email/createDraftHandler.go:22.61,25.3 2 1
mail/api-service/internal/delivery/httpserver/email/createDraftHandler.go:27.2,27.23 1 1
mail/api-service/internal/delivery/httpserver/email/createDraftHandler.go:27.23,39.17 3 1
mail/api-service/internal/delivery/httpserver/email/createDraftHandler.go:39.17,42.4 2 1
mail/api-service/internal/delivery/httpserver/email/createDraftHandler.go:44.8,46.17 2 1
mail/api-service/internal/delivery/httpserver/email/createDraftHandler.go:46.17,49.4 2 1
mail/api-service/internal/delivery/httpserver/email/createDraftHandler.go:51.3,51.42 1 1
mail/api-service/internal/delivery/httpserver/email/createDraftHandler.go:51.42,63.18 3 1
mail/api-service/internal/delivery/httpserver/email/createDraftHandler.go:63.18,66.5 2 1
mail/api-service/internal/delivery/httpserver/email/createDraftHandler.go:68.9,68.50 1 1
mail/api-service/internal/delivery/httpserver/email/createDraftHandler.go:68.50,80.18 3 1
mail/api-service/internal/delivery/httpserver/email/createDraftHandler.go:80.18,83.5 2 1
mail/api-service/internal/delivery/httpserver/email/createDraftHandler.go:85.9,88.4 2 0
mail/api-service/internal/delivery/httpserver/email/createDraftHandler.go:91.2,93.67 3 1
mail/api-service/internal/delivery/httpserver/email/createFolderHandler.go:10.84,12.21 2 1
mail/api-service/internal/delivery/httpserver/email/createFolderHandler.go:12.21,15.3 2 1
mail/api-service/internal/delivery/httpserver/email/createFolderHandler.go:16.2,21.16 4 1
mail/api-service/internal/delivery/httpserver/email/createFolderHandler.go:21.16,24.3 2 0
mail/api-service/internal/delivery/httpserver/email/createFolderHandler.go:26.2,28.40 2 1
mail/api-service/internal/delivery/httpserver/email/createFolderHandler.go:28.40,31.3 2 0
mail/api-service/internal/delivery/httpserver/email/createFolderHandler.go:33.2,34.16 2 1
mail/api-service/internal/delivery/httpserver/email/createFolderHandler.go:34.16,37.3 2 1
mail/api-service/internal/delivery/httpserver/email/createFolderHandler.go:39.2,40.30 2 1
mail/api-service/internal/delivery/httpserver/email/deleteEmailsHandler.go:15.84,17.21 2 1
mail/api-service/internal/delivery/httpserver/email/deleteEmailsHandler.go:17.21,20.3 2 1
mail/api-service/internal/delivery/httpserver/email/deleteEmailsHandler.go:21.2,24.65 3 1
mail/api-service/internal/delivery/httpserver/email/deleteEmailsHandler.go:24.65,27.3 2 0
mail/api-service/internal/delivery/httpserver/email/deleteEmailsHandler.go:29.2,29.27 1 1
mail/api-service/internal/delivery/httpserver/email/deleteEmailsHandler.go:29.27,32.3 2 1
mail/api-service/internal/delivery/httpserver/email/deleteEmailsHandler.go:34.2,35.36 2 1
mail/api-service/internal/delivery/httpserver/email/deleteEmailsHandler.go:35.36,37.17 2 1
mail/api-service/internal/delivery/httpserver/email/deleteEmailsHandler.go:37.17,40.4 2 1
mail/api-service/internal/delivery/httpserver/email/deleteEmailsHandler.go:41.3,41.24 1 1
mail/api-service/internal/delivery/httpserver/email/deleteEmailsHandler.go:44.2,44.69 1 1
mail/api-service/internal/delivery/httpserver/email/deleteEmailsHandler.go:44.69,47.3 2 1
mail/api-service/internal/delivery/httpserver/email/deleteEmailsHandler.go:49.2,49.37 1 1
mail/api-service/internal/delivery/httpserver/email/deleteFolderHandler.go:10.84,12.21 2 1
mail/api-service/internal/delivery/httpserver/email/deleteFolderHandler.go:12.21,15.3 2 1
mail/api-service/internal/delivery/httpserver/email/deleteFolderHandler.go:16.2,21.16 4 1
mail/api-service/internal/delivery/httpserver/email/deleteFolderHandler.go:21.16,24.3 2 1
mail/api-service/internal/delivery/httpserver/email/deleteFolderHandler.go:26.2,28.40 2 1
mail/api-service/internal/delivery/httpserver/email/deleteFolderHandler.go:28.40,31.3 2 0
mail/api-service/internal/delivery/httpserver/email/deleteFolderHandler.go:33.2,34.16 2 1
mail/api-service/internal/delivery/httpserver/email/deleteFolderHandler.go:34.16,37.3 2 1
mail/api-service/internal/delivery/httpserver/email/deleteFolderHandler.go:39.2,40.30 2 1
mail/api-service/internal/delivery/httpserver/email/email_router.go:14.58,16.2 1 1
mail/api-service/internal/delivery/httpserver/email/email_router.go:18.62,34.2 15 1
mail/api-service/internal/delivery/httpserver/email/folderEmailsHandler.go:10.84,12.21 2 1
mail/api-service/internal/delivery/httpserver/email/folderEmailsHandler.go:12.21,15.3 2 1
mail/api-service/internal/delivery/httpserver/email/folderEmailsHandler.go:16.2,21.16 4 1
mail/api-service/internal/delivery/httpserver/email/folderEmailsHandler.go:21.16,24.3 2 1
mail/api-service/internal/delivery/httpserver/email/folderEmailsHandler.go:26.2,27.16 2 1
mail/api-service/internal/delivery/httpserver/email/folderEmailsHandler.go:27.16,30.3 2 1
mail/api-service/internal/delivery/httpserver/email/folderEmailsHandler.go:32.2,33.16 2 1
mail/api-service/internal/delivery/httpserver/email/folderEmailsHandler.go:33.16,36.3 2 0
mail/api-service/internal/delivery/httpserver/email/folderEmailsHandler.go:38.2,40.17 3 1
mail/api-service/internal/delivery/httpserver/email/foldersHandler.go:9.79,11.21 2 1
mail/api-service/internal/delivery/httpserver/email/foldersHandler.go:11.21,14.3 2 1
mail/api-service/internal/delivery/httpserver/email/foldersHandler.go:15.2,18.16 3 1
mail/api-service/internal/delivery/httpserver/email/foldersHandler.go:18.16,21.3 2 1
mail/api-service/internal/delivery/httpserver/email/foldersHandler.go:23.2,24.16 2 1
mail/api-service/internal/delivery/httpserver/email/foldersHandler.go:24.16,27.3 2 0
mail/api-service/internal/delivery/httpserver/email/foldersHandler.go:29.2,31.17 3 1
mail/api-service/internal/delivery/httpserver/email/renameFolderHandler.go:10.84,12.21 2 1
mail/api-service/internal/delivery/httpserver/email/renameFolderHandler.go:12.21,15.3 2 1
mail/api-service/internal/delivery/httpserver/email/renameFolderHandler.go:16.2,21.16 4 1
mail/api-service/internal/delivery/httpserver/email/renameFolderHandler.go:21.16,24.3 2 1
mail/api-service/internal/delivery/httpserver/email/renameFolderHandler.go:26.2,30.16 4 1
mail/api-service/internal/delivery/httpserver/email/renameFolderHandler.go:30.16,33.3 2 1
mail/api-service/internal/delivery/httpserver/email/renameFolderHandler.go:35.2,36.30 2 1
mail/api-service/internal/delivery/httpserver/email/sendDraftHandler.go:13.81,15.21 2 1
mail/api-service/internal/delivery/httpserver/email/sendDraftHandler.go:15.21,18.3 2 1
mail/api-service/internal/delivery/httpserver/email/sendDraftHandler.go:19.2,22.61 3 1
mail/api-service/internal/delivery/httpserver/email/sendDraftHandler.go:22.61,25.3 2 0
mail/api-service/internal/delivery/httpserver/email/sendDraftHandler.go:27.2,27.23 1 1
mail/api-service/internal/delivery/httpserver/email/sendDraftHandler.go:27.23,40.17 3 1
mail/api-service/internal/delivery/httpserver/email/sendDraftHandler.go:40.17,43.4 2 1
mail/api-service/internal/delivery/httpserver/email/sendDraftHandler.go:44.3,52.4 3 1
mail/api-service/internal/delivery/httpserver/email/sendDraftHandler.go:53.8,55.17 2 1
mail/api-service/internal/delivery/httpserver/email/sendDraftHandler.go:55.17,58.4 2 1
mail/api-service/internal/delivery/httpserver/email/sendDraftHandler.go:60.3,60.42 1 1
mail/api-service/internal/delivery/httpserver/email/sendDraftHandler.go:60.42,73.18 3 1
mail/api-service/internal/delivery/httpserver/email/sendDraftHandler.go:73.18,76.5 2 0
mail/api-service/internal/delivery/httpserver/email/sendDraftHandler.go:77.4,85.5 3 1
mail/api-service/internal/delivery/httpserver/email/sendDraftHandler.go:86.9,86.50 1 1
mail/api-service/internal/delivery/httpserver/email/sendDraftHandler.go:86.50,99.18 3 1
mail/api-service/internal/delivery/httpserver/email/sendDraftHandler.go:99.18,102.5 2 0
mail/api-service/internal/delivery/httpserver/email/sendDraftHandler.go:104.4,112.5 4 1
mail/api-service/internal/delivery/httpserver/email/sendDraftHandler.go:113.9,116.4 2 0
mail/api-service/internal/delivery/httpserver/email/sendDraftHandler.go:119.2,121.67 3 1
mail/api-service/internal/delivery/httpserver/email/sendEmailHandler.go:14.81,16.21 2 1
mail/api-service/internal/delivery/httpserver/email/sendEmailHandler.go:16.21,19.3 2 1
mail/api-service/internal/delivery/httpserver/email/sendEmailHandler.go:20.2,23.61 3 1
mail/api-service/internal/delivery/httpserver/email/sendEmailHandler.go:23.61,26.3 2 1
mail/api-service/internal/delivery/httpserver/email/sendEmailHandler.go:28.2,28.23 1 1
mail/api-service/internal/delivery/httpserver/email/sendEmailHandler.go:28.23,40.17 3 1
mail/api-service/internal/delivery/httpserver/email/sendEmailHandler.go:40.17,43.4 2 0
mail/api-service/internal/delivery/httpserver/email/sendEmailHandler.go:44.3,52.4 3 1
mail/api-service/internal/delivery/httpserver/email/sendEmailHandler.go:53.8,55.17 2 1
mail/api-service/internal/delivery/httpserver/email/sendEmailHandler.go:55.17,58.4 2 1
mail/api-service/internal/delivery/httpserver/email/sendEmailHandler.go:60.3,60.42 1 1
mail/api-service/internal/delivery/httpserver/email/sendEmailHandler.go:60.42,72.18 3 1
mail/api-service/internal/delivery/httpserver/email/sendEmailHandler.go:72.18,75.5 2 1
mail/api-service/internal/delivery/httpserver/email/sendEmailHandler.go:76.4,84.5 3 1
mail/api-service/internal/delivery/httpserver/email/sendEmailHandler.go:85.9,85.50 1 1
mail/api-service/internal/delivery/httpserver/email/sendEmailHandler.go:85.50,97.18 3 1
mail/api-service/internal/delivery/httpserver/email/sendEmailHandler.go:97.18,100.5 2 1
mail/api-service/internal/delivery/httpserver/email/sendEmailHandler.go:102.4,110.5 4 1
mail/api-service/internal/delivery/httpserver/email/sendEmailHandler.go:111.9,114.4 2 1
mail/api-service/internal/delivery/httpserver/email/sendEmailHandler.go:117.2,119.67 3 1
mail/api-service/internal/delivery/httpserver/email/sentEmailHandler.go:9.82,11.21 2 1
mail/api-service/internal/delivery/httpserver/email/sentEmailHandler.go:11.21,14.3 2 1
mail/api-service/internal/delivery/httpserver/email/sentEmailHandler.go:16.2,17.16 2 1
mail/api-service/internal/delivery/httpserver/email/sentEmailHandler.go:17.16,20.3 2 1
mail/api-service/internal/delivery/httpserver/email/sentEmailHandler.go:22.2,24.35 3 1
mail/api-service/internal/delivery/httpserver/email/singleEmailHandler.go:13.83,15.21 2 1
mail/api-service/internal/delivery/httpserver/email/singleEmailHandler.go:15.21,18.3 2 1
mail/api-service/internal/delivery/httpserver/email/singleEmailHandler.go:20.2,22.9 3 1
mail/api-service/internal/delivery/httpserver/email/singleEmailHandler.go:22.9,25.3 2 1
mail/api-service/internal/delivery/httpserver/email/singleEmailHandler.go:27.2,28.16 2 1
mail/api-service/internal/delivery/httpserver/email/singleEmailHandler.go:28.16,31.3 2 1
mail/api-service/internal/delivery/httpserver/email/singleEmailHandler.go:33.2,34.16 2 1
mail/api-service/internal/delivery/httpserver/email/singleEmailHandler.go:34.16,37.3 2 1
mail/api-service/internal/delivery/httpserver/email/singleEmailHandler.go:39.2,41.25 2 1
mail/api-service/internal/delivery/httpserver/email/singleEmailHandler.go:41.25,43.17 2 1
mail/api-service/internal/delivery/httpserver/email/singleEmailHandler.go:43.17,45.4 1 1
mail/api-service/internal/delivery/httpserver/email/singleEmailHandler.go:48.2,49.16 2 1
mail/api-service/internal/delivery/httpserver/email/singleEmailHandler.go:49.16,52.3 2 0
mail/api-service/internal/delivery/httpserver/email/singleEmailHandler.go:54.2,56.17 3 1
mail/api-service/internal/delivery/httpserver/email/statusHandler.go:16.83,18.21 2 1
mail/api-service/internal/delivery/httpserver/email/statusHandler.go:18.21,21.3 2 1
mail/api-service/internal/delivery/httpserver/email/statusHandler.go:23.2,25.9 3 1
mail/api-service/internal/delivery/httpserver/email/statusHandler.go:25.9,28.3 2 1
mail/api-service/internal/delivery/httpserver/email/statusHandler.go:29.2,30.16 2 1
mail/api-service/internal/delivery/httpserver/email/statusHandler.go:30.16,33.3 2 1
mail/api-service/internal/delivery/httpserver/email/statusHandler.go:35.2,37.16 3 1
mail/api-service/internal/delivery/httpserver/email/statusHandler.go:37.16,40.3 2 1
mail/api-service/internal/delivery/httpserver/email/statusHandler.go:41.2,44.16 3 1
mail/api-service/internal/delivery/httpserver/email/statusHandler.go:44.16,47.3 2 1
mail/api-service/internal/delivery/httpserver/email/statusHandler.go:49.2,50.30 2 1
mail/api-service/internal/delivery/httpserver/email/updateDraftHandler.go:10.83,12.21 2 1
mail/api-service/internal/delivery/httpserver/email/updateDraftHandler.go:12.21,15.3 2 1
mail/api-service/internal/delivery/httpserver/email/updateDraftHandler.go:17.2,20.16 3 1
mail/api-service/internal/delivery/httpserver/email/updateDraftHandler.go:20.16,23.3 2 1
mail/api-service/internal/delivery/httpserver/email/updateDraftHandler.go:25.2,30.16 5 1
mail/api-service/internal/delivery/httpserver/email/updateDraftHandler.go:30.16,33.3 2 1
mail/api-service/internal/delivery/httpserver/email/updateDraftHandler.go:35.2,36.30 2 1
mail/api-service/internal/delivery/httpserver/email/mocks/mock_auth.go:27.67,31.2 3 0
mail/api-service/internal/delivery/httpserver/email/mocks/mock_auth.go:34.65,36.2 1 0
mail/api-service/internal/delivery/httpserver/email/mocks/mock_auth.go:39.85,45.2 5 0
mail/api-service/internal/delivery/httpserver/email/mocks/mock_auth.go:50.84,55.2 4 0
mail/api-service/internal/delivery/httpserver/email/mocks/mock_auth.go:58.114,67.2 8 0
mail/api-service/internal/delivery/httpserver/email/mocks/mock_auth.go:70.83,73.2 2 0
mail/api-service/internal/delivery/httpserver/email/mocks/mock_auth.go:76.75,81.2 4 0
mail/api-service/internal/delivery/httpserver/email/mocks/mock_auth.go:84.84,87.2 2 0
mail/api-service/internal/delivery/httpserver/email/mocks/mock_auth.go:90.100,97.2 6 0
mail/api-service/internal/delivery/httpserver/email/mocks/mock_auth.go:100.85,103.2 2 0
mail/api-service/internal/delivery/httpserver/email/mocks/mock_email.go:27.69,31.2 3 1
mail/api-service/internal/delivery/httpserver/email/mocks/mock_email.go:34.67,36.2 1 1
mail/api-service/internal/delivery/httpserver/email/mocks/mock_email.go:39.86,44.2 4 1
mail/api-service/internal/delivery/httpserver/email/mocks/mock_email.go:47.107,50.2 2 1
mail/api-service/internal/delivery/httpserver/email/mocks/mock_email.go:53.68,58.2 4 1
mail/api-service/internal/delivery/httpserver/email/mocks/mock_email.go:61.91,64.2 2 1
mail/api-service/internal/delivery/httpserver/email/mocks/mock_email.go:67.66,72.2 4 1
mail/api-service/internal/delivery/httpserver/email/mocks/mock_email.go:75.85,78.2 2 1
mail/api-service/internal/delivery/httpserver/email/mocks/mock_email.go:81.73,86.2 4 1
mail/api-service/internal/delivery/httpserver/email/mocks/mock_email.go:89.98,92.2 2 1
mail/api-service/internal/delivery/httpserver/email/mocks/mock_email.go:95.83,100.2 4 1
mail/api-service/internal/delivery/httpserver/email/mocks/mock_email.go:103.102,106.2 2 1
mail/api-service/internal/delivery/httpserver/email/mocks/mock_email.go:109.73,114.2 4 1
mail/api-service/internal/delivery/httpserver/email/mocks/mock_email.go:117.98,120.2 2 1
mail/api-service/internal/delivery/httpserver/email/mocks/mock_email.go:123.122,128.2 4 1
mail/api-service/internal/delivery/httpserver/email/mocks/mock_email.go:131.109,134.2 2 1
mail/api-service/internal/delivery/httpserver/email/mocks/mock_email.go:137.71,143.2 5 1
mail/api-service/internal/delivery/httpserver/email/mocks/mock_email.go:146.83,149.2 2 1
mail/api-service/internal/delivery/httpserver/email/mocks/mock_email.go:152.94,158.2 5 1
mail/api-service/internal/delivery/httpserver/email/mocks/mock_email.go:161.101,164.2 2 1
mail/api-service/internal/delivery/httpserver/email/mocks/mock_email.go:167.71,173.2 5 1
mail/api-service/internal/delivery/httpserver/email/mocks/mock_email.go:176.84,179.2 2 1
mail/api-service/internal/delivery/httpserver/email/mocks/mock_email.go:182.86,188.2 5 1
mail/api-service/internal/delivery/httpserver/email/mocks/mock_email.go:191.93,194.2 2 1
mail/api-service/internal/delivery/httpserver/email/mocks/mock_email.go:197.69,203.2 5 1
mail/api-service/internal/delivery/httpserver/email/mocks/mock_email.go:206.76,209.2 2 1
mail/api-service/internal/delivery/httpserver/email/mocks/mock_email.go:212.88,217.2 4 1
mail/api-service/internal/delivery/httpserver/email/mocks/mock_email.go:220.113,223.2 2 1
mail/api-service/internal/delivery/httpserver/email/mocks/mock_email.go:226.129,231.2 4 1
mail/api-service/internal/delivery/httpserver/email/mocks/mock_email.go:234.118,237.2 2 1
mail/api-service/internal/delivery/httpserver/email/mocks/mock_email.go:240.64,245.2 4 1
mail/api-service/internal/delivery/httpserver/email/mocks/mock_email.go:248.83,251.2 2 1
mail/api-service/internal/delivery/httpserver/email/mocks/mock_email.go:254.64,259.2 4 1
mail/api-service/internal/delivery/httpserver/email/mocks/mock_email.go:262.83,265.2 2 1
mail/api-service/internal/delivery/httpserver/email/mocks/mock_email.go:268.113,273.2 4 1
mail/api-service/internal/delivery/httpserver/email/mocks/mock_email.go:276.106,279.2 2 1
mail/api-service/internal/delivery/httpserver/email/mocks/mock_email.go:282.66,287.2 4 1
mail/api-service/internal/delivery/httpserver/email/mocks/mock_email.go:290.85,293.2 2 1
mail/api-service/internal/delivery/httpserver/email/mocks/mock_logger.go:25.59,29.2 3 1
mail/api-service/internal/delivery/httpserver/email/mocks/mock_logger.go:32.57,34.2 1 1
mail/api-service/internal/delivery/httpserver/email/mocks/mock_logger.go:37.55,40.25 3 0
mail/api-service/internal/delivery/httpserver/email/mocks/mock_logger.go:40.25,42.3 1 0
mail/api-service/internal/delivery/httpserver/email/mocks/mock_logger.go:43.2,43.37 1 0
mail/api-service/internal/delivery/httpserver/email/mocks/mock_logger.go:48.55,51.25 3 0
mail/api-service/internal/delivery/httpserver/email/mocks/mock_logger.go:51.25,53.3 1 0
mail/api-service/internal/delivery/httpserver/email/mocks/mock_logger.go:54.2,54.37 1 0
mail/api-service/internal/delivery/httpserver/email/mocks/mock_logger.go:58.94,62.2 3 1
mail/api-service/internal/delivery/httpserver/email/mocks/mock_logger.go:65.54,68.25 3 0
mail/api-service/internal/delivery/httpserver/email/mocks/mock_logger.go:68.25,70.3 1 0
mail/api-service/internal/delivery/httpserver/email/mocks/mock_logger.go:71.2,71.36 1 0
mail/api-service/internal/delivery/httpserver/email/mocks/mock_logger.go:75.93,79.2 3 1
mail/api-service/internal/delivery/httpserver/email/mocks/mock_logger.go:82.54,85.25 3 0
mail/api-service/internal/delivery/httpserver/email/mocks/mock_logger.go:85.25,87.3 1 0
mail/api-service/internal/delivery/httpserver/email/mocks/mock_logger.go:88.2,88.36 1 0
mail/api-service/internal/delivery/httpserver/email/mocks/mock_user.go:25.67,29.2 3 0
mail/api-service/internal/delivery/httpserver/email/mocks/mock_user.go:32.65,34.2 1 0
mail/api-service/internal/delivery/httpserver/email/mocks/mock_user.go:37.80,42.2 4 0
mail/api-service/internal/delivery/httpserver/email/mocks/mock_user.go:45.98,48.2 2 0
mail/api-service/internal/delivery/httpserver/email/mocks/mock_user.go:51.64,56.2 4 0
mail/api-service/internal/delivery/httpserver/email/mocks/mock_user.go:59.89,62.2 2 0
mail/api-service/internal/delivery/httpserver/email/mocks/mock_user.go:65.72,70.2 4 0
mail/api-service/internal/delivery/httpserver/email/mocks/mock_user.go:73.97,76.2 2 0
mail/api-service/internal/delivery/httpserver/email/mocks/mock_user.go:79.75,86.2 6 0
mail/api-service/internal/delivery/httpserver/email/mocks/mock_user.go:89.82,92.2 2 0
mail/api-service/internal/delivery/httpserver/email/mocks/mock_user.go:106.73,110.2 3 0
mail/api-service/internal/delivery/httpserver/email/mocks/mock_user.go:113.71,115.2 1 0
mail/api-service/internal/models/user_model.go:48.38,51.2 2 0
mail/api-service/internal/models/user_model.go:53.36,56.2 2 1
mail/api-service/pkg/utils/error_response.go:9.86,18.2 5 1
mail/api-service/pkg/utils/hash.go:8.37,10.44 2 0
mail/api-service/pkg/utils/hash.go:10.44,12.3 1 0
mail/api-service/pkg/utils/hash.go:13.2,13.39 1 0
mail/api-service/pkg/utils/sanitize.go:7.34,10.2 2 1
mail/api-service/internal/models/user_model.go:48.38,51.2 2 0
mail/api-service/internal/models/user_model.go:53.36,56.2 2 0
mail/api-service/internal/delivery/httpserver/email/mocks/mock_auth.go:27.67,31.2 3 0
mail/api-service/internal/delivery/httpserver/email/mocks/mock_auth.go:34.65,36.2 1 0
mail/api-service/internal/delivery/httpserver/email/mocks/mock_auth.go:39.85,45.2 5 0
mail/api-service/internal/delivery/httpserver/email/mocks/mock_auth.go:50.84,55.2 4 0
mail/api-service/internal/delivery/httpserver/email/mocks/mock_auth.go:58.114,67.2 8 0
mail/api-service/internal/delivery/httpserver/email/mocks/mock_auth.go:70.83,73.2 2 0
mail/api-service/internal/delivery/httpserver/email/mocks/mock_auth.go:76.75,81.2 4 0
mail/api-service/internal/delivery/httpserver/email/mocks/mock_auth.go:84.84,87.2 2 0
mail/api-service/internal/delivery/httpserver/email/mocks/mock_auth.go:90.100,97.2 6 0
mail/api-service/internal/delivery/httpserver/email/mocks/mock_auth.go:100.85,103.2 2 0
mail/api-service/internal/delivery/httpserver/email/mocks/mock_email.go:27.69,31.2 3 0
mail/api-service/internal/delivery/httpserver/email/mocks/mock_email.go:34.67,36.2 1 0
mail/api-service/internal/delivery/httpserver/email/mocks/mock_email.go:39.86,44.2 4 0
mail/api-service/internal/delivery/httpserver/email/mocks/mock_email.go:47.107,50.2 2 0
mail/api-service/internal/delivery/httpserver/email/mocks/mock_email.go:53.68,58.2 4 0
mail/api-service/internal/delivery/httpserver/email/mocks/mock_email.go:61.91,64.2 2 0
mail/api-service/internal/delivery/httpserver/email/mocks/mock_email.go:67.66,72.2 4 0
mail/api-service/internal/delivery/httpserver/email/mocks/mock_email.go:75.85,78.2 2 0
mail/api-service/internal/delivery/httpserver/email/mocks/mock_email.go:81.73,86.2 4 0
mail/api-service/internal/delivery/httpserver/email/mocks/mock_email.go:89.98,92.2 2 0
mail/api-service/internal/delivery/httpserver/email/mocks/mock_email.go:95.83,100.2 4 0
mail/api-service/internal/delivery/httpserver/email/mocks/mock_email.go:103.102,106.2 2 0
mail/api-service/internal/delivery/httpserver/email/mocks/mock_email.go:109.73,114.2 4 0
mail/api-service/internal/delivery/httpserver/email/mocks/mock_email.go:117.98,120.2 2 0
mail/api-service/internal/delivery/httpserver/email/mocks/mock_email.go:123.122,128.2 4 0
mail/api-service/internal/delivery/httpserver/email/mocks/mock_email.go:131.109,134.2 2 0
mail/api-service/internal/delivery/httpserver/email/mocks/mock_email.go:137.71,143.2 5 0
mail/api-service/internal/delivery/httpserver/email/mocks/mock_email.go:146.83,149.2 2 0
mail/api-service/internal/delivery/httpserver/email/mocks/mock_email.go:152.94,158.2 5 0
mail/api-service/internal/delivery/httpserver/email/mocks/mock_email.go:161.101,164.2 2 0
mail/api-service/internal/delivery/httpserver/email/mocks/mock_email.go:167.71,173.2 5 0
mail/api-service/internal/delivery/httpserver/email/mocks/mock_email.go:176.84,179.2 2 0
mail/api-service/internal/delivery/httpserver/email/mocks/mock_email.go:182.86,188.2 5 0
mail/api-service/internal/delivery/httpserver/email/mocks/mock_email.go:191.93,194.2 2 0
mail/api-service/internal/delivery/httpserver/email/mocks/mock_email.go:197.69,203.2 5 0
mail/api-service/internal/delivery/httpserver/email/mocks/mock_email.go:206.76,209.2 2 0
mail/api-service/internal/delivery/httpserver/email/mocks/mock_email.go:212.88,217.2 4 0
mail/api-service/internal/delivery/httpserver/email/mocks/mock_email.go:220.113,223.2 2 0
mail/api-service/internal/delivery/httpserver/email/mocks/mock_email.go:226.129,231.2 4 0
mail/api-service/internal/delivery/httpserver/email/mocks/mock_email.go:234.118,237.2 2 0
mail/api-service/internal/delivery/httpserver/email/mocks/mock_email.go:240.64,245.2 4 0
mail/api-service/internal/delivery/httpserver/email/mocks/mock_email.go:248.83,251.2 2 0
mail/api-service/internal/delivery/httpserver/email/mocks/mock_email.go:254.64,259.2 4 0
mail/api-service/internal/delivery/httpserver/email/mocks/mock_email.go:262.83,265.2 2 0
mail/api-service/internal/delivery/httpserver/email/mocks/mock_email.go:268.113,273.2 4 0
mail/api-service/internal/delivery/httpserver/email/mocks/mock_email.go:276.106,279.2 2 0
mail/api-service/internal/delivery/httpserver/email/mocks/mock_email.go:282.66,287.2 4 0
mail/api-service/internal/delivery/httpserver/email/mocks/mock_email.go:290.85,293.2 2 0
mail/api-service/internal/delivery/httpserver/email/mocks/mock_logger.go:25.59,29.2 3 0
mail/api-service/internal/delivery/httpserver/email/mocks/mock_logger.go:32.57,34.2 1 0
mail/api-service/internal/delivery/httpserver/email/mocks/mock_logger.go:37.55,40.25 3 0
mail/api-service/internal/delivery/httpserver/email/mocks/mock_logger.go:40.25,42.3 1 0
mail/api-service/internal/delivery/httpserver/email/mocks/mock_logger.go:43.2,43.37 1 0
mail/api-service/internal/delivery/httpserver/email/mocks/mock_logger.go:48.55,51.25 3 0
mail/api-service/internal/delivery/httpserver/email/mocks/mock_logger.go:51.25,53.3 1 0
mail/api-service/internal/delivery/httpserver/email/mocks/mock_logger.go:54.2,54.37 1 0
mail/api-service/internal/delivery/httpserver/email/mocks/mock_logger.go:58.94,62.2 3 0
mail/api-service/internal/delivery/httpserver/email/mocks/mock_logger.go:65.54,68.25 3 0
mail/api-service/internal/delivery/httpserver/email/mocks/mock_logger.go:68.25,70.3 1 0
mail/api-service/internal/delivery/httpserver/email/mocks/mock_logger.go:71.2,71.36 1 0
mail/api-service/internal/delivery/httpserver/email/mocks/mock_logger.go:75.93,79.2 3 0
mail/api-service/internal/delivery/httpserver/email/mocks/mock_logger.go:82.54,85.25 3 0
mail/api-service/internal/delivery/httpserver/email/mocks/mock_logger.go:85.25,87.3 1 0
mail/api-service/internal/delivery/httpserver/email/mocks/mock_logger.go:88.2,88.36 1 0
mail/api-service/internal/delivery/httpserver/email/mocks/mock_user.go:25.67,29.2 3 1
mail/api-service/internal/delivery/httpserver/email/mocks/mock_user.go:32.65,34.2 1 1
mail/api-service/internal/delivery/httpserver/email/mocks/mock_user.go:37.80,42.2 4 1
mail/api-service/internal/delivery/httpserver/email/mocks/mock_user.go:45.98,48.2 2 1
mail/api-service/internal/delivery/httpserver/email/mocks/mock_user.go:51.64,56.2 4 1
mail/api-service/internal/delivery/httpserver/email/mocks/mock_user.go:59.89,62.2 2 1
mail/api-service/internal/delivery/httpserver/email/mocks/mock_user.go:65.72,70.2 4 1
mail/api-service/internal/delivery/httpserver/email/mocks/mock_user.go:73.97,76.2 2 1
mail/api-service/internal/delivery/httpserver/email/mocks/mock_user.go:79.75,86.2 6 1
mail/api-service/internal/delivery/httpserver/email/mocks/mock_user.go:89.82,92.2 2 1
mail/api-service/internal/delivery/httpserver/email/mocks/mock_user.go:106.73,110.2 3 0
mail/api-service/internal/delivery/httpserver/email/mocks/mock_user.go:113.71,115.2 1 0
mail/api-service/internal/delivery/httpserver/user/ChangeNameHandler.go:10.81,12.21 2 1
mail/api-service/internal/delivery/httpserver/user/ChangeNameHandler.go:12.21,15.3 2 1
mail/api-service/internal/delivery/httpserver/user/ChangeNameHandler.go:16.2,20.16 4 1
mail/api-service/internal/delivery/httpserver/user/ChangeNameHandler.go:20.16,23.3 2 1
mail/api-service/internal/delivery/httpserver/user/ChangeNameHandler.go:25.2,27.42 2 1
mail/api-service/internal/delivery/httpserver/user/ChangeNameHandler.go:27.42,30.3 2 0
mail/api-service/internal/delivery/httpserver/user/ChangeNameHandler.go:32.2,33.16 2 1
mail/api-service/internal/delivery/httpserver/user/ChangeNameHandler.go:33.16,36.3 2 0
mail/api-service/internal/delivery/httpserver/user/ChangeNameHandler.go:38.2,39.30 2 1
mail/api-service/internal/delivery/httpserver/user/ChangePasswordHandler.go:10.85,12.21 2 1
mail/api-service/internal/delivery/httpserver/user/ChangePasswordHandler.go:12.21,15.3 2 1
mail/api-service/internal/delivery/httpserver/user/ChangePasswordHandler.go:16.2,21.16 4 1
mail/api-service/internal/delivery/httpserver/user/ChangePasswordHandler.go:21.16,24.3 2 1
mail/api-service/internal/delivery/httpserver/user/ChangePasswordHandler.go:26.2,30.127 4 1
mail/api-service/internal/delivery/httpserver/user/ChangePasswordHandler.go:30.127,33.3 2 0
mail/api-service/internal/delivery/httpserver/user/ChangePasswordHandler.go:34.2,34.40 1 1
mail/api-service/internal/delivery/httpserver/user/ChangePasswordHandler.go:34.40,37.3 2 1
mail/api-service/internal/delivery/httpserver/user/ChangePasswordHandler.go:39.2,40.16 2 1
mail/api-service/internal/delivery/httpserver/user/ChangePasswordHandler.go:40.16,43.3 2 0
mail/api-service/internal/delivery/httpserver/user/ChangePasswordHandler.go:45.2,46.30 2 1
mail/api-service/internal/delivery/httpserver/user/GetAvatarHandler.go:11.80,13.21 2 1
mail/api-service/internal/delivery/httpserver/user/GetAvatarHandler.go:13.21,16.3 2 1
mail/api-service/internal/delivery/httpserver/user/GetAvatarHandler.go:17.2,20.16 3 1
mail/api-service/internal/delivery/httpserver/user/GetAvatarHandler.go:20.16,23.3 2 0
mail/api-service/internal/delivery/httpserver/user/GetAvatarHandler.go:24.2,24.37 1 1
mail/api-service/internal/delivery/httpserver/user/GetAvatarHandler.go:24.37,26.3 1 1
mail/api-service/internal/delivery/httpserver/user/GetAvatarHandler.go:26.8,28.3 1 1
mail/api-service/internal/delivery/httpserver/user/GetAvatarHandler.go:30.2,31.66 2 1
mail/api-service/internal/delivery/httpserver/user/UploadAvatarHandler.go:10.83,12.21 2 1
mail/api-service/internal/delivery/httpserver/user/UploadAvatarHandler.go:12.21,15.3 2 1
mail/api-service/internal/delivery/httpserver/user/UploadAvatarHandler.go:16.2,19.16 3 1
mail/api-service/internal/delivery/httpserver/user/UploadAvatarHandler.go:19.16,22.3 2 1
mail/api-service/internal/delivery/httpserver/user/UploadAvatarHandler.go:23.2,23.15 1 1
mail/api-service/internal/delivery/httpserver/user/UploadAvatarHandler.go:23.15,24.53 1 1
mail/api-service/internal/delivery/httpserver/user/UploadAvatarHandler.go:24.53,26.4 1 0
mail/api-service/internal/delivery/httpserver/user/UploadAvatarHandler.go:29.2,30.16 2 1
mail/api-service/internal/delivery/httpserver/user/UploadAvatarHandler.go:30.16,33.3 2 0
mail/api-service/internal/delivery/httpserver/user/UploadAvatarHandler.go:34.2,40.43 5 1
mail/api-service/internal/delivery/httpserver/user/UploadAvatarHandler.go:40.43,41.47 1 0
mail/api-service/internal/delivery/httpserver/user/UploadAvatarHandler.go:41.47,44.4 2 0
mail/api-service/internal/delivery/httpserver/user/UploadAvatarHandler.go:47.2,48.16 2 1
mail/api-service/internal/delivery/httpserver/user/UploadAvatarHandler.go:48.16,51.3 2 1
mail/api-service/internal/delivery/httpserver/user/UploadAvatarHandler.go:53.2,54.30 2 1
mail/api-service/internal/delivery/httpserver/user/user_router.go:12.55,14.2 1 1
mail/api-service/internal/delivery/httpserver/user/user_router.go:16.60,21.2 4 0
mail/api-service/internal/models/user_model.go:48.38,51.2 2 0
mail/api-service/internal/models/user_model.go:53.36,56.2 2 1
mail/api-service/pkg/utils/error_response.go:9.86,18.2 5 1
mail/api-service/pkg/utils/hash.go:8.37,10.44 2 0
mail/api-service/pkg/utils/hash.go:10.44,12.3 1 0
mail/api-service/pkg/utils/hash.go:13.2,13.39 1 0
mail/api-service/pkg/utils/sanitize.go:7.34,10.2 2 1
mail/api-service/internal/delivery/middleware/authMW.go:13.55,15.2 1 1
mail/api-service/internal/delivery/middleware/authMW.go:17.66,18.71 1 1
mail/api-service/internal/delivery/middleware/authMW.go:18.71,19.37 1 1
mail/api-service/internal/delivery/middleware/authMW.go:19.37,22.4 2 1
mail/api-service/internal/delivery/middleware/authMW.go:24.3,25.17 2 1
mail/api-service/internal/delivery/middleware/authMW.go:25.17,28.4 2 1
mail/api-service/internal/delivery/middleware/authMW.go:29.3,30.20 2 1
mail/api-service/internal/delivery/middleware/authMW.go:30.20,32.4 1 1
mail/api-service/internal/delivery/middleware/authMW.go:34.3,35.17 2 1
mail/api-service/internal/delivery/middleware/authMW.go:35.17,38.4 2 1
mail/api-service/internal/delivery/middleware/authMW.go:39.3,40.20 2 1
mail/api-service/internal/delivery/middleware/authMW.go:40.20,42.4 1 1
mail/api-service/internal/delivery/middleware/authMW.go:44.3,45.17 2 1
mail/api-service/internal/delivery/middleware/authMW.go:45.17,48.4 2 1
mail/api-service/internal/delivery/middleware/authMW.go:49.3,50.17 2 1
mail/api-service/internal/delivery/middleware/authMW.go:50.17,53.4 2 1
mail/api-service/internal/delivery/middleware/authMW.go:55.3,57.23 3 1
mail/api-service/internal/delivery/middleware/corsMW.go:8.63,9.71 1 1
mail/api-service/internal/delivery/middleware/corsMW.go:9.71,15.37 5 1
mail/api-service/internal/delivery/middleware/corsMW.go:15.37,18.4 2 1
mail/api-service/internal/delivery/middleware/corsMW.go:20.3,20.23 1 1
mail/api-service/internal/delivery/middleware/loggerMW.go:15.57,18.2 2 1
mail/api-service/internal/delivery/middleware/loggerMW.go:24.46,26.2 1 1
mail/api-service/internal/delivery/middleware/loggerMW.go:28.64,29.71 1 1
mail/api-service/internal/delivery/middleware/loggerMW.go:29.71,33.10 4 1
mail/api-service/internal/delivery/middleware/loggerMW.go:33.10,35.4 1 1
mail/api-service/internal/delivery/middleware/loggerMW.go:37.3,45.86 6 1
mail/api-service/internal/delivery/middleware/middleware.go:9.93,13.2 3 1
mail/api-service/internal/delivery/middleware/panicMW.go:8.54,9.71 1 1
mail/api-service/internal/delivery/middleware/panicMW.go:9.71,10.16 1 1
mail/api-service/internal/delivery/middleware/panicMW.go:10.16,11.36 1 1
mail/api-service/internal/delivery/middleware/panicMW.go:11.36,13.5 1 1
mail/api-service/internal/delivery/middleware/panicMW.go:15.3,15.23 1 1
mail/api-service/internal/models/user_model.go:48.38,51.2 2 0
mail/api-service/internal/models/user_model.go:53.36,56.2 2 0
mail/api-service/pkg/utils/error_response.go:9.86,18.2 5 1
mail/api-service/pkg/utils/hash.go:8.37,10.44 2 1
mail/api-service/pkg/utils/hash.go:10.44,12.3 1 0
mail/api-service/pkg/utils/hash.go:13.2,13.39 1 1
mail/api-service/pkg/utils/sanitize.go:7.34,10.2 2 0
mail/config/config.go:52.64,56.16 3 0
mail/config/config.go:56.16,58.3 1 0
mail/config/config.go:59.2,62.40 3 0
mail/config/config.go:62.40,64.3 1 0
mail/config/config.go:65.2,66.20 2 0
mail/api-service/internal/delivery/httpserver/email/mocks/mock_auth.go:27.67,31.2 3 0
mail/api-service/internal/delivery/httpserver/email/mocks/mock_auth.go:34.65,36.2 1 0
mail/api-service/internal/delivery/httpserver/email/mocks/mock_auth.go:39.85,45.2 5 0
mail/api-service/internal/delivery/httpserver/email/mocks/mock_auth.go:50.84,55.2 4 0
mail/api-service/internal/delivery/httpserver/email/mocks/mock_auth.go:58.114,67.2 8 0
mail/api-service/internal/delivery/httpserver/email/mocks/mock_auth.go:70.83,73.2 2 0
mail/api-service/internal/delivery/httpserver/email/mocks/mock_auth.go:76.75,81.2 4 0
mail/api-service/internal/delivery/httpserver/email/mocks/mock_auth.go:84.84,87.2 2 0
mail/api-service/internal/delivery/httpserver/email/mocks/mock_auth.go:90.100,97.2 6 0
mail/api-service/internal/delivery/httpserver/email/mocks/mock_auth.go:100.85,103.2 2 0
mail/api-service/internal/delivery/httpserver/email/mocks/mock_email.go:27.69,31.2 3 0
mail/api-service/internal/delivery/httpserver/email/mocks/mock_email.go:34.67,36.2 1 0
mail/api-service/internal/delivery/httpserver/email/mocks/mock_email.go:39.86,44.2 4 0
mail/api-service/internal/delivery/httpserver/email/mocks/mock_email.go:47.107,50.2 2 0
mail/api-service/internal/delivery/httpserver/email/mocks/mock_email.go:53.68,58.2 4 0
mail/api-service/internal/delivery/httpserver/email/mocks/mock_email.go:61.91,64.2 2 0
mail/api-service/internal/delivery/httpserver/email/mocks/mock_email.go:67.66,72.2 4 0
mail/api-service/internal/delivery/httpserver/email/mocks/mock_email.go:75.85,78.2 2 0
mail/api-service/internal/delivery/httpserver/email/mocks/mock_email.go:81.73,86.2 4 0
mail/api-service/internal/delivery/httpserver/email/mocks/mock_email.go:89.98,92.2 2 0
mail/api-service/internal/delivery/httpserver/email/mocks/mock_email.go:95.83,100.2 4 0
mail/api-service/internal/delivery/httpserver/email/mocks/mock_email.go:103.102,106.2 2 0
mail/api-service/internal/delivery/httpserver/email/mocks/mock_email.go:109.73,114.2 4 0
mail/api-service/internal/delivery/httpserver/email/mocks/mock_email.go:117.98,120.2 2 0
mail/api-service/internal/delivery/httpserver/email/mocks/mock_email.go:123.122,128.2 4 0
mail/api-service/internal/delivery/httpserver/email/mocks/mock_email.go:131.109,134.2 2 0
mail/api-service/internal/delivery/httpserver/email/mocks/mock_email.go:137.71,143.2 5 0
mail/api-service/internal/delivery/httpserver/email/mocks/mock_email.go:146.83,149.2 2 0
mail/api-service/internal/delivery/httpserver/email/mocks/mock_email.go:152.94,158.2 5 0
mail/api-service/internal/delivery/httpserver/email/mocks/mock_email.go:161.101,164.2 2 0
mail/api-service/internal/delivery/httpserver/email/mocks/mock_email.go:167.71,173.2 5 0
mail/api-service/internal/delivery/httpserver/email/mocks/mock_email.go:176.84,179.2 2 0
mail/api-service/internal/delivery/httpserver/email/mocks/mock_email.go:182.86,188.2 5 0
mail/api-service/internal/delivery/httpserver/email/mocks/mock_email.go:191.93,194.2 2 0
mail/api-service/internal/delivery/httpserver/email/mocks/mock_email.go:197.69,203.2 5 0
mail/api-service/internal/delivery/httpserver/email/mocks/mock_email.go:206.76,209.2 2 0
mail/api-service/internal/delivery/httpserver/email/mocks/mock_email.go:212.88,217.2 4 0
mail/api-service/internal/delivery/httpserver/email/mocks/mock_email.go:220.113,223.2 2 0
mail/api-service/internal/delivery/httpserver/email/mocks/mock_email.go:226.129,231.2 4 0
mail/api-service/internal/delivery/httpserver/email/mocks/mock_email.go:234.118,237.2 2 0
mail/api-service/internal/delivery/httpserver/email/mocks/mock_email.go:240.64,245.2 4 0
mail/api-service/internal/delivery/httpserver/email/mocks/mock_email.go:248.83,251.2 2 0
mail/api-service/internal/delivery/httpserver/email/mocks/mock_email.go:254.64,259.2 4 0
mail/api-service/internal/delivery/httpserver/email/mocks/mock_email.go:262.83,265.2 2 0
mail/api-service/internal/delivery/httpserver/email/mocks/mock_email.go:268.113,273.2 4 0
mail/api-service/internal/delivery/httpserver/email/mocks/mock_email.go:276.106,279.2 2 0
mail/api-service/internal/delivery/httpserver/email/mocks/mock_email.go:282.66,287.2 4 0
mail/api-service/internal/delivery/httpserver/email/mocks/mock_email.go:290.85,293.2 2 0
mail/api-service/internal/delivery/httpserver/email/mocks/mock_logger.go:25.59,29.2 3 1
mail/api-service/internal/delivery/httpserver/email/mocks/mock_logger.go:32.57,34.2 1 1
mail/api-service/internal/delivery/httpserver/email/mocks/mock_logger.go:37.55,40.25 3 0
mail/api-service/internal/delivery/httpserver/email/mocks/mock_logger.go:40.25,42.3 1 0
mail/api-service/internal/delivery/httpserver/email/mocks/mock_logger.go:43.2,43.37 1 0
mail/api-service/internal/delivery/httpserver/email/mocks/mock_logger.go:48.55,51.25 3 1
mail/api-service/internal/delivery/httpserver/email/mocks/mock_logger.go:51.25,53.3 1 0
mail/api-service/internal/delivery/httpserver/email/mocks/mock_logger.go:54.2,54.37 1 1
mail/api-service/internal/delivery/httpserver/email/mocks/mock_logger.go:58.94,62.2 3 1
mail/api-service/internal/delivery/httpserver/email/mocks/mock_logger.go:65.54,68.25 3 0
mail/api-service/internal/delivery/httpserver/email/mocks/mock_logger.go:68.25,70.3 1 0
mail/api-service/internal/delivery/httpserver/email/mocks/mock_logger.go:71.2,71.36 1 0
mail/api-service/internal/delivery/httpserver/email/mocks/mock_logger.go:75.93,79.2 3 1
mail/api-service/internal/delivery/httpserver/email/mocks/mock_logger.go:82.54,85.25 3 0
mail/api-service/internal/delivery/httpserver/email/mocks/mock_logger.go:85.25,87.3 1 0
mail/api-service/internal/delivery/httpserver/email/mocks/mock_logger.go:88.2,88.36 1 0
mail/api-service/internal/delivery/httpserver/email/mocks/mock_user.go:25.67,29.2 3 0
mail/api-service/internal/delivery/httpserver/email/mocks/mock_user.go:32.65,34.2 1 0
mail/api-service/internal/delivery/httpserver/email/mocks/mock_user.go:37.80,42.2 4 0
mail/api-service/internal/delivery/httpserver/email/mocks/mock_user.go:45.98,48.2 2 0
mail/api-service/internal/delivery/httpserver/email/mocks/mock_user.go:51.64,56.2 4 0
mail/api-service/internal/delivery/httpserver/email/mocks/mock_user.go:59.89,62.2 2 0
mail/api-service/internal/delivery/httpserver/email/mocks/mock_user.go:65.72,70.2 4 0
mail/api-service/internal/delivery/httpserver/email/mocks/mock_user.go:73.97,76.2 2 0
mail/api-service/internal/delivery/httpserver/email/mocks/mock_user.go:79.75,86.2 6 0
mail/api-service/internal/delivery/httpserver/email/mocks/mock_user.go:89.82,92.2 2 0
mail/api-service/internal/delivery/httpserver/email/mocks/mock_user.go:106.73,110.2 3 0
mail/api-service/internal/delivery/httpserver/email/mocks/mock_user.go:113.71,115.2 1 0
mail/api-service/internal/models/user_model.go:48.38,51.2 2 0
mail/api-service/internal/models/user_model.go:53.36,56.2 2 0
mail/api-service/internal/repository/email_repo.go:18.86,20.2 1 1
mail/api-service/internal/repository/email_repo.go:22.79,33.16 3 0
mail/api-service/internal/repository/email_repo.go:33.16,36.3 2 0
mail/api-service/internal/repository/email_repo.go:37.2,40.18 3 0
mail/api-service/internal/repository/email_repo.go:40.18,55.17 7 0
mail/api-service/internal/repository/email_repo.go:55.17,58.4 2 0
mail/api-service/internal/repository/email_repo.go:59.3,59.27 1 0
mail/api-service/internal/repository/email_repo.go:61.2,61.17 1 0
mail/api-service/internal/repository/email_repo.go:64.93,75.16 3 1
mail/api-service/internal/repository/email_repo.go:75.16,78.3 2 1
mail/api-service/internal/repository/email_repo.go:79.2,82.18 3 1
mail/api-service/internal/repository/email_repo.go:82.18,97.17 7 1
mail/api-service/internal/repository/email_repo.go:97.17,100.4 2 0
mail/api-service/internal/repository/email_repo.go:101.3,101.27 1 1
mail/api-service/internal/repository/email_repo.go:103.2,103.17 1 1
mail/api-service/internal/repository/email_repo.go:106.78,121.16 5 1
mail/api-service/internal/repository/email_repo.go:121.16,124.3 2 1
mail/api-service/internal/repository/email_repo.go:126.2,126.37 1 1
mail/api-service/internal/repository/email_repo.go:126.37,128.3 1 1
mail/api-service/internal/repository/email_repo.go:128.8,130.17 2 0
mail/api-service/internal/repository/email_repo.go:130.17,133.4 2 0
mail/api-service/internal/repository/email_repo.go:136.2,141.16 5 1
mail/api-service/internal/repository/email_repo.go:141.16,143.27 2 0
mail/api-service/internal/repository/email_repo.go:143.27,145.4 1 0
mail/api-service/internal/repository/email_repo.go:146.3,146.29 1 0
mail/api-service/internal/repository/email_repo.go:148.2,148.19 1 1
mail/api-service/internal/repository/email_repo.go:151.71,158.16 6 1
mail/api-service/internal/repository/email_repo.go:158.16,161.3 2 0
mail/api-service/internal/repository/email_repo.go:162.2,170.16 4 1
mail/api-service/internal/repository/email_repo.go:170.16,173.3 2 1
mail/api-service/internal/repository/email_repo.go:175.2,176.25 2 0
mail/api-service/internal/repository/email_repo.go:176.25,178.3 1 0
mail/api-service/internal/repository/email_repo.go:178.8,180.3 1 0
mail/api-service/internal/repository/email_repo.go:182.2,187.16 3 0
mail/api-service/internal/repository/email_repo.go:187.16,190.3 2 0
mail/api-service/internal/repository/email_repo.go:191.2,196.16 3 0
mail/api-service/internal/repository/email_repo.go:196.16,199.3 2 0
mail/api-service/internal/repository/email_repo.go:201.2,209.16 2 0
mail/api-service/internal/repository/email_repo.go:209.16,212.3 2 0
mail/api-service/internal/repository/email_repo.go:214.2,219.16 3 0
mail/api-service/internal/repository/email_repo.go:219.16,222.3 2 0
mail/api-service/internal/repository/email_repo.go:223.2,228.16 3 0
mail/api-service/internal/repository/email_repo.go:228.16,231.3 2 0
mail/api-service/internal/repository/email_repo.go:233.2,241.16 2 0
mail/api-service/internal/repository/email_repo.go:241.16,244.3 2 0
mail/api-service/internal/repository/email_repo.go:246.2,246.20 1 0
mail/api-service/internal/repository/email_repo.go:249.75,251.16 2 0
mail/api-service/internal/repository/email_repo.go:251.16,254.3 2 0
mail/api-service/internal/repository/email_repo.go:255.2,257.12 2 0
mail/api-service/internal/repository/email_repo.go:257.12,264.3 1 0
mail/api-service/internal/repository/email_repo.go:264.8,271.3 1 0
mail/api-service/internal/repository/email_repo.go:273.2,273.16 1 0
mail/api-service/internal/repository/email_repo.go:273.16,276.3 2 0
mail/api-service/internal/repository/email_repo.go:277.2,277.20 1 0
mail/api-service/internal/repository/email_repo.go:280.90,282.16 2 1
mail/api-service/internal/repository/email_repo.go:282.16,285.3 2 0
mail/api-service/internal/repository/email_repo.go:286.2,290.16 3 1
mail/api-service/internal/repository/email_repo.go:290.16,293.3 2 1
mail/api-service/internal/repository/email_repo.go:295.2,295.20 1 1
mail/api-service/internal/repository/email_repo.go:298.78,307.16 3 0
mail/api-service/internal/repository/email_repo.go:307.16,310.3 2 0
mail/api-service/internal/repository/email_repo.go:311.2,314.18 3 0
mail/api-service/internal/repository/email_repo.go:314.18,317.17 3 0
mail/api-service/internal/repository/email_repo.go:317.17,320.4 2 0
mail/api-service/internal/repository/email_repo.go:321.3,322.28 2 0
mail/api-service/internal/repository/email_repo.go:324.2,324.17 1 0
mail/api-service/internal/repository/email_repo.go:327.108,342.16 4 1
mail/api-service/internal/repository/email_repo.go:342.16,345.3 2 0
mail/api-service/internal/repository/email_repo.go:346.2,349.18 3 1
mail/api-service/internal/repository/email_repo.go:349.18,364.17 7 1
mail/api-service/internal/repository/email_repo.go:364.17,367.4 2 0
mail/api-service/internal/repository/email_repo.go:368.3,368.27 1 1
mail/api-service/internal/repository/email_repo.go:370.2,370.17 1 1
mail/api-service/internal/repository/email_repo.go:373.87,379.16 4 0
mail/api-service/internal/repository/email_repo.go:379.16,382.3 2 0
mail/api-service/internal/repository/email_repo.go:383.2,391.16 4 0
mail/api-service/internal/repository/email_repo.go:391.16,394.3 2 0
mail/api-service/internal/repository/email_repo.go:396.2,401.16 2 0
mail/api-service/internal/repository/email_repo.go:401.16,404.3 2 0
mail/api-service/internal/repository/email_repo.go:406.2,406.20 1 0
mail/api-service/internal/repository/email_repo.go:409.87,415.16 4 1
mail/api-service/internal/repository/email_repo.go:415.16,418.3 2 0
mail/api-service/internal/repository/email_repo.go:419.2,427.16 4 1
mail/api-service/internal/repository/email_repo.go:427.16,430.3 2 1
mail/api-service/internal/repository/email_repo.go:432.2,438.16 2 1
mail/api-service/internal/repository/email_repo.go:438.16,441.3 2 0
mail/api-service/internal/repository/email_repo.go:443.2,443.20 1 1
mail/api-service/internal/repository/email_repo.go:446.109,453.16 5 1
mail/api-service/internal/repository/email_repo.go:453.16,456.3 2 0
mail/api-service/internal/repository/email_repo.go:457.2,465.16 4 1
mail/api-service/internal/repository/email_repo.go:465.16,468.3 2 0
mail/api-service/internal/repository/email_repo.go:470.2,476.16 3 1
mail/api-service/internal/repository/email_repo.go:476.16,479.3 2 0
mail/api-service/internal/repository/email_repo.go:481.2,487.16 2 1
mail/api-service/internal/repository/email_repo.go:487.16,490.3 2 0
mail/api-service/internal/repository/email_repo.go:492.2,492.20 1 1
mail/api-service/internal/repository/email_repo.go:495.100,500.16 4 1
mail/api-service/internal/repository/email_repo.go:500.16,503.3 2 0
mail/api-service/internal/repository/email_repo.go:504.2,512.16 4 1
mail/api-service/internal/repository/email_repo.go:512.16,515.3 2 0
mail/api-service/internal/repository/email_repo.go:517.2,523.16 3 1
mail/api-service/internal/repository/email_repo.go:523.16,526.3 2 0
mail/api-service/internal/repository/email_repo.go:528.2,534.16 2 1
mail/api-service/internal/repository/email_repo.go:534.16,537.3 2 0
mail/api-service/internal/repository/email_repo.go:539.2,539.20 1 1
mail/api-service/internal/repository/email_repo.go:542.94,546.16 3 1
mail/api-service/internal/repository/email_repo.go:546.16,549.3 2 0
mail/api-service/internal/repository/email_repo.go:550.2,559.35 4 1
mail/api-service/internal/repository/email_repo.go:559.35,561.3 1 1
mail/api-service/internal/repository/email_repo.go:562.2,562.16 1 1
mail/api-service/internal/repository/email_repo.go:562.16,565.3 2 0
mail/api-service/internal/repository/email_repo.go:567.2,567.18 1 1
mail/api-service/internal/repository/email_repo.go:567.18,569.3 1 1
mail/api-service/internal/repository/email_repo.go:569.8,571.3 1 0
mail/api-service/internal/repository/email_repo.go:573.2,573.27 1 0
mail/api-service/internal/repository/email_repo.go:576.79,579.16 2 1
mail/api-service/internal/repository/email_repo.go:579.16,582.3 2 0
mail/api-service/internal/repository/email_repo.go:583.2,590.16 4 1
mail/api-service/internal/repository/email_repo.go:590.16,593.3 2 0
mail/api-service/internal/repository/email_repo.go:595.2,600.16 3 1
mail/api-service/internal/repository/email_repo.go:600.16,603.3 2 0
mail/api-service/internal/repository/email_repo.go:605.2,605.32 1 1
mail/api-service/internal/repository/email_repo.go:608.73,615.16 6 1
mail/api-service/internal/repository/email_repo.go:615.16,618.3 2 0
mail/api-service/internal/repository/email_repo.go:619.2,627.16 4 1
mail/api-service/internal/repository/email_repo.go:627.16,630.3 2 1
mail/api-service/internal/repository/email_repo.go:632.2,633.25 2 1
mail/api-service/internal/repository/email_repo.go:633.25,635.3 1 1
mail/api-service/internal/repository/email_repo.go:635.8,637.3 1 0
mail/api-service/internal/repository/email_repo.go:639.2,644.16 3 1
mail/api-service/internal/repository/email_repo.go:644.16,647.3 2 0
mail/api-service/internal/repository/email_repo.go:648.2,653.16 3 1
mail/api-service/internal/repository/email_repo.go:653.16,656.3 2 0
mail/api-service/internal/repository/email_repo.go:658.2,666.16 2 1
mail/api-service/internal/repository/email_repo.go:666.16,669.3 2 0
mail/api-service/internal/repository/email_repo.go:671.2,671.20 1 1
mail/api-service/internal/repository/email_repo.go:674.73,680.16 4 1
mail/api-service/internal/repository/email_repo.go:680.16,683.3 2 0
mail/api-service/internal/repository/email_repo.go:684.2,691.16 4 1
mail/api-service/internal/repository/email_repo.go:691.16,694.3 2 0
mail/api-service/internal/repository/email_repo.go:696.2,702.16 2 1
mail/api-service/internal/repository/email_repo.go:702.16,705.3 2 0
mail/api-service/internal/repository/email_repo.go:707.2,713.16 2 1
mail/api-service/internal/repository/email_repo.go:713.16,716.3 2 0
mail/api-service/internal/repository/email_repo.go:718.2,718.20 1 1
mail/api-service/internal/repository/user_repo.go:16.65,18.2 1 1
mail/api-service/internal/repository/user_repo.go:20.70,25.35 4 1
mail/api-service/internal/repository/user_repo.go:25.35,28.3 2 0
mail/api-service/internal/repository/user_repo.go:29.2,29.16 1 1
mail/api-service/internal/repository/user_repo.go:29.16,32.3 2 0
mail/api-service/internal/repository/user_repo.go:33.2,33.18 1 1
mail/api-service/internal/repository/user_repo.go:36.88,42.16 4 1
mail/api-service/internal/repository/user_repo.go:42.16,45.3 2 0
mail/api-service/internal/repository/user_repo.go:46.2,46.19 1 1
mail/api-service/internal/repository/user_repo.go:49.86,54.16 4 1
mail/api-service/internal/repository/user_repo.go:54.16,57.3 2 0
mail/api-service/internal/repository/user_repo.go:59.2,59.37 1 1
mail/api-service/internal/repository/user_repo.go:59.37,62.3 2 0
mail/api-service/internal/repository/user_repo.go:64.2,64.19 1 1
mail/api-service/internal/repository/user_repo.go:67.85,72.16 4 1
mail/api-service/internal/repository/user_repo.go:72.16,75.3 2 0
mail/api-service/internal/repository/user_repo.go:76.2,76.19 1 1
mail/api-service/internal/repository/user_repo.go:79.70,85.16 3 1
mail/api-service/internal/repository/user_repo.go:85.16,88.3 2 0
mail/api-service/internal/repository/user_repo.go:89.2,89.12 1 1
mail/api-service/pkg/utils/error_response.go:9.86,18.2 5 0
mail/api-service/pkg/utils/hash.go:8.37,10.44 2 0
mail/api-service/pkg/utils/hash.go:10.44,12.3 1 0
mail/api-service/pkg/utils/hash.go:13.2,13.39 1 0
mail/api-service/pkg/utils/sanitize.go:7.34,10.2 2 1
mail/api-service/pkg/utils/error_response.go:9.86,18.2 5 0
mail/api-service/pkg/utils/hash.go:8.37,10.44 2 0
mail/api-service/pkg/utils/hash.go:10.44,12.3 1 0
mail/api-service/pkg/utils/hash.go:13.2,13.39 1 0
mail/api-service/pkg/utils/sanitize.go:7.34,10.2 2 0
mail/auth-service/cmd/main.go:10.13,16.16 5 0
mail/auth-service/cmd/main.go:16.16,18.3 1 0
mail/auth-service/cmd/main.go:19.2,19.40 1 0
mail/auth-service/cmd/main.go:19.40,21.3 1 0
mail/auth-service/internal/app/app.go:16.53,18.16 2 0
mail/auth-service/internal/app/app.go:18.16,20.3 1 0
mail/auth-service/internal/app/app.go:21.2,26.16 4 0
mail/auth-service/internal/app/app.go:26.16,28.3 1 0
mail/auth-service/internal/app/app.go:29.2,33.16 4 0
mail/auth-service/internal/app/app.go:33.16,35.3 1 0
mail/auth-service/internal/app/app.go:36.2,41.16 5 0
mail/auth-service/internal/app/app.go:41.16,43.3 1 0
mail/auth-service/internal/app/app.go:44.2,53.16 5 0
mail/auth-service/internal/app/app.go:53.16,55.3 1 0
mail/auth-service/internal/app/app.go:56.2,56.12 1 0
mail/auth-service/internal/mocks/mock_csrf_repository.go:20.61,24.2 3 0
mail/auth-service/internal/mocks/mock_csrf_repository.go:26.59,28.2 1 0
mail/auth-service/internal/mocks/mock_csrf_repository.go:30.84,33.2 2 0
mail/auth-service/internal/mocks/mock_csrf_repository.go:35.81,38.2 2 0
mail/auth-service/internal/mocks/mock_csrf_repository.go:40.84,43.2 2 0
mail/auth-service/internal/mocks/mock_csrf_repository.go:45.92,51.2 5 0
mail/auth-service/internal/mocks/mock_csrf_repository.go:53.83,59.2 5 0
mail/auth-service/internal/mocks/mock_csrf_repository.go:61.76,66.2 4 0
mail/auth-service/internal/mocks/mock_session_repository.go:20.79,24.2 3 0
mail/auth-service/internal/mocks/mock_session_repository.go:26.77,28.2 1 0
mail/auth-service/internal/mocks/mock_session_repository.go:30.96,33.2 2 0
mail/auth-service/internal/mocks/mock_session_repository.go:35.90,38.2 2 0
mail/auth-service/internal/mocks/mock_session_repository.go:40.96,43.2 2 0
mail/auth-service/internal/mocks/mock_session_repository.go:45.107,51.2 5 0
mail/auth-service/internal/mocks/mock_session_repository.go:53.92,59.2 5 0
mail/auth-service/internal/mocks/mock_session_repository.go:61.88,66.2 4 0
mail/auth-service/internal/mocks/mock_user.go:26.67,30.2 3 0
mail/auth-service/internal/mocks/mock_user.go:33.65,35.2 1 0
mail/auth-service/internal/mocks/mock_user.go:48.73,52.2 3 0
mail/auth-service/internal/mocks/mock_user.go:55.71,57.2 1 0
mail/auth-service/internal/mocks/mock_user.go:60.81,65.2 4 0
mail/auth-service/internal/mocks/mock_user.go:68.85,71.2 2 0
mail/auth-service/internal/mocks/mock_user.go:74.84,80.2 5 0
mail/auth-service/internal/mocks/mock_user.go:83.87,86.2 2 0
mail/auth-service/internal/mocks/mock_user.go:89.81,95.2 5 0
mail/auth-service/internal/mocks/mock_user.go:98.90,101.2 2 0
mail/auth-service/internal/mocks/mock_user.go:104.66,110.2 5 0
mail/auth-service/internal/mocks/mock_user.go:113.83,116.2 2 0
mail/auth-service/internal/mocks/mock_user.go:119.66,124.2 4 0
mail/auth-service/internal/mocks/mock_user.go:127.85,130.2 2 0
mail/api-service/internal/models/user_model.go:48.38,51.2 2 0
mail/api-service/internal/models/user_model.go:53.36,56.2 2 0
mail/api-service/internal/usecases/auth_usecase.go:13.76,17.2 1 1
mail/api-service/internal/usecases/auth_usecase.go:19.97,22.16 3 1
mail/api-service/internal/usecases/auth_usecase.go:22.16,24.3 1 1
mail/api-service/internal/usecases/auth_usecase.go:25.2,25.61 1 1
mail/api-service/internal/usecases/auth_usecase.go:28.111,31.16 3 1
mail/api-service/internal/usecases/auth_usecase.go:31.16,33.3 1 1
mail/api-service/internal/usecases/auth_usecase.go:34.2,34.109 1 1
mail/api-service/internal/usecases/auth_usecase.go:37.72,41.2 3 1
mail/api-service/internal/usecases/auth_usecase.go:43.82,46.16 3 1
mail/api-service/internal/usecases/auth_usecase.go:46.16,48.3 1 1
mail/api-service/internal/usecases/auth_usecase.go:49.2,49.34 1 1
mail/api-service/internal/usecases/auth_usecase.go:52.90,56.2 3 1
mail/api-service/internal/usecases/email_usecase.go:19.17,24.2 1 1
mail/api-service/internal/usecases/email_usecase.go:26.69,29.2 1 1
mail/api-service/internal/usecases/email_usecase.go:31.68,33.2 1 1
mail/api-service/internal/usecases/email_usecase.go:35.77,38.2 1 1
mail/api-service/internal/usecases/email_usecase.go:40.60,42.2 1 1
mail/api-service/internal/usecases/email_usecase.go:44.65,46.2 1 1
mail/api-service/internal/usecases/email_usecase.go:48.80,49.34 1 1
mail/api-service/internal/usecases/email_usecase.go:49.34,51.17 2 1
mail/api-service/internal/usecases/email_usecase.go:51.17,53.4 1 0
mail/api-service/internal/usecases/email_usecase.go:54.3,54.33 1 1
mail/api-service/internal/usecases/email_usecase.go:54.33,56.4 1 1
mail/api-service/internal/usecases/email_usecase.go:56.9,58.18 2 1
mail/api-service/internal/usecases/email_usecase.go:58.18,60.5 1 0
mail/api-service/internal/usecases/email_usecase.go:63.2,63.12 1 1
mail/api-service/internal/usecases/email_usecase.go:66.68,68.16 2 1
mail/api-service/internal/usecases/email_usecase.go:68.16,70.3 1 0
mail/api-service/internal/usecases/email_usecase.go:71.2,71.22 1 1
mail/api-service/internal/usecases/email_usecase.go:71.22,77.3 5 1
mail/api-service/internal/usecases/email_usecase.go:78.2,78.39 1 1
mail/api-service/internal/usecases/email_usecase.go:81.98,83.16 2 1
mail/api-service/internal/usecases/email_usecase.go:83.16,85.3 1 0
mail/api-service/internal/usecases/email_usecase.go:86.2,86.84 1 1
mail/api-service/internal/usecases/email_usecase.go:86.84,87.28 1 1
mail/api-service/internal/usecases/email_usecase.go:87.28,91.4 3 1
mail/api-service/internal/usecases/email_usecase.go:102.2,102.20 1 1
mail/api-service/internal/usecases/email_usecase.go:105.77,106.64 1 1
mail/api-service/internal/usecases/email_usecase.go:106.64,107.17 1 0
mail/api-service/internal/usecases/email_usecase.go:107.17,109.4 1 0
mail/api-service/internal/usecases/email_usecase.go:110.3,110.45 1 0
mail/api-service/internal/usecases/email_usecase.go:112.2,112.53 1 1
mail/api-service/internal/usecases/email_usecase.go:115.77,116.182 1 1
mail/api-service/internal/usecases/email_usecase.go:116.182,118.3 1 1
mail/api-service/internal/usecases/email_usecase.go:119.2,119.53 1 1
mail/api-service/internal/usecases/email_usecase.go:122.99,123.182 1 1
mail/api-service/internal/usecases/email_usecase.go:123.182,125.3 1 1
mail/api-service/internal/usecases/email_usecase.go:126.2,126.67 1 1
mail/api-service/internal/usecases/email_usecase.go:126.67,127.17 1 0
mail/api-service/internal/usecases/email_usecase.go:127.17,129.4 1 0
mail/api-service/internal/usecases/email_usecase.go:130.3,130.45 1 0
mail/api-service/internal/usecases/email_usecase.go:132.2,132.68 1 1
mail/api-service/internal/usecases/email_usecase.go:135.90,137.2 1 0
mail/api-service/internal/usecases/email_usecase.go:139.63,141.2 1 0
mail/api-service/internal/usecases/email_usecase.go:143.63,145.2 1 0
[...]
mail/smtp-service/internal/delivery/email_fetcher.go:28.47,30.3 1 0
mail/smtp-service/internal/delivery/email_fetcher.go:32.2,32.12 1 0
mail/smtp-service/internal/delivery/email_fetcher.go:32.12,36.22 3 0
mail/smtp-service/internal/delivery/email_fetcher.go:36.22,37.50 1 0
mail/smtp-service/internal/delivery/email_fetcher.go:37.51,38.5 0 0
mail/smtp-service/internal/delivery/email_fetcher.go:38.10,40.5 1 0
mail/smtp-service/internal/delivery/email_fetcher.go:44.52,45.46 1 0
mail/smtp-service/internal/delivery/email_fetcher.go:45.46,47.3 1 0
mail/smtp-service/internal/delivery/email_fetcher.go:48.2,50.62 2 0
mail/smtp-service/internal/delivery/email_fetcher.go:50.62,52.3 1 0
mail/smtp-service/internal/delivery/email_fetcher.go:54.2,54.12 1 0
mail/smtp-service/pkg/mocks/mock_email.go:26.69,30.2 3 0
mail/smtp-service/pkg/mocks/mock_email.go:33.67,35.2 1 0
mail/smtp-service/pkg/mocks/mock_email.go:61.75,65.2 3 0
mail/smtp-service/pkg/mocks/mock_email.go:68.73,70.2 1 0
mail/smtp-service/pkg/mocks/mock_email.go:74.67,79.2 4 0
mail/smtp-service/pkg/mocks/mock_email.go:82.86,85.2 2 0
mail/api-service/internal/models/user_model.go:48.38,51.2 2 0
mail/api-service/internal/models/user_model.go:53.36,56.2 2 0
mail/api-service/pkg/utils/error_response.go:9.86,18.2 5 0
mail/api-service/pkg/utils/hash.go:8.37,10.44 2 1
mail/api-service/pkg/utils/hash.go:10.44,12.3 1 0
mail/api-service/pkg/utils/hash.go:13.2,13.39 1 1
mail/api-service/pkg/utils/sanitize.go:7.34,10.2 2 1
mail/auth-service/internal/repo/csrf_repo.go:17.93,19.2 1 1
mail/auth-service/internal/repo/csrf_repo.go:21.101,26.16 3 1
mail/auth-service/internal/repo/csrf_repo.go:26.16,29.3 2 0
mail/auth-service/internal/repo/csrf_repo.go:30.2,33.16 3 1
mail/auth-service/internal/repo/csrf_repo.go:33.16,36.3 2 0
mail/auth-service/internal/repo/csrf_repo.go:38.2,42.19 3 1
mail/auth-service/internal/repo/csrf_repo.go:45.87,50.16 3 1
mail/auth-service/internal/repo/csrf_repo.go:50.16,53.3 2 0
mail/auth-service/internal/repo/csrf_repo.go:54.2,54.12 1 1
mail/auth-service/internal/repo/csrf_repo.go:57.94,62.16 3 1
mail/auth-service/internal/repo/csrf_repo.go:62.16,65.3 2 1
mail/auth-service/internal/repo/csrf_repo.go:67.2,69.19 2 1
mail/auth-service/internal/repo/session_repo.go:18.99,20.2 1 0
mail/auth-service/internal/repo/session_repo.go:22.110,27.16 3 1
mail/auth-service/internal/repo/session_repo.go:27.16,30.3 2 0
mail/auth-service/internal/repo/session_repo.go:31.2,34.16 3 1
mail/auth-service/internal/repo/session_repo.go:34.16,37.3 2 0
mail/auth-service/internal/repo/session_repo.go:39.2,43.22 3 1
mail/auth-service/internal/repo/session_repo.go:46.96,51.16 3 1
mail/auth-service/internal/repo/session_repo.go:51.16,54.3 2 0
mail/auth-service/internal/repo/session_repo.go:55.2,55.12 1 1
mail/auth-service/internal/repo/session_repo.go:58.103,63.16 3 1
mail/auth-service/internal/repo/session_repo.go:63.16,66.3 2 1
mail/auth-service/internal/repo/session_repo.go:68.2,70.19 2 1
mail/auth-service/internal/repo/user_repo.go:16.88,18.2 1 1
mail/auth-service/internal/repo/user_repo.go:20.70,25.35 4 1
mail/auth-service/internal/repo/user_repo.go:25.35,28.3 2 1
mail/auth-service/internal/repo/user_repo.go:29.2,29.16 1 1
mail/auth-service/internal/repo/user_repo.go:29.16,32.3 2 0
mail/auth-service/internal/repo/user_repo.go:33.2,33.18 1 1
mail/auth-service/internal/repo/user_repo.go:36.88,42.16 4 1
mail/auth-service/internal/repo/user_repo.go:42.16,45.3 2 1
mail/auth-service/internal/repo/user_repo.go:46.2,46.19 1 1
mail/auth-service/internal/repo/user_repo.go:49.86,54.16 4 1
mail/auth-service/internal/repo/user_repo.go:54.16,57.3 2 0
mail/auth-service/internal/repo/user_repo.go:59.2,59.37 1 1
mail/auth-service/internal/repo/user_repo.go:59.37,62.3 2 0
mail/auth-service/internal/repo/user_repo.go:64.2,64.19 1 1
mail/auth-service/internal/repo/user_repo.go:67.85,72.16 4 1
mail/auth-service/internal/repo/user_repo.go:72.16,75.3 2 0
mail/auth-service/internal/repo/user_repo.go:76.2,76.19 1 1
mail/auth-service/internal/repo/user_repo.go:79.70,85.16 3 1
mail/auth-service/internal/repo/user_repo.go:85.16,88.3 2 1
mail/auth-service/internal/repo/user_repo.go:89.2,89.12 1 1
mail/auth-service/internal/mocks/mock_csrf_repository.go:20.61,24.2 3 1
mail/auth-service/internal/mocks/mock_csrf_repository.go:26.59,28.2 1 1
mail/auth-service/internal/mocks/mock_csrf_repository.go:30.84,33.2 2 1
mail/auth-service/internal/mocks/mock_csrf_repository.go:35.81,38.2 2 1
mail/auth-service/internal/mocks/mock_csrf_repository.go:40.84,43.2 2 1
mail/auth-service/internal/mocks/mock_csrf_repository.go:45.92,51.2 5 1
mail/auth-service/internal/mocks/mock_csrf_repository.go:53.83,59.2 5 1
mail/auth-service/internal/mocks/mock_csrf_repository.go:61.76,66.2 4 1
mail/auth-service/internal/mocks/mock_session_repository.go:20.79,24.2 3 1
mail/auth-service/internal/mocks/mock_session_repository.go:26.77,28.2 1 1
mail/auth-service/internal/mocks/mock_session_repository.go:30.96,33.2 2 1
mail/auth-service/internal/mocks/mock_session_repository.go:35.90,38.2 2 1
mail/auth-service/internal/mocks/mock_session_repository.go:40.96,43.2 2 1
mail/auth-service/internal/mocks/mock_session_repository.go:45.107,51.2 5 1
mail/auth-service/internal/mocks/mock_session_repository.go:53.92,59.2 5 1
mail/auth-service/internal/mocks/mock_session_repository.go:61.88,66.2 4 1
mail/auth-service/internal/mocks/mock_user.go:26.67,30.2 3 0
mail/auth-service/internal/mocks/mock_user.go:33.65,35.2 1 0
mail/auth-service/internal/mocks/mock_user.go:48.73,52.2 3 1
mail/auth-service/internal/mocks/mock_user.go:55.71,57.2 1 1
mail/auth-service/internal/mocks/mock_user.go:60.81,65.2 4 0
mail/auth-service/internal/mocks/mock_user.go:68.85,71.2 2 0
mail/auth-service/internal/mocks/mock_user.go:74.84,80.2 5 1
mail/auth-service/internal/mocks/mock_user.go:83.87,86.2 2 1
mail/auth-service/internal/mocks/mock_user.go:89.81,95.2 5 0
mail/auth-service/internal/mocks/mock_user.go:98.90,101.2 2 0
mail/auth-service/internal/mocks/mock_user.go:104.66,110.2 5 1
mail/auth-service/internal/mocks/mock_user.go:113.83,116.2 2 1
mail/auth-service/internal/mocks/mock_user.go:119.66,124.2 4 0
mail/auth-service/internal/mocks/mock_user.go:127.85,130.2 2 0
mail/auth-service/internal/usecase/auth_usecase.go:18.136,24.2 1 1
mail/auth-service/internal/usecase/auth_usecase.go:26.108,28.16 2 1
mail/auth-service/internal/usecase/auth_usecase.go:28.16,30.3 1 0
mail/auth-service/internal/usecase/auth_usecase.go:31.2,31.11 1 1
mail/auth-service/internal/usecase/auth_usecase.go:31.11,33.3 1 1
mail/auth-service/internal/usecase/auth_usecase.go:34.2,36.16 3 1
mail/auth-service/internal/usecase/auth_usecase.go:36.16,38.3 1 0
mail/auth-service/internal/usecase/auth_usecase.go:39.2,40.16 2 1
mail/auth-service/internal/usecase/auth_usecase.go:40.16,42.3 1 0
mail/auth-service/internal/usecase/auth_usecase.go:43.2,44.16 2 1
mail/auth-service/internal/usecase/auth_usecase.go:44.16,46.3 1 0
mail/auth-service/internal/usecase/auth_usecase.go:47.2,48.17 2 1
mail/auth-service/internal/usecase/auth_usecase.go:51.104,53.16 2 0
mail/auth-service/internal/usecase/auth_usecase.go:53.16,55.3 1 0
mail/auth-service/internal/usecase/auth_usecase.go:56.2,56.12 1 0
mail/auth-service/internal/usecase/auth_usecase.go:56.12,58.3 1 0
mail/auth-service/internal/usecase/auth_usecase.go:59.2,61.16 3 0
mail/auth-service/internal/usecase/auth_usecase.go:61.16,63.3 1 0
mail/auth-service/internal/usecase/auth_usecase.go:64.2,65.16 2 0
mail/auth-service/internal/usecase/auth_usecase.go:65.16,67.3 1 0
mail/auth-service/internal/usecase/auth_usecase.go:68.2,69.16 2 0
mail/auth-service/internal/usecase/auth_usecase.go:69.16,71.3 1 0
mail/auth-service/internal/usecase/auth_usecase.go:72.2,73.18 2 0
mail/auth-service/internal/usecase/auth_usecase.go:76.108,78.16 2 1
mail/auth-service/internal/usecase/auth_usecase.go:78.16,80.3 1 0
mail/auth-service/internal/usecase/auth_usecase.go:81.2,82.16 2 1
mail/auth-service/internal/usecase/auth_usecase.go:82.16,84.3 1 0
mail/auth-service/internal/usecase/auth_usecase.go:85.2,85.17 1 1
mail/auth-service/internal/usecase/auth_usecase.go:88.110,90.16 2 1
mail/auth-service/internal/usecase/auth_usecase.go:90.16,92.3 1 0
mail/auth-service/internal/usecase/auth_usecase.go:93.2,93.44 1 1
mail/auth-service/internal/usecase/auth_usecase.go:96.110,98.16 2 1
mail/auth-service/internal/usecase/auth_usecase.go:98.16,100.3 1 0
mail/auth-service/internal/usecase/auth_usecase.go:101.2,102.16 2 1
mail/auth-service/internal/usecase/auth_usecase.go:102.16,104.3 1 0
mail/auth-service/internal/usecase/auth_usecase.go:105.2,105.22 1 1
mail/auth-service/internal/usecase/auth_usecase.go:105.22,107.3 1 1
mail/auth-service/internal/usecase/auth_usecase.go:108.2,108.17 1 1
mail/smtp-service/pkg/smtp/smtp.go:21.71,29.2 1 1
mail/smtp-service/pkg/smtp/smtp.go:31.75,37.2 2 1
mail/smtp-service/pkg/smtp/smtp.go:39.86,40.18 1 1
mail/smtp-service/pkg/smtp/smtp.go:40.18,42.3 1 1
mail/smtp-service/pkg/smtp/smtp.go:44.2,53.14 5 1
mail/smtp-service/pkg/smtp/smtp.go:53.14,55.3 1 1
mail/smtp-service/pkg/smtp/smtp.go:55.8,57.3 1 0
mail/smtp-service/pkg/smtp/smtp.go:59.2,59.16 1 1
mail/smtp-service/pkg/smtp/smtp.go:59.16,61.3 1 0
mail/smtp-service/pkg/smtp/smtp.go:62.2,67.16 4 1
mail/smtp-service/pkg/smtp/smtp.go:67.16,69.3 1 0
mail/smtp-service/pkg/smtp/smtp.go:70.2,73.41 3 1
mail/smtp-service/pkg/smtp/smtp.go:73.41,75.3 1 0
mail/smtp-service/pkg/smtp/smtp.go:77.2,77.41 1 1
mail/smtp-service/pkg/smtp/smtp.go:77.41,79.3 1 0
mail/smtp-service/pkg/smtp/smtp.go:81.2,81.26 1 1
mail/smtp-service/pkg/smtp/smtp.go:81.26,82.42 1 1
mail/smtp-service/pkg/smtp/smtp.go:82.42,84.4 1 0
mail/smtp-service/pkg/smtp/smtp.go:87.2,88.16 2 1
mail/smtp-service/pkg/smtp/smtp.go:88.16,90.3 1 0
mail/smtp-service/pkg/smtp/smtp.go:92.2,94.16 3 1
mail/smtp-service/pkg/smtp/smtp.go:94.16,96.3 1 0
mail/smtp-service/pkg/smtp/smtp.go:98.2,98.33 1 1
mail/smtp-service/pkg/smtp/smtp.go:98.33,100.3 1 0
mail/smtp-service/pkg/smtp/smtp.go:102.2,102.22 1 1
mail/smtp-service/pkg/mocks/mock_email.go:26.69,30.2 3 0
mail/smtp-service/pkg/mocks/mock_email.go:33.67,35.2 1 0
mail/smtp-service/pkg/mocks/mock_email.go:61.75,65.2 3 1
mail/smtp-service/pkg/mocks/mock_email.go:68.73,70.2 1 1
mail/smtp-service/pkg/mocks/mock_email.go:74.67,79.2 4 1
mail/smtp-service/pkg/mocks/mock_email.go:82.86,85.2 2 1
mail/smtp-service/pkg/pop3/pop3.go:25.71,32.2 1 1
mail/smtp-service/pkg/pop3/pop3.go:34.38,35.33 1 1
mail/smtp-service/pkg/pop3/pop3.go:35.33,37.3 1 0
mail/smtp-service/pkg/pop3/pop3.go:39.2,39.41 1 1
mail/smtp-service/pkg/pop3/pop3.go:39.41,41.3 1 0
mail/smtp-service/pkg/pop3/pop3.go:43.2,43.12 1 1
mail/smtp-service/pkg/pop3/pop3.go:46.35,49.14 2 1
mail/smtp-service/pkg/pop3/pop3.go:49.14,51.23 2 1
mail/smtp-service/pkg/pop3/pop3.go:51.23,55.4 1 0
mail/smtp-service/pkg/pop3/pop3.go:57.3,58.17 2 1
mail/smtp-service/pkg/pop3/pop3.go:58.17,60.4 1 0
mail/smtp-service/pkg/pop3/pop3.go:61.3,61.16 1 1
mail/smtp-service/pkg/pop3/pop3.go:62.8,64.17 2 1
mail/smtp-service/pkg/pop3/pop3.go:64.17,66.4 1 0
mail/smtp-service/pkg/pop3/pop3.go:67.3,67.16 1 1
mail/smtp-service/pkg/pop3/pop3.go:70.2,73.50 3 1
mail/smtp-service/pkg/pop3/pop3.go:76.43,77.90 1 1
mail/smtp-service/pkg/pop3/pop3.go:77.90,79.3 1 0
mail/smtp-service/pkg/pop3/pop3.go:81.2,81.74 1 1
mail/smtp-service/pkg/pop3/pop3.go:84.71,85.43 1 1
mail/smtp-service/pkg/pop3/pop3.go:85.43,87.3 1 0
mail/smtp-service/pkg/pop3/pop3.go:88.2,88.35 1 1
mail/smtp-service/pkg/pop3/pop3.go:91.60,93.16 2 1
mail/smtp-service/pkg/pop3/pop3.go:93.16,95.3 1 0
mail/smtp-service/pkg/pop3/pop3.go:96.2,96.41 1 1
mail/smtp-service/pkg/pop3/pop3.go:96.41,98.3 1 0
mail/smtp-service/pkg/pop3/pop3.go:99.2,99.12 1 1
mail/smtp-service/pkg/pop3/pop3.go:102.52,104.16 2 1
mail/smtp-service/pkg/pop3/pop3.go:104.16,106.3 1 0
mail/smtp-service/pkg/pop3/pop3.go:107.2,107.25 1 1
mail/smtp-service/pkg/pop3/pop3.go:110.53,112.16 2 1
mail/smtp-service/pkg/pop3/pop3.go:112.16,114.3 1 0
mail/smtp-service/pkg/pop3/pop3.go:115.2,115.41 1 1
mail/smtp-service/pkg/pop3/pop3.go:118.62,120.6 2 1
mail/smtp-service/pkg/pop3/pop3.go:120.6,122.17 2 1
mail/smtp-service/pkg/pop3/pop3.go:122.17,124.4 1 0
mail/smtp-service/pkg/pop3/pop3.go:125.3,126.18 2 1
mail/smtp-service/pkg/pop3/pop3.go:126.18,127.9 1 1
mail/smtp-service/pkg/pop3/pop3.go:129.3,129.30 1 1
mail/smtp-service/pkg/pop3/pop3.go:131.2,131.39 1 1
mail/smtp-service/pkg/pop3/pop3.go:134.67,135.73 1 1
mail/smtp-service/pkg/pop3/pop3.go:135.73,137.3 1 0
mail/smtp-service/pkg/pop3/pop3.go:138.2,139.16 2 1
mail/smtp-service/pkg/pop3/pop3.go:139.16,141.3 1 0
mail/smtp-service/pkg/pop3/pop3.go:142.2,142.41 1 1
mail/smtp-service/pkg/pop3/pop3.go:142.41,144.3 1 0
mail/smtp-service/pkg/pop3/pop3.go:145.2,145.22 1 1
mail/smtp-service/pkg/pop3/pop3.go:148.73,150.16 2 1
mail/smtp-service/pkg/pop3/pop3.go:150.16,152.3 1 0
mail/smtp-service/pkg/pop3/pop3.go:154.2,154.44 1 1
mail/smtp-service/pkg/pop3/pop3.go:157.53,158.46 1 1
mail/smtp-service/pkg/pop3/pop3.go:158.46,160.3 1 0
mail/smtp-service/pkg/pop3/pop3.go:162.2,163.16 2 1
mail/smtp-service/pkg/pop3/pop3.go:163.16,165.3 1 0
mail/smtp-service/pkg/pop3/pop3.go:167.2,168.20 2 1
mail/smtp-service/pkg/pop3/pop3.go:168.20,170.3 1 0
mail/smtp-service/pkg/pop3/pop3.go:172.2,174.19 3 1
mail/smtp-service/pkg/pop3/pop3.go:177.86,181.30 3 1
mail/smtp-service/pkg/pop3/pop3.go:181.30,182.55 1 1
mail/smtp-service/pkg/pop3/pop3.go:182.55,184.12 2 0
mail/smtp-service/pkg/pop3/pop3.go:186.3,186.15 1 1
mail/smtp-service/pkg/pop3/pop3.go:189.2,189.44 1 1
mail/smtp-service/pkg/pop3/pop3.go:189.44,191.3 1 0
mail/smtp-service/pkg/pop3/pop3.go:193.2,193.12 1 1
mail/smtp-service/pkg/pop3/pop3.go:196.95,198.16 2 1
mail/smtp-service/pkg/pop3/pop3.go:198.16,200.3 1 0
mail/smtp-service/pkg/pop3/pop3.go:202.2,203.16 2 1
mail/smtp-service/pkg/pop3/pop3.go:203.16,205.3 1 0
mail/smtp-service/pkg/pop3/pop3.go:207.2,207.30 1 1
mail/smtp-service/pkg/pop3/pop3.go:210.35,211.46 1 1
mail/smtp-service/pkg/pop3/pop3.go:211.46,213.3 1 1
mail/smtp-service/pkg/pop3/pop3.go:214.2,215.16 2 1
mail/smtp-service/pkg/pop3/pop3.go:215.16,217.3 1 0
mail/smtp-service/pkg/pop3/pop3.go:218.2,218.41 1 1
mail/smtp-service/pkg/pop3/pop3.go:218.41,220.3 1 0
mail/smtp-service/pkg/pop3/pop3.go:221.2,221.23 1 1
mail/smtp-service/pkg/pop3/pop3.go:224.51,232.29 4 1
mail/smtp-service/pkg/pop3/pop3.go:232.29,233.17 1 1
mail/smtp-service/pkg/pop3/pop3.go:233.17,235.9 2 1
mail/smtp-service/pkg/pop3/pop3.go:237.3,237.40 1 1
mail/smtp-service/pkg/pop3/pop3.go:237.40,239.4 1 1
mail/smtp-service/pkg/pop3/pop3.go:239.9,239.45 1 1
mail/smtp-service/pkg/pop3/pop3.go:239.45,241.4 1 1
mail/smtp-service/pkg/pop3/pop3.go:241.9,241.50 1 1
mail/smtp-service/pkg/pop3/pop3.go:241.50,243.4 1 1
mail/smtp-service/pkg/pop3/pop3.go:243.9,243.47 1 1
mail/smtp-service/pkg/pop3/pop3.go:243.47,246.18 3 1
mail/smtp-service/pkg/pop3/pop3.go:246.18,248.5 1 0
mail/smtp-service/pkg/pop3/pop3.go:249.4,249.35 1 1
mail/smtp-service/pkg/pop3/pop3.go:253.2,253.48 1 1
mail/smtp-service/pkg/pop3/pop3.go:253.48,255.3 1 0
mail/smtp-service/pkg/pop3/pop3.go:256.2,258.19 2 1
mail/api-service/internal/models/user_model.go:48.38,51.2 2 0
mail/api-service/internal/models/user_model.go:53.36,56.2 2 0
mail/api-service/pkg/utils/error_response.go:9.86,18.2 5 0
mail/api-service/pkg/utils/hash.go:8.37,10.44 2 0
mail/api-service/pkg/utils/hash.go:10.44,12.3 1 0
mail/api-service/pkg/utils/hash.go:13.2,13.39 1 0
mail/api-service/pkg/utils/sanitize.go:7.34,10.2 2 0
mail/config/config.go:52.64,56.16 3 0
mail/config/config.go:56.16,58.3 1 0
mail/config/config.go:59.2,62.40 3 0
mail/config/config.go:62.40,64.3 1 0
mail/config/config.go:65.2,66.20 2 0
mail/service/postgres/init.go:11.48,17.16 4 1
mail/service/postgres/init.go:17.16,19.3 1 0
mail/service/postgres/init.go:21.2,21.16 1 1
mail/smtp-service/internal/app/app.go:18.53,20.16 2 1
mail/smtp-service/internal/app/app.go:20.16,22.3 1 0
mail/smtp-service/internal/app/app.go:23.2,37.16 10 1
mail/smtp-service/internal/app/app.go:37.16,39.3 1 0
mail/smtp-service/internal/app/app.go:40.2,49.16 5 1
mail/smtp-service/internal/app/app.go:49.16,51.3 1 0
mail/smtp-service/internal/app/app.go:52.2,52.12 1 0
mail/smtp-service/internal/app/app.go:55.72,59.2 1 1
mail/smtp-service/internal/app/app.go:60.72,62.2 1 1
mail/smtp-service/internal/delivery/email_fetcher.go:16.99,21.2 1 1
mail/smtp-service/internal/delivery/email_fetcher.go:22.87,25.2 2 1
mail/smtp-service/internal/delivery/email_fetcher.go:27.33,28.47 1 1
mail/smtp-service/internal/delivery/email_fetcher.go:28.47,30.3 1 0
mail/smtp-service/internal/delivery/email_fetcher.go:32.2,32.12 1 1
mail/smtp-service/internal/delivery/email_fetcher.go:32.12,36.22 3 1
mail/smtp-service/internal/delivery/email_fetcher.go:36.22,37.50 1 0
mail/smtp-service/internal/delivery/email_fetcher.go:37.51,38.5 0 0
mail/smtp-service/internal/delivery/email_fetcher.go:38.10,40.5 1 0
mail/smtp-service/internal/delivery/email_fetcher.go:44.52,45.46 1 0
mail/smtp-service/internal/delivery/email_fetcher.go:45.46,47.3 1 0
mail/smtp-service/internal/delivery/email_fetcher.go:48.2,50.62 2 0
mail/smtp-service/internal/delivery/email_fetcher.go:50.62,52.3 1 0
mail/smtp-service/internal/delivery/email_fetcher.go:54.2,54.12 1 0
mail/smtp-service/internal/repo/email_repo.go:15.86,17.2 1 1
mail/smtp-service/internal/repo/email_repo.go:19.71,26.16 6 0
mail/smtp-service/internal/repo/email_repo.go:26.16,29.3 2 0
mail/smtp-service/internal/repo/email_repo.go:30.2,38.16 4 0
mail/smtp-service/internal/repo/email_repo.go:38.16,41.3 2 0
mail/smtp-service/internal/repo/email_repo.go:43.2,44.25 2 0
mail/smtp-service/internal/repo/email_repo.go:44.25,46.3 1 0
mail/smtp-service/internal/repo/email_repo.go:46.8,48.3 1 0
mail/smtp-service/internal/repo/email_repo.go:50.2,55.16 3 0
mail/smtp-service/internal/repo/email_repo.go:55.16,58.3 2 0
mail/smtp-service/internal/repo/email_repo.go:59.2,64.16 3 0
mail/smtp-service/internal/repo/email_repo.go:64.16,67.3 2 0
mail/smtp-service/internal/repo/email_repo.go:69.2,77.16 2 0
mail/smtp-service/internal/repo/email_repo.go:77.16,80.3 2 0
mail/smtp-service/internal/repo/email_repo.go:82.2,87.16 3 0
mail/smtp-service/internal/repo/email_repo.go:87.16,90.3 2 0
mail/smtp-service/internal/repo/email_repo.go:91.2,96.16 3 0
mail/smtp-service/internal/repo/email_repo.go:96.16,99.3 2 0
mail/smtp-service/internal/repo/email_repo.go:101.2,109.16 2 0
mail/smtp-service/internal/repo/email_repo.go:109.16,112.3 2 0
mail/smtp-service/internal/repo/email_repo.go:114.2,114.20 1 0
mail/smtp-service/internal/repo/pop3_repo.go:16.103,22.2 1 1
mail/smtp-service/internal/repo/pop3_repo.go:24.42,26.16 2 0
mail/smtp-service/internal/repo/pop3_repo.go:26.16,28.3 1 0
mail/smtp-service/internal/repo/pop3_repo.go:29.2,29.12 1 0
mail/smtp-service/internal/repo/pop3_repo.go:32.77,34.16 2 0
mail/smtp-service/internal/repo/pop3_repo.go:34.16,36.3 1 0
mail/smtp-service/internal/repo/pop3_repo.go:37.2,37.12 1 0
mail/smtp-service/internal/repo/pop3_repo.go:40.39,42.16 2 0
mail/smtp-service/internal/repo/pop3_repo.go:42.16,44.3 1 0
mail/smtp-service/internal/repo/pop3_repo.go:45.2,45.12 1 0
mail/smtp-service/internal/repo/smtp_repo.go:15.103,17.2 1 1
mail/smtp-service/internal/repo/smtp_repo.go:19.97,21.16 2 0
mail/smtp-service/internal/repo/smtp_repo.go:21.16,23.3 1 0
mail/smtp-service/internal/repo/smtp_repo.go:24.2,24.12 1 0
mail/smtp-service/internal/usecase/pop3smtp_usecase.go:22.209,30.2 1 1
mail/smtp-service/internal/usecase/pop3smtp_usecase.go:32.128,35.2 2 0
mail/smtp-service/internal/usecase/pop3smtp_usecase.go:37.137,50.2 4 0
mail/smtp-service/internal/usecase/pop3smtp_usecase.go:52.131,63.2 4 0
mail/smtp-service/internal/usecase/pop3smtp_usecase.go:65.155,66.45 1 0
mail/smtp-service/internal/usecase/pop3smtp_usecase.go:66.45,68.3 1 0
mail/smtp-service/internal/usecase/pop3smtp_usecase.go:69.2,71.60 2 0
mail/smtp-service/internal/usecase/pop3smtp_usecase.go:71.60,73.3 1 0
mail/smtp-service/internal/usecase/pop3smtp_usecase.go:74.2,74.46 1 0
