mode: set
mail/config/config.go:44.64,48.16 3 0
mail/config/config.go:48.16,50.3 1 0
mail/config/config.go:51.2,54.40 3 0
mail/config/config.go:54.40,56.3 1 0
mail/config/config.go:57.2,58.20 2 0
mail/cmd/main.go:10.13,17.16 5 0
mail/cmd/main.go:17.16,19.3 1 0
mail/cmd/main.go:20.2,20.43 1 0
mail/cmd/main.go:20.43,22.3 1 0
mail/internal/app/app.go:11.53,15.16 3 0
mail/internal/app/app.go:15.16,17.3 1 0
mail/internal/app/app.go:19.2,20.16 2 0
mail/internal/app/app.go:20.16,22.3 1 0
mail/internal/app/app.go:24.2,25.16 2 0
mail/internal/app/app.go:25.16,27.3 1 0
mail/internal/app/app.go:29.2,29.91 1 0
mail/internal/app/app.go:29.91,31.3 1 0
mail/internal/app/app.go:32.2,32.12 1 0
mail/internal/delivery/httpserver/httpserver.go:26.137,31.50 5 0
mail/internal/delivery/httpserver/httpserver.go:31.50,33.3 1 0
mail/internal/delivery/httpserver/httpserver.go:34.2,34.12 1 0
mail/internal/delivery/httpserver/httpserver.go:37.142,71.2 23 0
mail/internal/delivery/httpserver/httpserver.go:73.88,77.2 1 0
mail/internal/delivery/httpserver/httpserver.go:78.88,80.2 1 0
mail/internal/delivery/httpserver/httpserver.go:82.64,85.2 2 0
mail/internal/delivery/httpserver/email/mocks/mock_csrf.go:27.73,31.2 3 0
mail/internal/delivery/httpserver/email/mocks/mock_csrf.go:34.71,36.2 1 0
mail/internal/delivery/httpserver/email/mocks/mock_csrf.go:39.97,45.2 5 0
mail/internal/delivery/httpserver/email/mocks/mock_csrf.go:48.90,51.2 2 0
mail/internal/delivery/httpserver/email/mocks/mock_csrf.go:54.83,59.2 4 0
mail/internal/delivery/httpserver/email/mocks/mock_csrf.go:62.92,65.2 2 0
mail/internal/delivery/httpserver/email/mocks/mock_csrf.go:68.90,74.2 5 0
mail/internal/delivery/httpserver/email/mocks/mock_csrf.go:77.89,80.2 2 0
mail/internal/delivery/httpserver/email/mocks/mock_email.go:26.69,30.2 3 0
mail/internal/delivery/httpserver/email/mocks/mock_email.go:33.67,35.2 1 0
mail/internal/delivery/httpserver/email/mocks/mock_email.go:38.68,43.2 4 0
mail/internal/delivery/httpserver/email/mocks/mock_email.go:46.91,49.2 2 0
mail/internal/delivery/httpserver/email/mocks/mock_email.go:52.98,57.2 4 0
mail/internal/delivery/httpserver/email/mocks/mock_email.go:60.110,63.2 2 0
mail/internal/delivery/httpserver/email/mocks/mock_email.go:66.55,71.2 4 0
mail/internal/delivery/httpserver/email/mocks/mock_email.go:74.75,77.2 2 0
mail/internal/delivery/httpserver/email/mocks/mock_email.go:80.101,85.2 4 0
mail/internal/delivery/httpserver/email/mocks/mock_email.go:88.104,91.2 2 0
mail/internal/delivery/httpserver/email/mocks/mock_email.go:94.71,100.2 5 0
mail/internal/delivery/httpserver/email/mocks/mock_email.go:103.83,106.2 2 0
mail/internal/delivery/httpserver/email/mocks/mock_email.go:109.86,115.2 5 0
mail/internal/delivery/httpserver/email/mocks/mock_email.go:118.93,121.2 2 0
mail/internal/delivery/httpserver/email/mocks/mock_email.go:124.69,130.2 5 0
mail/internal/delivery/httpserver/email/mocks/mock_email.go:133.76,136.2 2 0
mail/internal/delivery/httpserver/email/mocks/mock_email.go:139.108,144.2 4 0
mail/internal/delivery/httpserver/email/mocks/mock_email.go:147.113,150.2 2 0
mail/internal/delivery/httpserver/email/mocks/mock_email.go:153.64,158.2 4 0
mail/internal/delivery/httpserver/email/mocks/mock_email.go:161.83,164.2 2 0
mail/internal/delivery/httpserver/email/mocks/mock_email.go:167.92,172.2 4 0
mail/internal/delivery/httpserver/email/mocks/mock_email.go:175.101,178.2 2 0
mail/internal/delivery/httpserver/email/mocks/mock_email.go:192.75,196.2 3 0
mail/internal/delivery/httpserver/email/mocks/mock_email.go:199.73,201.2 1 0
mail/internal/delivery/httpserver/email/mocks/mock_email.go:204.71,209.2 4 0
mail/internal/delivery/httpserver/email/mocks/mock_email.go:212.94,215.2 2 0
mail/internal/delivery/httpserver/email/mocks/mock_email.go:218.101,223.2 4 0
mail/internal/delivery/httpserver/email/mocks/mock_email.go:226.113,229.2 2 0
mail/internal/delivery/httpserver/email/mocks/mock_email.go:232.74,238.2 5 0
mail/internal/delivery/httpserver/email/mocks/mock_email.go:241.86,244.2 2 0
mail/internal/delivery/httpserver/email/mocks/mock_email.go:247.89,253.2 5 0
mail/internal/delivery/httpserver/email/mocks/mock_email.go:256.96,259.2 2 0
mail/internal/delivery/httpserver/email/mocks/mock_email.go:262.72,268.2 5 0
mail/internal/delivery/httpserver/email/mocks/mock_email.go:271.79,274.2 2 0
mail/internal/delivery/httpserver/email/mocks/mock_email.go:277.67,282.2 4 0
mail/internal/delivery/httpserver/email/mocks/mock_email.go:285.86,288.2 2 0
mail/internal/delivery/httpserver/email/mocks/mock_email.go:302.73,306.2 3 0
mail/internal/delivery/httpserver/email/mocks/mock_email.go:309.71,311.2 1 0
mail/internal/delivery/httpserver/email/mocks/mock_email.go:314.94,319.2 4 0
mail/internal/delivery/httpserver/email/mocks/mock_email.go:322.103,325.2 2 0
mail/internal/delivery/httpserver/email/mocks/mock_email.go:339.73,343.2 3 0
mail/internal/delivery/httpserver/email/mocks/mock_email.go:346.71,348.2 1 0
mail/internal/delivery/httpserver/email/mocks/mock_email.go:351.46,356.2 4 0
mail/internal/delivery/httpserver/email/mocks/mock_email.go:359.66,362.2 2 0
mail/internal/delivery/httpserver/email/mocks/mock_email.go:365.77,370.2 4 0
mail/internal/delivery/httpserver/email/mocks/mock_email.go:373.86,376.2 2 0
mail/internal/delivery/httpserver/email/mocks/mock_email.go:379.43,384.2 4 0
mail/internal/delivery/httpserver/email/mocks/mock_email.go:387.63,390.2 2 0
mail/internal/delivery/httpserver/email/mocks/mock_session.go:27.79,31.2 3 0
mail/internal/delivery/httpserver/email/mocks/mock_session.go:34.77,36.2 1 0
mail/internal/delivery/httpserver/email/mocks/mock_session.go:39.106,45.2 5 0
mail/internal/delivery/httpserver/email/mocks/mock_session.go:48.96,51.2 2 0
mail/internal/delivery/httpserver/email/mocks/mock_session.go:54.92,59.2 4 0
mail/internal/delivery/httpserver/email/mocks/mock_session.go:62.101,65.2 2 0
mail/internal/delivery/httpserver/email/mocks/mock_session.go:68.99,74.2 5 0
mail/internal/delivery/httpserver/email/mocks/mock_session.go:77.98,80.2 2 0
mail/internal/delivery/httpserver/email/mocks/user_mock.go:28.67,32.2 3 0
mail/internal/delivery/httpserver/email/mocks/user_mock.go:35.65,37.2 1 0
mail/internal/delivery/httpserver/email/mocks/user_mock.go:40.110,45.2 4 0
mail/internal/delivery/httpserver/email/mocks/user_mock.go:48.99,51.2 2 0
mail/internal/delivery/httpserver/email/mocks/user_mock.go:54.64,59.2 4 0
mail/internal/delivery/httpserver/email/mocks/user_mock.go:62.89,65.2 2 0
mail/internal/delivery/httpserver/email/mocks/user_mock.go:68.72,73.2 4 0
mail/internal/delivery/httpserver/email/mocks/user_mock.go:76.97,79.2 2 0
mail/internal/delivery/httpserver/email/mocks/user_mock.go:82.92,88.2 5 0
mail/internal/delivery/httpserver/email/mocks/user_mock.go:91.91,94.2 2 0
mail/internal/delivery/httpserver/email/mocks/user_mock.go:97.88,102.2 4 0
mail/internal/delivery/httpserver/email/mocks/user_mock.go:105.97,108.2 2 0
mail/internal/delivery/httpserver/email/mocks/user_mock.go:111.75,118.2 6 0
mail/internal/delivery/httpserver/email/mocks/user_mock.go:121.82,124.2 2 0
mail/internal/delivery/httpserver/email/mocks/user_mock.go:127.126,135.2 7 0
mail/internal/delivery/httpserver/email/mocks/user_mock.go:138.82,141.2 2 0
mail/internal/delivery/httpserver/email/mocks/user_mock.go:144.72,149.2 4 0
mail/internal/delivery/httpserver/email/mocks/user_mock.go:152.81,155.2 2 0
mail/internal/delivery/httpserver/email/mocks/user_mock.go:158.127,166.2 7 0
mail/internal/delivery/httpserver/email/mocks/user_mock.go:169.83,172.2 2 0
mail/internal/delivery/httpserver/email/mocks/user_mock.go:186.73,190.2 3 0
mail/internal/delivery/httpserver/email/mocks/user_mock.go:193.71,195.2 1 0
mail/internal/delivery/httpserver/email/mocks/user_mock.go:198.82,204.2 5 0
mail/internal/delivery/httpserver/email/mocks/user_mock.go:207.85,210.2 2 0
mail/internal/delivery/httpserver/email/mocks/user_mock.go:213.84,219.2 5 0
mail/internal/delivery/httpserver/email/mocks/user_mock.go:222.87,225.2 2 0
mail/internal/delivery/httpserver/email/mocks/user_mock.go:228.81,234.2 5 0
mail/internal/delivery/httpserver/email/mocks/user_mock.go:237.90,240.2 2 0
mail/internal/delivery/httpserver/email/mocks/user_mock.go:243.66,249.2 5 0
mail/internal/delivery/httpserver/email/mocks/user_mock.go:252.83,255.2 2 0
mail/internal/delivery/httpserver/email/mocks/user_mock.go:258.66,263.2 4 0
mail/internal/delivery/httpserver/email/mocks/user_mock.go:266.85,269.2 2 0
mail/internal/delivery/middleware/authMW.go:13.55,15.2 1 0
mail/internal/delivery/middleware/authMW.go:17.66,18.71 1 0
mail/internal/delivery/middleware/authMW.go:18.71,19.37 1 0
mail/internal/delivery/middleware/authMW.go:19.37,22.4 2 0
mail/internal/delivery/middleware/authMW.go:24.3,26.20 3 0
mail/internal/delivery/middleware/authMW.go:26.20,28.4 1 0
mail/internal/delivery/middleware/authMW.go:30.3,32.20 3 0
mail/internal/delivery/middleware/authMW.go:32.20,34.4 1 0
mail/internal/delivery/middleware/authMW.go:36.3,36.17 1 0
mail/internal/delivery/middleware/authMW.go:36.17,39.4 2 0
mail/internal/delivery/middleware/authMW.go:41.3,42.17 2 0
mail/internal/delivery/middleware/authMW.go:42.17,45.4 2 0
mail/internal/delivery/middleware/authMW.go:46.3,47.17 2 0
mail/internal/delivery/middleware/authMW.go:47.17,50.4 2 0
mail/internal/delivery/middleware/authMW.go:52.3,54.23 3 0
mail/internal/delivery/middleware/corsMW.go:8.63,9.71 1 0
mail/internal/delivery/middleware/corsMW.go:9.71,15.37 5 0
mail/internal/delivery/middleware/corsMW.go:15.37,18.4 2 0
mail/internal/delivery/middleware/corsMW.go:20.3,20.23 1 0
mail/internal/delivery/middleware/loggerMW.go:15.57,18.2 2 0
mail/internal/delivery/middleware/loggerMW.go:24.46,26.2 1 0
mail/internal/delivery/middleware/loggerMW.go:28.64,29.71 1 0
mail/internal/delivery/middleware/loggerMW.go:29.71,33.10 4 0
mail/internal/delivery/middleware/loggerMW.go:33.10,35.4 1 0
mail/internal/delivery/middleware/loggerMW.go:37.3,45.86 6 0
mail/internal/delivery/middleware/middleware.go:9.93,13.2 3 0
mail/internal/delivery/middleware/panicMW.go:8.54,9.71 1 0
mail/internal/delivery/middleware/panicMW.go:9.71,10.16 1 0
mail/internal/delivery/middleware/panicMW.go:10.16,11.36 1 0
mail/internal/delivery/middleware/panicMW.go:11.36,13.5 1 0
mail/internal/delivery/middleware/panicMW.go:15.3,15.23 1 0
mail/internal/models/user_model.go:55.38,58.2 2 0
mail/internal/models/user_model.go:60.36,63.2 2 0
mail/internal/delivery/httpserver/auth/LoginHandler.go:10.76,14.16 3 1
mail/internal/delivery/httpserver/auth/LoginHandler.go:14.16,17.3 2 1
mail/internal/delivery/httpserver/auth/LoginHandler.go:19.2,22.39 3 1
mail/internal/delivery/httpserver/auth/LoginHandler.go:22.39,25.3 2 0
mail/internal/delivery/httpserver/auth/LoginHandler.go:27.2,27.42 1 1
mail/internal/delivery/httpserver/auth/LoginHandler.go:27.42,30.3 2 0
mail/internal/delivery/httpserver/auth/LoginHandler.go:32.2,33.16 2 1
mail/internal/delivery/httpserver/auth/LoginHandler.go:33.16,36.3 2 0
mail/internal/delivery/httpserver/auth/LoginHandler.go:38.2,39.31 2 1
mail/internal/delivery/httpserver/auth/LoginHandler.go:39.31,41.3 1 1
mail/internal/delivery/httpserver/auth/LoginHandler.go:43.2,44.16 2 1
mail/internal/delivery/httpserver/auth/LoginHandler.go:44.16,47.3 2 0
mail/internal/delivery/httpserver/auth/LoginHandler.go:49.2,67.17 7 1
mail/internal/delivery/httpserver/auth/LogoutHandler.go:8.77,10.21 2 1
mail/internal/delivery/httpserver/auth/LogoutHandler.go:10.21,13.3 2 1
mail/internal/delivery/httpserver/auth/LogoutHandler.go:14.2,17.16 3 1
mail/internal/delivery/httpserver/auth/LogoutHandler.go:17.16,20.3 2 1
mail/internal/delivery/httpserver/auth/LogoutHandler.go:22.2,28.30 3 1
mail/internal/delivery/httpserver/auth/SignupHandler.go:10.77,14.16 3 1
mail/internal/delivery/httpserver/auth/SignupHandler.go:14.16,17.3 2 1
mail/internal/delivery/httpserver/auth/SignupHandler.go:19.2,24.40 5 1
mail/internal/delivery/httpserver/auth/SignupHandler.go:24.40,27.3 2 1
mail/internal/delivery/httpserver/auth/SignupHandler.go:29.2,29.123 1 1
mail/internal/delivery/httpserver/auth/SignupHandler.go:29.123,32.3 2 0
mail/internal/delivery/httpserver/auth/SignupHandler.go:34.2,34.42 1 1
mail/internal/delivery/httpserver/auth/SignupHandler.go:34.42,37.3 2 1
mail/internal/delivery/httpserver/auth/SignupHandler.go:39.2,41.16 2 1
mail/internal/delivery/httpserver/auth/SignupHandler.go:41.16,44.3 2 1
mail/internal/delivery/httpserver/auth/SignupHandler.go:46.2,62.30 6 1
mail/internal/delivery/httpserver/auth/auth_router.go:13.55,15.2 1 1
mail/internal/delivery/httpserver/auth/auth_router.go:17.60,21.2 3 0
mail/internal/delivery/httpserver/email/mocks/mock_csrf.go:27.73,31.2 3 0
mail/internal/delivery/httpserver/email/mocks/mock_csrf.go:34.71,36.2 1 0
mail/internal/delivery/httpserver/email/mocks/mock_csrf.go:39.97,45.2 5 0
mail/internal/delivery/httpserver/email/mocks/mock_csrf.go:48.90,51.2 2 0
mail/internal/delivery/httpserver/email/mocks/mock_csrf.go:54.83,59.2 4 0
mail/internal/delivery/httpserver/email/mocks/mock_csrf.go:62.92,65.2 2 0
mail/internal/delivery/httpserver/email/mocks/mock_csrf.go:68.90,74.2 5 0
mail/internal/delivery/httpserver/email/mocks/mock_csrf.go:77.89,80.2 2 0
mail/internal/delivery/httpserver/email/mocks/mock_email.go:26.69,30.2 3 0
mail/internal/delivery/httpserver/email/mocks/mock_email.go:33.67,35.2 1 0
mail/internal/delivery/httpserver/email/mocks/mock_email.go:38.68,43.2 4 0
mail/internal/delivery/httpserver/email/mocks/mock_email.go:46.91,49.2 2 0
mail/internal/delivery/httpserver/email/mocks/mock_email.go:52.98,57.2 4 0
mail/internal/delivery/httpserver/email/mocks/mock_email.go:60.110,63.2 2 0
mail/internal/delivery/httpserver/email/mocks/mock_email.go:66.55,71.2 4 0
mail/internal/delivery/httpserver/email/mocks/mock_email.go:74.75,77.2 2 0
mail/internal/delivery/httpserver/email/mocks/mock_email.go:80.101,85.2 4 0
mail/internal/delivery/httpserver/email/mocks/mock_email.go:88.104,91.2 2 0
mail/internal/delivery/httpserver/email/mocks/mock_email.go:94.71,100.2 5 0
mail/internal/delivery/httpserver/email/mocks/mock_email.go:103.83,106.2 2 0
mail/internal/delivery/httpserver/email/mocks/mock_email.go:109.86,115.2 5 0
mail/internal/delivery/httpserver/email/mocks/mock_email.go:118.93,121.2 2 0
mail/internal/delivery/httpserver/email/mocks/mock_email.go:124.69,130.2 5 0
mail/internal/delivery/httpserver/email/mocks/mock_email.go:133.76,136.2 2 0
mail/internal/delivery/httpserver/email/mocks/mock_email.go:139.108,144.2 4 0
mail/internal/delivery/httpserver/email/mocks/mock_email.go:147.113,150.2 2 0
mail/internal/delivery/httpserver/email/mocks/mock_email.go:153.64,158.2 4 0
mail/internal/delivery/httpserver/email/mocks/mock_email.go:161.83,164.2 2 0
mail/internal/delivery/httpserver/email/mocks/mock_email.go:167.92,172.2 4 0
mail/internal/delivery/httpserver/email/mocks/mock_email.go:175.101,178.2 2 0
mail/internal/delivery/httpserver/email/mocks/mock_email.go:192.75,196.2 3 0
mail/internal/delivery/httpserver/email/mocks/mock_email.go:199.73,201.2 1 0
mail/internal/delivery/httpserver/email/mocks/mock_email.go:204.71,209.2 4 0
mail/internal/delivery/httpserver/email/mocks/mock_email.go:212.94,215.2 2 0
mail/internal/delivery/httpserver/email/mocks/mock_email.go:218.101,223.2 4 0
mail/internal/delivery/httpserver/email/mocks/mock_email.go:226.113,229.2 2 0
mail/internal/delivery/httpserver/email/mocks/mock_email.go:232.74,238.2 5 0
mail/internal/delivery/httpserver/email/mocks/mock_email.go:241.86,244.2 2 0
mail/internal/delivery/httpserver/email/mocks/mock_email.go:247.89,253.2 5 0
mail/internal/delivery/httpserver/email/mocks/mock_email.go:256.96,259.2 2 0
mail/internal/delivery/httpserver/email/mocks/mock_email.go:262.72,268.2 5 0
mail/internal/delivery/httpserver/email/mocks/mock_email.go:271.79,274.2 2 0
mail/internal/delivery/httpserver/email/mocks/mock_email.go:277.67,282.2 4 0
mail/internal/delivery/httpserver/email/mocks/mock_email.go:285.86,288.2 2 0
mail/internal/delivery/httpserver/email/mocks/mock_email.go:302.73,306.2 3 0
mail/internal/delivery/httpserver/email/mocks/mock_email.go:309.71,311.2 1 0
mail/internal/delivery/httpserver/email/mocks/mock_email.go:314.94,319.2 4 0
mail/internal/delivery/httpserver/email/mocks/mock_email.go:322.103,325.2 2 0
mail/internal/delivery/httpserver/email/mocks/mock_email.go:339.73,343.2 3 0
mail/internal/delivery/httpserver/email/mocks/mock_email.go:346.71,348.2 1 0
mail/internal/delivery/httpserver/email/mocks/mock_email.go:351.46,356.2 4 0
mail/internal/delivery/httpserver/email/mocks/mock_email.go:359.66,362.2 2 0
mail/internal/delivery/httpserver/email/mocks/mock_email.go:365.77,370.2 4 0
mail/internal/delivery/httpserver/email/mocks/mock_email.go:373.86,376.2 2 0
mail/internal/delivery/httpserver/email/mocks/mock_email.go:379.43,384.2 4 0
mail/internal/delivery/httpserver/email/mocks/mock_email.go:387.63,390.2 2 0
mail/internal/delivery/httpserver/email/mocks/mock_session.go:27.79,31.2 3 0
mail/internal/delivery/httpserver/email/mocks/mock_session.go:34.77,36.2 1 0
mail/internal/delivery/httpserver/email/mocks/mock_session.go:39.106,45.2 5 0
mail/internal/delivery/httpserver/email/mocks/mock_session.go:48.96,51.2 2 0
mail/internal/delivery/httpserver/email/mocks/mock_session.go:54.92,59.2 4 0
mail/internal/delivery/httpserver/email/mocks/mock_session.go:62.101,65.2 2 0
mail/internal/delivery/httpserver/email/mocks/mock_session.go:68.99,74.2 5 0
mail/internal/delivery/httpserver/email/mocks/mock_session.go:77.98,80.2 2 0
mail/internal/delivery/httpserver/email/mocks/user_mock.go:28.67,32.2 3 1
mail/internal/delivery/httpserver/email/mocks/user_mock.go:35.65,37.2 1 1
mail/internal/delivery/httpserver/email/mocks/user_mock.go:40.110,45.2 4 0
mail/internal/delivery/httpserver/email/mocks/user_mock.go:48.99,51.2 2 0
mail/internal/delivery/httpserver/email/mocks/user_mock.go:54.64,59.2 4 0
mail/internal/delivery/httpserver/email/mocks/user_mock.go:62.89,65.2 2 0
mail/internal/delivery/httpserver/email/mocks/user_mock.go:68.72,73.2 4 0
mail/internal/delivery/httpserver/email/mocks/user_mock.go:76.97,79.2 2 0
mail/internal/delivery/httpserver/email/mocks/user_mock.go:82.92,88.2 5 0
mail/internal/delivery/httpserver/email/mocks/user_mock.go:91.91,94.2 2 0
mail/internal/delivery/httpserver/email/mocks/user_mock.go:97.88,102.2 4 0
mail/internal/delivery/httpserver/email/mocks/user_mock.go:105.97,108.2 2 0
mail/internal/delivery/httpserver/email/mocks/user_mock.go:111.75,118.2 6 0
mail/internal/delivery/httpserver/email/mocks/user_mock.go:121.82,124.2 2 0
mail/internal/delivery/httpserver/email/mocks/user_mock.go:127.126,135.2 7 1
mail/internal/delivery/httpserver/email/mocks/user_mock.go:138.82,141.2 2 1
mail/internal/delivery/httpserver/email/mocks/user_mock.go:144.72,149.2 4 1
mail/internal/delivery/httpserver/email/mocks/user_mock.go:152.81,155.2 2 1
mail/internal/delivery/httpserver/email/mocks/user_mock.go:158.127,166.2 7 1
mail/internal/delivery/httpserver/email/mocks/user_mock.go:169.83,172.2 2 1
mail/internal/delivery/httpserver/email/mocks/user_mock.go:186.73,190.2 3 0
mail/internal/delivery/httpserver/email/mocks/user_mock.go:193.71,195.2 1 0
mail/internal/delivery/httpserver/email/mocks/user_mock.go:198.82,204.2 5 0
mail/internal/delivery/httpserver/email/mocks/user_mock.go:207.85,210.2 2 0
mail/internal/delivery/httpserver/email/mocks/user_mock.go:213.84,219.2 5 0
mail/internal/delivery/httpserver/email/mocks/user_mock.go:222.87,225.2 2 0
mail/internal/delivery/httpserver/email/mocks/user_mock.go:228.81,234.2 5 0
mail/internal/delivery/httpserver/email/mocks/user_mock.go:237.90,240.2 2 0
mail/internal/delivery/httpserver/email/mocks/user_mock.go:243.66,249.2 5 0
mail/internal/delivery/httpserver/email/mocks/user_mock.go:252.83,255.2 2 0
mail/internal/delivery/httpserver/email/mocks/user_mock.go:258.66,263.2 4 0
mail/internal/delivery/httpserver/email/mocks/user_mock.go:266.85,269.2 2 0
mail/internal/models/user_model.go:55.38,58.2 2 1
mail/internal/models/user_model.go:60.36,63.2 2 1
mail/pkg/utils/error_response.go:9.86,18.2 5 1
mail/pkg/utils/hash.go:8.37,10.44 2 0
mail/pkg/utils/hash.go:10.44,12.3 1 0
mail/pkg/utils/hash.go:13.2,13.39 1 0
mail/pkg/utils/sanitize.go:7.34,10.2 2 1
mail/internal/delivery/httpserver/email/InboxHandler.go:9.77,11.21 2 1
mail/internal/delivery/httpserver/email/InboxHandler.go:11.21,14.3 2 1
mail/internal/delivery/httpserver/email/InboxHandler.go:16.2,18.16 3 1
mail/internal/delivery/httpserver/email/InboxHandler.go:18.16,21.3 2 1
mail/internal/delivery/httpserver/email/InboxHandler.go:23.2,24.16 2 1
mail/internal/delivery/httpserver/email/InboxHandler.go:24.16,27.3 2 0
mail/internal/delivery/httpserver/email/InboxHandler.go:29.2,31.17 3 1
mail/internal/delivery/httpserver/email/deleteEmailsHandler.go:15.84,17.21 2 1
mail/internal/delivery/httpserver/email/deleteEmailsHandler.go:17.21,20.3 2 1
mail/internal/delivery/httpserver/email/deleteEmailsHandler.go:21.2,24.65 3 1
mail/internal/delivery/httpserver/email/deleteEmailsHandler.go:24.65,27.3 2 1
mail/internal/delivery/httpserver/email/deleteEmailsHandler.go:29.2,29.27 1 1
mail/internal/delivery/httpserver/email/deleteEmailsHandler.go:29.27,32.3 2 1
mail/internal/delivery/httpserver/email/deleteEmailsHandler.go:34.2,34.26 1 1
mail/internal/delivery/httpserver/email/deleteEmailsHandler.go:34.26,37.3 2 1
mail/internal/delivery/httpserver/email/deleteEmailsHandler.go:39.2,40.36 2 1
mail/internal/delivery/httpserver/email/deleteEmailsHandler.go:40.36,42.17 2 1
mail/internal/delivery/httpserver/email/deleteEmailsHandler.go:42.17,45.4 2 1
mail/internal/delivery/httpserver/email/deleteEmailsHandler.go:46.3,46.24 1 1
mail/internal/delivery/httpserver/email/deleteEmailsHandler.go:49.2,49.85 1 1
mail/internal/delivery/httpserver/email/deleteEmailsHandler.go:49.85,52.3 2 1
mail/internal/delivery/httpserver/email/deleteEmailsHandler.go:54.2,54.37 1 1
mail/internal/delivery/httpserver/email/email_fetcher.go:15.60,19.2 1 1
mail/internal/delivery/httpserver/email/email_fetcher.go:21.33,22.28 1 1
mail/internal/delivery/httpserver/email/email_fetcher.go:22.28,24.3 1 1
mail/internal/delivery/httpserver/email/email_fetcher.go:26.2,26.12 1 1
mail/internal/delivery/httpserver/email/email_fetcher.go:26.12,30.22 3 1
mail/internal/delivery/httpserver/email/email_fetcher.go:30.22,31.63 1 1
mail/internal/delivery/httpserver/email/email_fetcher.go:31.64,32.5 0 0
mail/internal/delivery/httpserver/email/email_fetcher.go:32.10,34.5 1 1
mail/internal/delivery/httpserver/email/email_router.go:13.58,15.2 1 1
mail/internal/delivery/httpserver/email/email_router.go:17.62,24.2 6 0
mail/internal/delivery/httpserver/email/sendEmailHandler.go:13.81,15.21 2 1
mail/internal/delivery/httpserver/email/sendEmailHandler.go:15.21,18.3 2 1
mail/internal/delivery/httpserver/email/sendEmailHandler.go:19.2,22.61 3 1
mail/internal/delivery/httpserver/email/sendEmailHandler.go:22.61,25.3 2 1
mail/internal/delivery/httpserver/email/sendEmailHandler.go:27.2,27.23 1 1
mail/internal/delivery/httpserver/email/sendEmailHandler.go:27.23,39.17 3 1
mail/internal/delivery/httpserver/email/sendEmailHandler.go:39.17,42.4 2 0
mail/internal/delivery/httpserver/email/sendEmailHandler.go:44.3,49.4 1 1
mail/internal/delivery/httpserver/email/sendEmailHandler.go:50.8,52.17 2 1
mail/internal/delivery/httpserver/email/sendEmailHandler.go:52.17,55.4 2 1
mail/internal/delivery/httpserver/email/sendEmailHandler.go:57.3,57.42 1 1
mail/internal/delivery/httpserver/email/sendEmailHandler.go:57.42,69.18 3 1
mail/internal/delivery/httpserver/email/sendEmailHandler.go:69.18,72.5 2 1
mail/internal/delivery/httpserver/email/sendEmailHandler.go:74.4,79.5 1 1
mail/internal/delivery/httpserver/email/sendEmailHandler.go:80.9,80.50 1 1
mail/internal/delivery/httpserver/email/sendEmailHandler.go:80.50,92.18 3 1
mail/internal/delivery/httpserver/email/sendEmailHandler.go:92.18,95.5 2 1
mail/internal/delivery/httpserver/email/sendEmailHandler.go:97.4,102.5 2 1
mail/internal/delivery/httpserver/email/sendEmailHandler.go:103.9,106.4 2 1
mail/internal/delivery/httpserver/email/sendEmailHandler.go:109.2,111.67 3 1
mail/internal/delivery/httpserver/email/sentEmailHandler.go:9.82,11.21 2 1
mail/internal/delivery/httpserver/email/sentEmailHandler.go:11.21,14.3 2 1
mail/internal/delivery/httpserver/email/sentEmailHandler.go:16.2,17.16 2 1
mail/internal/delivery/httpserver/email/sentEmailHandler.go:17.16,20.3 2 1
mail/internal/delivery/httpserver/email/sentEmailHandler.go:22.2,24.35 3 1
mail/internal/delivery/httpserver/email/singleEmailHandler.go:13.83,15.21 2 1
mail/internal/delivery/httpserver/email/singleEmailHandler.go:15.21,18.3 2 1
mail/internal/delivery/httpserver/email/singleEmailHandler.go:20.2,22.9 3 1
mail/internal/delivery/httpserver/email/singleEmailHandler.go:22.9,25.3 2 1
mail/internal/delivery/httpserver/email/singleEmailHandler.go:27.2,28.16 2 1
mail/internal/delivery/httpserver/email/singleEmailHandler.go:28.16,31.3 2 1
mail/internal/delivery/httpserver/email/singleEmailHandler.go:33.2,34.16 2 1
mail/internal/delivery/httpserver/email/singleEmailHandler.go:34.16,37.3 2 1
mail/internal/delivery/httpserver/email/singleEmailHandler.go:39.2,41.25 2 1
mail/internal/delivery/httpserver/email/singleEmailHandler.go:41.25,43.17 2 1
mail/internal/delivery/httpserver/email/singleEmailHandler.go:43.17,45.4 1 1
mail/internal/delivery/httpserver/email/singleEmailHandler.go:48.2,49.16 2 1
mail/internal/delivery/httpserver/email/singleEmailHandler.go:49.16,52.3 2 0
mail/internal/delivery/httpserver/email/singleEmailHandler.go:54.2,56.17 3 1
mail/internal/delivery/httpserver/email/statusHandler.go:16.83,18.21 2 1
mail/internal/delivery/httpserver/email/statusHandler.go:18.21,21.3 2 1
mail/internal/delivery/httpserver/email/statusHandler.go:23.2,25.9 3 1
mail/internal/delivery/httpserver/email/statusHandler.go:25.9,28.3 2 1
mail/internal/delivery/httpserver/email/statusHandler.go:29.2,30.16 2 1
mail/internal/delivery/httpserver/email/statusHandler.go:30.16,33.3 2 1
mail/internal/delivery/httpserver/email/statusHandler.go:35.2,37.16 3 1
mail/internal/delivery/httpserver/email/statusHandler.go:37.16,40.3 2 1
mail/internal/delivery/httpserver/email/statusHandler.go:41.2,44.16 3 1
mail/internal/delivery/httpserver/email/statusHandler.go:44.16,47.3 2 1
mail/internal/delivery/httpserver/email/statusHandler.go:49.2,50.30 2 1
mail/internal/delivery/httpserver/email/mocks/mock_csrf.go:27.73,31.2 3 0
mail/internal/delivery/httpserver/email/mocks/mock_csrf.go:34.71,36.2 1 0
mail/internal/delivery/httpserver/email/mocks/mock_csrf.go:39.97,45.2 5 0
mail/internal/delivery/httpserver/email/mocks/mock_csrf.go:48.90,51.2 2 0
mail/internal/delivery/httpserver/email/mocks/mock_csrf.go:54.83,59.2 4 0
mail/internal/delivery/httpserver/email/mocks/mock_csrf.go:62.92,65.2 2 0
mail/internal/delivery/httpserver/email/mocks/mock_csrf.go:68.90,74.2 5 0
mail/internal/delivery/httpserver/email/mocks/mock_csrf.go:77.89,80.2 2 0
mail/internal/delivery/httpserver/email/mocks/mock_email.go:26.69,30.2 3 1
mail/internal/delivery/httpserver/email/mocks/mock_email.go:33.67,35.2 1 1
mail/internal/delivery/httpserver/email/mocks/mock_email.go:38.68,43.2 4 1
mail/internal/delivery/httpserver/email/mocks/mock_email.go:46.91,49.2 2 1
mail/internal/delivery/httpserver/email/mocks/mock_email.go:52.98,57.2 4 1
mail/internal/delivery/httpserver/email/mocks/mock_email.go:60.110,63.2 2 1
mail/internal/delivery/httpserver/email/mocks/mock_email.go:66.55,71.2 4 1
mail/internal/delivery/httpserver/email/mocks/mock_email.go:74.75,77.2 2 1
mail/internal/delivery/httpserver/email/mocks/mock_email.go:80.101,85.2 4 1
mail/internal/delivery/httpserver/email/mocks/mock_email.go:88.104,91.2 2 1
mail/internal/delivery/httpserver/email/mocks/mock_email.go:94.71,100.2 5 1
mail/internal/delivery/httpserver/email/mocks/mock_email.go:103.83,106.2 2 1
mail/internal/delivery/httpserver/email/mocks/mock_email.go:109.86,115.2 5 1
mail/internal/delivery/httpserver/email/mocks/mock_email.go:118.93,121.2 2 1
mail/internal/delivery/httpserver/email/mocks/mock_email.go:124.69,130.2 5 1
mail/internal/delivery/httpserver/email/mocks/mock_email.go:133.76,136.2 2 1
mail/internal/delivery/httpserver/email/mocks/mock_email.go:139.108,144.2 4 1
mail/internal/delivery/httpserver/email/mocks/mock_email.go:147.113,150.2 2 1
mail/internal/delivery/httpserver/email/mocks/mock_email.go:153.64,158.2 4 1
mail/internal/delivery/httpserver/email/mocks/mock_email.go:161.83,164.2 2 1
mail/internal/delivery/httpserver/email/mocks/mock_email.go:167.92,172.2 4 1
mail/internal/delivery/httpserver/email/mocks/mock_email.go:175.101,178.2 2 1
mail/internal/delivery/httpserver/email/mocks/mock_email.go:192.75,196.2 3 0
mail/internal/delivery/httpserver/email/mocks/mock_email.go:199.73,201.2 1 0
mail/internal/delivery/httpserver/email/mocks/mock_email.go:204.71,209.2 4 0
mail/internal/delivery/httpserver/email/mocks/mock_email.go:212.94,215.2 2 0
mail/internal/delivery/httpserver/email/mocks/mock_email.go:218.101,223.2 4 0
mail/internal/delivery/httpserver/email/mocks/mock_email.go:226.113,229.2 2 0
mail/internal/delivery/httpserver/email/mocks/mock_email.go:232.74,238.2 5 0
mail/internal/delivery/httpserver/email/mocks/mock_email.go:241.86,244.2 2 0
mail/internal/delivery/httpserver/email/mocks/mock_email.go:247.89,253.2 5 0
mail/internal/delivery/httpserver/email/mocks/mock_email.go:256.96,259.2 2 0
mail/internal/delivery/httpserver/email/mocks/mock_email.go:262.72,268.2 5 0
mail/internal/delivery/httpserver/email/mocks/mock_email.go:271.79,274.2 2 0
mail/internal/delivery/httpserver/email/mocks/mock_email.go:277.67,282.2 4 0
mail/internal/delivery/httpserver/email/mocks/mock_email.go:285.86,288.2 2 0
mail/internal/delivery/httpserver/email/mocks/mock_email.go:302.73,306.2 3 0
mail/internal/delivery/httpserver/email/mocks/mock_email.go:309.71,311.2 1 0
mail/internal/delivery/httpserver/email/mocks/mock_email.go:314.94,319.2 4 0
mail/internal/delivery/httpserver/email/mocks/mock_email.go:322.103,325.2 2 0
mail/internal/delivery/httpserver/email/mocks/mock_email.go:339.73,343.2 3 0
mail/internal/delivery/httpserver/email/mocks/mock_email.go:346.71,348.2 1 0
mail/internal/delivery/httpserver/email/mocks/mock_email.go:351.46,356.2 4 0
mail/internal/delivery/httpserver/email/mocks/mock_email.go:359.66,362.2 2 0
mail/internal/delivery/httpserver/email/mocks/mock_email.go:365.77,370.2 4 0
mail/internal/delivery/httpserver/email/mocks/mock_email.go:373.86,376.2 2 0
mail/internal/delivery/httpserver/email/mocks/mock_email.go:379.43,384.2 4 0
mail/internal/delivery/httpserver/email/mocks/mock_email.go:387.63,390.2 2 0
mail/internal/delivery/httpserver/email/mocks/mock_session.go:27.79,31.2 3 1
mail/internal/delivery/httpserver/email/mocks/mock_session.go:34.77,36.2 1 1
mail/internal/delivery/httpserver/email/mocks/mock_session.go:39.106,45.2 5 1
mail/internal/delivery/httpserver/email/mocks/mock_session.go:48.96,51.2 2 1
mail/internal/delivery/httpserver/email/mocks/mock_session.go:54.92,59.2 4 1
mail/internal/delivery/httpserver/email/mocks/mock_session.go:62.101,65.2 2 1
mail/internal/delivery/httpserver/email/mocks/mock_session.go:68.99,74.2 5 1
mail/internal/delivery/httpserver/email/mocks/mock_session.go:77.98,80.2 2 1
mail/internal/delivery/httpserver/email/mocks/user_mock.go:28.67,32.2 3 0
mail/internal/delivery/httpserver/email/mocks/user_mock.go:35.65,37.2 1 0
mail/internal/delivery/httpserver/email/mocks/user_mock.go:40.110,45.2 4 0
mail/internal/delivery/httpserver/email/mocks/user_mock.go:48.99,51.2 2 0
mail/internal/delivery/httpserver/email/mocks/user_mock.go:54.64,59.2 4 0
mail/internal/delivery/httpserver/email/mocks/user_mock.go:62.89,65.2 2 0
mail/internal/delivery/httpserver/email/mocks/user_mock.go:68.72,73.2 4 0
mail/internal/delivery/httpserver/email/mocks/user_mock.go:76.97,79.2 2 0
mail/internal/delivery/httpserver/email/mocks/user_mock.go:82.92,88.2 5 0
mail/internal/delivery/httpserver/email/mocks/user_mock.go:91.91,94.2 2 0
mail/internal/delivery/httpserver/email/mocks/user_mock.go:97.88,102.2 4 0
mail/internal/delivery/httpserver/email/mocks/user_mock.go:105.97,108.2 2 0
mail/internal/delivery/httpserver/email/mocks/user_mock.go:111.75,118.2 6 0
mail/internal/delivery/httpserver/email/mocks/user_mock.go:121.82,124.2 2 0
mail/internal/delivery/httpserver/email/mocks/user_mock.go:127.126,135.2 7 0
mail/internal/delivery/httpserver/email/mocks/user_mock.go:138.82,141.2 2 0
mail/internal/delivery/httpserver/email/mocks/user_mock.go:144.72,149.2 4 0
mail/internal/delivery/httpserver/email/mocks/user_mock.go:152.81,155.2 2 0
mail/internal/delivery/httpserver/email/mocks/user_mock.go:158.127,166.2 7 0
mail/internal/delivery/httpserver/email/mocks/user_mock.go:169.83,172.2 2 0
mail/internal/delivery/httpserver/email/mocks/user_mock.go:186.73,190.2 3 0
mail/internal/delivery/httpserver/email/mocks/user_mock.go:193.71,195.2 1 0
mail/internal/delivery/httpserver/email/mocks/user_mock.go:198.82,204.2 5 0
mail/internal/delivery/httpserver/email/mocks/user_mock.go:207.85,210.2 2 0
mail/internal/delivery/httpserver/email/mocks/user_mock.go:213.84,219.2 5 0
mail/internal/delivery/httpserver/email/mocks/user_mock.go:222.87,225.2 2 0
mail/internal/delivery/httpserver/email/mocks/user_mock.go:228.81,234.2 5 0
mail/internal/delivery/httpserver/email/mocks/user_mock.go:237.90,240.2 2 0
mail/internal/delivery/httpserver/email/mocks/user_mock.go:243.66,249.2 5 0
mail/internal/delivery/httpserver/email/mocks/user_mock.go:252.83,255.2 2 0
mail/internal/delivery/httpserver/email/mocks/user_mock.go:258.66,263.2 4 0
mail/internal/delivery/httpserver/email/mocks/user_mock.go:266.85,269.2 2 0
mail/internal/models/user_model.go:55.38,58.2 2 0
mail/internal/models/user_model.go:60.36,63.2 2 0
mail/pkg/utils/error_response.go:9.86,18.2 5 1
mail/pkg/utils/hash.go:8.37,10.44 2 0
mail/pkg/utils/hash.go:10.44,12.3 1 0
mail/pkg/utils/hash.go:13.2,13.39 1 0
mail/pkg/utils/sanitize.go:7.34,10.2 2 0
mail/pkg/utils/error_response.go:9.86,18.2 5 0
mail/pkg/utils/hash.go:8.37,10.44 2 0
mail/pkg/utils/hash.go:10.44,12.3 1 0
mail/pkg/utils/hash.go:13.2,13.39 1 0
mail/pkg/utils/sanitize.go:7.34,10.2 2 0
mail/service/postgres/init.go:11.48,17.16 4 0
mail/service/postgres/init.go:17.16,19.3 1 0
mail/service/postgres/init.go:21.2,21.16 1 0
mail/service/redis/init.go:11.65,21.16 7 0
mail/service/redis/init.go:21.16,23.3 1 0
mail/service/redis/init.go:24.2,24.20 1 0
mail/internal/delivery/httpserver/email/mocks/mock_csrf.go:27.73,31.2 3 0
mail/internal/delivery/httpserver/email/mocks/mock_csrf.go:34.71,36.2 1 0
mail/internal/delivery/httpserver/email/mocks/mock_csrf.go:39.97,45.2 5 0
mail/internal/delivery/httpserver/email/mocks/mock_csrf.go:48.90,51.2 2 0
mail/internal/delivery/httpserver/email/mocks/mock_csrf.go:54.83,59.2 4 0
mail/internal/delivery/httpserver/email/mocks/mock_csrf.go:62.92,65.2 2 0
mail/internal/delivery/httpserver/email/mocks/mock_csrf.go:68.90,74.2 5 0
mail/internal/delivery/httpserver/email/mocks/mock_csrf.go:77.89,80.2 2 0
mail/internal/delivery/httpserver/email/mocks/mock_email.go:26.69,30.2 3 0
mail/internal/delivery/httpserver/email/mocks/mock_email.go:33.67,35.2 1 0
mail/internal/delivery/httpserver/email/mocks/mock_email.go:38.68,43.2 4 0
mail/internal/delivery/httpserver/email/mocks/mock_email.go:46.91,49.2 2 0
mail/internal/delivery/httpserver/email/mocks/mock_email.go:52.98,57.2 4 0
mail/internal/delivery/httpserver/email/mocks/mock_email.go:60.110,63.2 2 0
mail/internal/delivery/httpserver/email/mocks/mock_email.go:66.55,71.2 4 0
mail/internal/delivery/httpserver/email/mocks/mock_email.go:74.75,77.2 2 0
mail/internal/delivery/httpserver/email/mocks/mock_email.go:80.101,85.2 4 0
mail/internal/delivery/httpserver/email/mocks/mock_email.go:88.104,91.2 2 0
mail/internal/delivery/httpserver/email/mocks/mock_email.go:94.71,100.2 5 0
mail/internal/delivery/httpserver/email/mocks/mock_email.go:103.83,106.2 2 0
mail/internal/delivery/httpserver/email/mocks/mock_email.go:109.86,115.2 5 0
mail/internal/delivery/httpserver/email/mocks/mock_email.go:118.93,121.2 2 0
mail/internal/delivery/httpserver/email/mocks/mock_email.go:124.69,130.2 5 0
mail/internal/delivery/httpserver/email/mocks/mock_email.go:133.76,136.2 2 0
mail/internal/delivery/httpserver/email/mocks/mock_email.go:139.108,144.2 4 0
mail/internal/delivery/httpserver/email/mocks/mock_email.go:147.113,150.2 2 0
mail/internal/delivery/httpserver/email/mocks/mock_email.go:153.64,158.2 4 0
mail/internal/delivery/httpserver/email/mocks/mock_email.go:161.83,164.2 2 0
mail/internal/delivery/httpserver/email/mocks/mock_email.go:167.92,172.2 4 0
mail/internal/delivery/httpserver/email/mocks/mock_email.go:175.101,178.2 2 0
mail/internal/delivery/httpserver/email/mocks/mock_email.go:192.75,196.2 3 0
mail/internal/delivery/httpserver/email/mocks/mock_email.go:199.73,201.2 1 0
mail/internal/delivery/httpserver/email/mocks/mock_email.go:204.71,209.2 4 0
mail/internal/delivery/httpserver/email/mocks/mock_email.go:212.94,215.2 2 0
mail/internal/delivery/httpserver/email/mocks/mock_email.go:218.101,223.2 4 0
mail/internal/delivery/httpserver/email/mocks/mock_email.go:226.113,229.2 2 0
mail/internal/delivery/httpserver/email/mocks/mock_email.go:232.74,238.2 5 0
mail/internal/delivery/httpserver/email/mocks/mock_email.go:241.86,244.2 2 0
mail/internal/delivery/httpserver/email/mocks/mock_email.go:247.89,253.2 5 0
mail/internal/delivery/httpserver/email/mocks/mock_email.go:256.96,259.2 2 0
mail/internal/delivery/httpserver/email/mocks/mock_email.go:262.72,268.2 5 0
mail/internal/delivery/httpserver/email/mocks/mock_email.go:271.79,274.2 2 0
mail/internal/delivery/httpserver/email/mocks/mock_email.go:277.67,282.2 4 0
mail/internal/delivery/httpserver/email/mocks/mock_email.go:285.86,288.2 2 0
mail/internal/delivery/httpserver/email/mocks/mock_email.go:302.73,306.2 3 0
mail/internal/delivery/httpserver/email/mocks/mock_email.go:309.71,311.2 1 0
mail/internal/delivery/httpserver/email/mocks/mock_email.go:314.94,319.2 4 0
mail/internal/delivery/httpserver/email/mocks/mock_email.go:322.103,325.2 2 0
mail/internal/delivery/httpserver/email/mocks/mock_email.go:339.73,343.2 3 0
mail/internal/delivery/httpserver/email/mocks/mock_email.go:346.71,348.2 1 0
mail/internal/delivery/httpserver/email/mocks/mock_email.go:351.46,356.2 4 0
mail/internal/delivery/httpserver/email/mocks/mock_email.go:359.66,362.2 2 0
mail/internal/delivery/httpserver/email/mocks/mock_email.go:365.77,370.2 4 0
mail/internal/delivery/httpserver/email/mocks/mock_email.go:373.86,376.2 2 0
mail/internal/delivery/httpserver/email/mocks/mock_email.go:379.43,384.2 4 0
mail/internal/delivery/httpserver/email/mocks/mock_email.go:387.63,390.2 2 0
mail/internal/delivery/httpserver/email/mocks/mock_session.go:27.79,31.2 3 0
mail/internal/delivery/httpserver/email/mocks/mock_session.go:34.77,36.2 1 0
mail/internal/delivery/httpserver/email/mocks/mock_session.go:39.106,45.2 5 0
mail/internal/delivery/httpserver/email/mocks/mock_session.go:48.96,51.2 2 0
mail/internal/delivery/httpserver/email/mocks/mock_session.go:54.92,59.2 4 0
mail/internal/delivery/httpserver/email/mocks/mock_session.go:62.101,65.2 2 0
mail/internal/delivery/httpserver/email/mocks/mock_session.go:68.99,74.2 5 0
mail/internal/delivery/httpserver/email/mocks/mock_session.go:77.98,80.2 2 0
mail/internal/delivery/httpserver/email/mocks/user_mock.go:28.67,32.2 3 1
mail/internal/delivery/httpserver/email/mocks/user_mock.go:35.65,37.2 1 1
mail/internal/delivery/httpserver/email/mocks/user_mock.go:40.110,45.2 4 1
mail/internal/delivery/httpserver/email/mocks/user_mock.go:48.99,51.2 2 1
mail/internal/delivery/httpserver/email/mocks/user_mock.go:54.64,59.2 4 1
mail/internal/delivery/httpserver/email/mocks/user_mock.go:62.89,65.2 2 1
mail/internal/delivery/httpserver/email/mocks/user_mock.go:68.72,73.2 4 1
mail/internal/delivery/httpserver/email/mocks/user_mock.go:76.97,79.2 2 1
mail/internal/delivery/httpserver/email/mocks/user_mock.go:82.92,88.2 5 0
mail/internal/delivery/httpserver/email/mocks/user_mock.go:91.91,94.2 2 0
mail/internal/delivery/httpserver/email/mocks/user_mock.go:97.88,102.2 4 0
mail/internal/delivery/httpserver/email/mocks/user_mock.go:105.97,108.2 2 0
mail/internal/delivery/httpserver/email/mocks/user_mock.go:111.75,118.2 6 1
mail/internal/delivery/httpserver/email/mocks/user_mock.go:121.82,124.2 2 1
mail/internal/delivery/httpserver/email/mocks/user_mock.go:127.126,135.2 7 0
mail/internal/delivery/httpserver/email/mocks/user_mock.go:138.82,141.2 2 0
mail/internal/delivery/httpserver/email/mocks/user_mock.go:144.72,149.2 4 0
mail/internal/delivery/httpserver/email/mocks/user_mock.go:152.81,155.2 2 0
mail/internal/delivery/httpserver/email/mocks/user_mock.go:158.127,166.2 7 0
mail/internal/delivery/httpserver/email/mocks/user_mock.go:169.83,172.2 2 0
mail/internal/delivery/httpserver/email/mocks/user_mock.go:186.73,190.2 3 0
mail/internal/delivery/httpserver/email/mocks/user_mock.go:193.71,195.2 1 0
mail/internal/delivery/httpserver/email/mocks/user_mock.go:198.82,204.2 5 0
mail/internal/delivery/httpserver/email/mocks/user_mock.go:207.85,210.2 2 0
mail/internal/delivery/httpserver/email/mocks/user_mock.go:213.84,219.2 5 0
mail/internal/delivery/httpserver/email/mocks/user_mock.go:222.87,225.2 2 0
mail/internal/delivery/httpserver/email/mocks/user_mock.go:228.81,234.2 5 0
mail/internal/delivery/httpserver/email/mocks/user_mock.go:237.90,240.2 2 0
mail/internal/delivery/httpserver/email/mocks/user_mock.go:243.66,249.2 5 0
mail/internal/delivery/httpserver/email/mocks/user_mock.go:252.83,255.2 2 0
mail/internal/delivery/httpserver/email/mocks/user_mock.go:258.66,263.2 4 0
mail/internal/delivery/httpserver/email/mocks/user_mock.go:266.85,269.2 2 0
mail/internal/delivery/httpserver/user/ChangeNameHandler.go:9.81,11.21 2 1
mail/internal/delivery/httpserver/user/ChangeNameHandler.go:11.21,14.3 2 1
mail/internal/delivery/httpserver/user/ChangeNameHandler.go:15.2,19.16 4 1
mail/internal/delivery/httpserver/user/ChangeNameHandler.go:19.16,22.3 2 1
mail/internal/delivery/httpserver/user/ChangeNameHandler.go:24.2,26.42 2 1
mail/internal/delivery/httpserver/user/ChangeNameHandler.go:26.42,29.3 2 0
mail/internal/delivery/httpserver/user/ChangeNameHandler.go:31.2,32.16 2 1
mail/internal/delivery/httpserver/user/ChangeNameHandler.go:32.16,35.3 2 0
mail/internal/delivery/httpserver/user/ChangeNameHandler.go:37.2,38.30 2 1
mail/internal/delivery/httpserver/user/ChangePasswordHandler.go:9.85,11.21 2 1
mail/internal/delivery/httpserver/user/ChangePasswordHandler.go:11.21,14.3 2 1
mail/internal/delivery/httpserver/user/ChangePasswordHandler.go:15.2,20.16 4 1
mail/internal/delivery/httpserver/user/ChangePasswordHandler.go:20.16,23.3 2 1
mail/internal/delivery/httpserver/user/ChangePasswordHandler.go:25.2,29.127 4 1
mail/internal/delivery/httpserver/user/ChangePasswordHandler.go:29.127,32.3 2 0
mail/internal/delivery/httpserver/user/ChangePasswordHandler.go:33.2,33.40 1 1
mail/internal/delivery/httpserver/user/ChangePasswordHandler.go:33.40,36.3 2 1
mail/internal/delivery/httpserver/user/ChangePasswordHandler.go:38.2,39.16 2 1
mail/internal/delivery/httpserver/user/ChangePasswordHandler.go:39.16,42.3 2 0
mail/internal/delivery/httpserver/user/ChangePasswordHandler.go:44.2,45.30 2 1
mail/internal/delivery/httpserver/user/GetAvatarHandler.go:11.80,13.21 2 1
mail/internal/delivery/httpserver/user/GetAvatarHandler.go:13.21,16.3 2 1
mail/internal/delivery/httpserver/user/GetAvatarHandler.go:17.2,20.16 3 1
mail/internal/delivery/httpserver/user/GetAvatarHandler.go:20.16,23.3 2 0
mail/internal/delivery/httpserver/user/GetAvatarHandler.go:24.2,24.37 1 1
mail/internal/delivery/httpserver/user/GetAvatarHandler.go:24.37,26.3 1 1
mail/internal/delivery/httpserver/user/GetAvatarHandler.go:26.8,28.3 1 1
mail/internal/delivery/httpserver/user/GetAvatarHandler.go:31.2,32.66 2 1
mail/internal/delivery/httpserver/user/UploadAvatarHandler.go:8.83,10.21 2 1
mail/internal/delivery/httpserver/user/UploadAvatarHandler.go:10.21,13.3 2 1
mail/internal/delivery/httpserver/user/UploadAvatarHandler.go:14.2,17.16 3 1
mail/internal/delivery/httpserver/user/UploadAvatarHandler.go:17.16,20.3 2 1
mail/internal/delivery/httpserver/user/UploadAvatarHandler.go:22.2,23.16 2 1
mail/internal/delivery/httpserver/user/UploadAvatarHandler.go:23.16,26.3 2 1
mail/internal/delivery/httpserver/user/UploadAvatarHandler.go:27.2,30.16 3 1
mail/internal/delivery/httpserver/user/UploadAvatarHandler.go:30.16,33.3 2 0
mail/internal/delivery/httpserver/user/UploadAvatarHandler.go:35.2,36.30 2 1
mail/internal/delivery/httpserver/user/user_router.go:13.55,15.2 1 1
mail/internal/delivery/httpserver/user/user_router.go:17.60,22.2 4 0
mail/internal/models/user_model.go:55.38,58.2 2 0
mail/internal/models/user_model.go:60.36,63.2 2 1
mail/pkg/utils/error_response.go:9.86,18.2 5 1
mail/pkg/utils/hash.go:8.37,10.44 2 0
mail/pkg/utils/hash.go:10.44,12.3 1 0
mail/pkg/utils/hash.go:13.2,13.39 1 0
mail/pkg/utils/sanitize.go:7.34,10.2 2 1
mail/pkg/logger/logger.go:19.24,22.2 2 1
mail/pkg/logger/logger.go:24.46,26.2 1 1
mail/pkg/logger/logger.go:28.47,30.2 1 1
mail/pkg/logger/logger.go:32.46,34.2 1 1
mail/pkg/logger/logger.go:36.47,38.2 1 1
mail/internal/delivery/httpserver/email/mocks/mock_csrf.go:27.73,31.2 3 1
mail/internal/delivery/httpserver/email/mocks/mock_csrf.go:34.71,36.2 1 1
mail/internal/delivery/httpserver/email/mocks/mock_csrf.go:39.97,45.2 5 1
mail/internal/delivery/httpserver/email/mocks/mock_csrf.go:48.90,51.2 2 1
mail/internal/delivery/httpserver/email/mocks/mock_csrf.go:54.83,59.2 4 1
mail/internal/delivery/httpserver/email/mocks/mock_csrf.go:62.92,65.2 2 1
mail/internal/delivery/httpserver/email/mocks/mock_csrf.go:68.90,74.2 5 1
mail/internal/delivery/httpserver/email/mocks/mock_csrf.go:77.89,80.2 2 1
mail/internal/delivery/httpserver/email/mocks/mock_email.go:26.69,30.2 3 0
mail/internal/delivery/httpserver/email/mocks/mock_email.go:33.67,35.2 1 0
mail/internal/delivery/httpserver/email/mocks/mock_email.go:38.68,43.2 4 0
mail/internal/delivery/httpserver/email/mocks/mock_email.go:46.91,49.2 2 0
mail/internal/delivery/httpserver/email/mocks/mock_email.go:52.98,57.2 4 0
mail/internal/delivery/httpserver/email/mocks/mock_email.go:60.110,63.2 2 0
mail/internal/delivery/httpserver/email/mocks/mock_email.go:66.55,71.2 4 0
mail/internal/delivery/httpserver/email/mocks/mock_email.go:74.75,77.2 2 0
mail/internal/delivery/httpserver/email/mocks/mock_email.go:80.101,85.2 4 0
mail/internal/delivery/httpserver/email/mocks/mock_email.go:88.104,91.2 2 0
mail/internal/delivery/httpserver/email/mocks/mock_email.go:94.71,100.2 5 0
mail/internal/delivery/httpserver/email/mocks/mock_email.go:103.83,106.2 2 0
mail/internal/delivery/httpserver/email/mocks/mock_email.go:109.86,115.2 5 0
mail/internal/delivery/httpserver/email/mocks/mock_email.go:118.93,121.2 2 0
mail/internal/delivery/httpserver/email/mocks/mock_email.go:124.69,130.2 5 0
mail/internal/delivery/httpserver/email/mocks/mock_email.go:133.76,136.2 2 0
mail/internal/delivery/httpserver/email/mocks/mock_email.go:139.108,144.2 4 0
mail/internal/delivery/httpserver/email/mocks/mock_email.go:147.113,150.2 2 0
mail/internal/delivery/httpserver/email/mocks/mock_email.go:153.64,158.2 4 0
mail/internal/delivery/httpserver/email/mocks/mock_email.go:161.83,164.2 2 0
mail/internal/delivery/httpserver/email/mocks/mock_email.go:167.92,172.2 4 0
mail/internal/delivery/httpserver/email/mocks/mock_email.go:175.101,178.2 2 0
mail/internal/delivery/httpserver/email/mocks/mock_email.go:192.75,196.2 3 1
mail/internal/delivery/httpserver/email/mocks/mock_email.go:199.73,201.2 1 1
mail/internal/delivery/httpserver/email/mocks/mock_email.go:204.71,209.2 4 1
mail/internal/delivery/httpserver/email/mocks/mock_email.go:212.94,215.2 2 1
mail/internal/delivery/httpserver/email/mocks/mock_email.go:218.101,223.2 4 0
mail/internal/delivery/httpserver/email/mocks/mock_email.go:226.113,229.2 2 0
mail/internal/delivery/httpserver/email/mocks/mock_email.go:232.74,238.2 5 1
mail/internal/delivery/httpserver/email/mocks/mock_email.go:241.86,244.2 2 1
mail/internal/delivery/httpserver/email/mocks/mock_email.go:247.89,253.2 5 1
mail/internal/delivery/httpserver/email/mocks/mock_email.go:256.96,259.2 2 1
mail/internal/delivery/httpserver/email/mocks/mock_email.go:262.72,268.2 5 1
mail/internal/delivery/httpserver/email/mocks/mock_email.go:271.79,274.2 2 1
mail/internal/delivery/httpserver/email/mocks/mock_email.go:277.67,282.2 4 1
mail/internal/delivery/httpserver/email/mocks/mock_email.go:285.86,288.2 2 1
mail/internal/delivery/httpserver/email/mocks/mock_email.go:302.73,306.2 3 1
mail/internal/delivery/httpserver/email/mocks/mock_email.go:309.71,311.2 1 1
mail/internal/delivery/httpserver/email/mocks/mock_email.go:314.94,319.2 4 1
mail/internal/delivery/httpserver/email/mocks/mock_email.go:322.103,325.2 2 1
mail/internal/delivery/httpserver/email/mocks/mock_email.go:339.73,343.2 3 1
mail/internal/delivery/httpserver/email/mocks/mock_email.go:346.71,348.2 1 1
mail/internal/delivery/httpserver/email/mocks/mock_email.go:351.46,356.2 4 1
mail/internal/delivery/httpserver/email/mocks/mock_email.go:359.66,362.2 2 1
mail/internal/delivery/httpserver/email/mocks/mock_email.go:365.77,370.2 4 1
mail/internal/delivery/httpserver/email/mocks/mock_email.go:373.86,376.2 2 1
mail/internal/delivery/httpserver/email/mocks/mock_email.go:379.43,384.2 4 1
mail/internal/delivery/httpserver/email/mocks/mock_email.go:387.63,390.2 2 1
mail/internal/delivery/httpserver/email/mocks/mock_session.go:27.79,31.2 3 1
mail/internal/delivery/httpserver/email/mocks/mock_session.go:34.77,36.2 1 1
mail/internal/delivery/httpserver/email/mocks/mock_session.go:39.106,45.2 5 1
mail/internal/delivery/httpserver/email/mocks/mock_session.go:48.96,51.2 2 1
mail/internal/delivery/httpserver/email/mocks/mock_session.go:54.92,59.2 4 1
mail/internal/delivery/httpserver/email/mocks/mock_session.go:62.101,65.2 2 1
mail/internal/delivery/httpserver/email/mocks/mock_session.go:68.99,74.2 5 1
mail/internal/delivery/httpserver/email/mocks/mock_session.go:77.98,80.2 2 1
mail/internal/delivery/httpserver/email/mocks/user_mock.go:28.67,32.2 3 0
mail/internal/delivery/httpserver/email/mocks/user_mock.go:35.65,37.2 1 0
mail/internal/delivery/httpserver/email/mocks/user_mock.go:40.110,45.2 4 0
mail/internal/delivery/httpserver/email/mocks/user_mock.go:48.99,51.2 2 0
mail/internal/delivery/httpserver/email/mocks/user_mock.go:54.64,59.2 4 0
mail/internal/delivery/httpserver/email/mocks/user_mock.go:62.89,65.2 2 0
mail/internal/delivery/httpserver/email/mocks/user_mock.go:68.72,73.2 4 0
mail/internal/delivery/httpserver/email/mocks/user_mock.go:76.97,79.2 2 0
mail/internal/delivery/httpserver/email/mocks/user_mock.go:82.92,88.2 5 0
mail/internal/delivery/httpserver/email/mocks/user_mock.go:91.91,94.2 2 0
mail/internal/delivery/httpserver/email/mocks/user_mock.go:97.88,102.2 4 0
mail/internal/delivery/httpserver/email/mocks/user_mock.go:105.97,108.2 2 0
mail/internal/delivery/httpserver/email/mocks/user_mock.go:111.75,118.2 6 0
mail/internal/delivery/httpserver/email/mocks/user_mock.go:121.82,124.2 2 0
mail/internal/delivery/httpserver/email/mocks/user_mock.go:127.126,135.2 7 0
mail/internal/delivery/httpserver/email/mocks/user_mock.go:138.82,141.2 2 0
mail/internal/delivery/httpserver/email/mocks/user_mock.go:144.72,149.2 4 0
mail/internal/delivery/httpserver/email/mocks/user_mock.go:152.81,155.2 2 0
mail/internal/delivery/httpserver/email/mocks/user_mock.go:158.127,166.2 7 0
mail/internal/delivery/httpserver/email/mocks/user_mock.go:169.83,172.2 2 0
mail/internal/delivery/httpserver/email/mocks/user_mock.go:186.73,190.2 3 1
mail/internal/delivery/httpserver/email/mocks/user_mock.go:193.71,195.2 1 1
mail/internal/delivery/httpserver/email/mocks/user_mock.go:198.82,204.2 5 1
mail/internal/delivery/httpserver/email/mocks/user_mock.go:207.85,210.2 2 1
mail/internal/delivery/httpserver/email/mocks/user_mock.go:213.84,219.2 5 1
mail/internal/delivery/httpserver/email/mocks/user_mock.go:222.87,225.2 2 1
mail/internal/delivery/httpserver/email/mocks/user_mock.go:228.81,234.2 5 1
mail/internal/delivery/httpserver/email/mocks/user_mock.go:237.90,240.2 2 1
mail/internal/delivery/httpserver/email/mocks/user_mock.go:243.66,249.2 5 1
mail/internal/delivery/httpserver/email/mocks/user_mock.go:252.83,255.2 2 1
mail/internal/delivery/httpserver/email/mocks/user_mock.go:258.66,263.2 4 1
mail/internal/delivery/httpserver/email/mocks/user_mock.go:266.85,269.2 2 1
mail/internal/models/user_model.go:55.38,58.2 2 0
mail/internal/models/user_model.go:60.36,63.2 2 0
mail/internal/usecases/email_usecase.go:21.17,28.2 1 1
mail/internal/usecases/email_usecase.go:30.69,32.2 1 1
mail/internal/usecases/email_usecase.go:34.96,36.2 1 1
mail/internal/usecases/email_usecase.go:38.98,51.2 3 1
mail/internal/usecases/email_usecase.go:53.112,64.2 3 1
mail/internal/usecases/email_usecase.go:66.68,68.2 1 1
mail/internal/usecases/email_usecase.go:70.52,71.46 1 1
mail/internal/usecases/email_usecase.go:71.46,73.3 1 1
mail/internal/usecases/email_usecase.go:74.2,76.62 2 1
mail/internal/usecases/email_usecase.go:76.62,78.3 1 1
mail/internal/usecases/email_usecase.go:80.2,80.12 1 1
mail/internal/usecases/email_usecase.go:83.83,85.2 1 1
mail/internal/usecases/email_usecase.go:87.60,89.2 1 1
mail/internal/usecases/email_usecase.go:91.65,93.2 1 1
mail/internal/usecases/email_usecase.go:95.95,97.2 1 0
mail/internal/usecases/user_usecase.go:21.130,27.2 1 1
mail/internal/usecases/user_usecase.go:29.126,31.16 2 1
mail/internal/usecases/user_usecase.go:31.16,33.3 1 0
mail/internal/usecases/user_usecase.go:34.2,34.11 1 1
mail/internal/usecases/user_usecase.go:34.11,36.3 1 1
mail/internal/usecases/user_usecase.go:38.2,39.16 2 1
mail/internal/usecases/user_usecase.go:39.16,41.3 1 0
mail/internal/usecases/user_usecase.go:43.2,44.16 2 1
mail/internal/usecases/user_usecase.go:44.16,46.3 1 0
mail/internal/usecases/user_usecase.go:47.2,48.16 2 1
mail/internal/usecases/user_usecase.go:48.16,50.3 1 0
mail/internal/usecases/user_usecase.go:51.2,51.33 1 1
mail/internal/usecases/user_usecase.go:54.124,56.16 2 1
mail/internal/usecases/user_usecase.go:56.16,58.3 1 0
mail/internal/usecases/user_usecase.go:59.2,59.12 1 1
mail/internal/usecases/user_usecase.go:59.12,61.3 1 1
mail/internal/usecases/user_usecase.go:63.2,64.16 2 1
mail/internal/usecases/user_usecase.go:64.16,66.3 1 1
mail/internal/usecases/user_usecase.go:67.2,68.16 2 1
mail/internal/usecases/user_usecase.go:68.16,70.3 1 0
mail/internal/usecases/user_usecase.go:71.2,72.16 2 1
mail/internal/usecases/user_usecase.go:72.16,74.3 1 0
mail/internal/usecases/user_usecase.go:75.2,75.33 1 1
mail/internal/usecases/user_usecase.go:78.69,80.16 2 1
mail/internal/usecases/user_usecase.go:80.16,82.3 1 1
mail/internal/usecases/user_usecase.go:83.2,84.16 2 1
mail/internal/usecases/user_usecase.go:84.16,86.3 1 0
mail/internal/usecases/user_usecase.go:87.2,87.12 1 1
mail/internal/usecases/user_usecase.go:90.82,92.16 2 1
mail/internal/usecases/user_usecase.go:92.16,94.3 1 1
mail/internal/usecases/user_usecase.go:95.2,95.21 1 1
mail/internal/usecases/user_usecase.go:98.90,100.16 2 1
mail/internal/usecases/user_usecase.go:100.16,102.3 1 0
mail/internal/usecases/user_usecase.go:103.2,104.16 2 1
mail/internal/usecases/user_usecase.go:104.16,106.3 1 0
mail/internal/usecases/user_usecase.go:107.2,107.22 1 1
mail/internal/usecases/user_usecase.go:107.22,109.3 1 1
mail/internal/usecases/user_usecase.go:110.2,110.12 1 1
mail/internal/usecases/user_usecase.go:113.107,114.62 1 1
mail/internal/usecases/user_usecase.go:114.62,116.3 1 0
mail/internal/usecases/user_usecase.go:118.2,118.37 1 1
mail/internal/usecases/user_usecase.go:118.37,120.3 1 1
mail/internal/usecases/user_usecase.go:122.2,124.16 3 1
mail/internal/usecases/user_usecase.go:124.16,126.3 1 0
mail/internal/usecases/user_usecase.go:127.2,132.16 5 1
mail/internal/usecases/user_usecase.go:132.16,134.3 1 0
mail/internal/usecases/user_usecase.go:135.2,137.16 3 1
mail/internal/usecases/user_usecase.go:137.16,139.3 1 0
mail/internal/usecases/user_usecase.go:152.2,154.16 3 1
mail/internal/usecases/user_usecase.go:154.16,156.3 1 0
mail/internal/usecases/user_usecase.go:157.2,157.12 1 1
mail/internal/usecases/user_usecase.go:160.72,162.16 2 1
mail/internal/usecases/user_usecase.go:162.16,164.3 1 1
mail/internal/usecases/user_usecase.go:166.2,168.16 3 1
mail/internal/usecases/user_usecase.go:168.16,170.3 1 0
mail/internal/usecases/user_usecase.go:171.2,171.34 1 1
mail/internal/usecases/user_usecase.go:175.76,177.16 2 1
mail/internal/usecases/user_usecase.go:177.16,179.3 1 1
mail/internal/usecases/user_usecase.go:180.2,182.16 3 1
mail/internal/usecases/user_usecase.go:182.16,184.3 1 0
mail/internal/usecases/user_usecase.go:185.2,185.12 1 1
mail/internal/usecases/user_usecase.go:188.68,190.16 2 1
mail/internal/usecases/user_usecase.go:190.16,192.3 1 1
mail/internal/usecases/user_usecase.go:193.2,195.16 3 1
mail/internal/usecases/user_usecase.go:195.16,197.3 1 0
mail/internal/usecases/user_usecase.go:198.2,198.12 1 1
mail/config/config.go:44.64,48.16 3 0
mail/config/config.go:48.16,50.3 1 0
mail/config/config.go:51.2,54.40 3 0
mail/config/config.go:54.40,56.3 1 0
mail/config/config.go:57.2,58.20 2 0
mail/internal/models/user_model.go:55.38,58.2 2 0
mail/internal/models/user_model.go:60.36,63.2 2 0
mail/internal/repository/csrf_repo.go:17.93,19.2 1 1
mail/internal/repository/csrf_repo.go:21.101,26.16 3 1
mail/internal/repository/csrf_repo.go:26.16,28.3 1 0
mail/internal/repository/csrf_repo.go:29.2,32.16 3 1
mail/internal/repository/csrf_repo.go:32.16,35.3 2 1
mail/internal/repository/csrf_repo.go:37.2,41.19 3 1
mail/internal/repository/csrf_repo.go:44.87,49.16 3 1
mail/internal/repository/csrf_repo.go:49.16,52.3 2 1
mail/internal/repository/csrf_repo.go:53.2,53.12 1 1
mail/internal/repository/csrf_repo.go:56.94,61.16 3 1
mail/internal/repository/csrf_repo.go:61.16,64.3 2 1
mail/internal/repository/csrf_repo.go:66.2,68.19 2 1
mail/internal/repository/email_repo.go:21.86,23.2 1 1
mail/internal/repository/email_repo.go:25.79,36.16 3 1
mail/internal/repository/email_repo.go:36.16,39.3 2 1
mail/internal/repository/email_repo.go:40.2,43.18 3 1
mail/internal/repository/email_repo.go:43.18,58.17 7 1
mail/internal/repository/email_repo.go:58.17,61.4 2 1
mail/internal/repository/email_repo.go:62.3,62.27 1 1
mail/internal/repository/email_repo.go:64.2,64.17 1 1
mail/internal/repository/email_repo.go:67.93,78.16 3 1
mail/internal/repository/email_repo.go:78.16,81.3 2 1
mail/internal/repository/email_repo.go:82.2,85.18 3 1
mail/internal/repository/email_repo.go:85.18,100.17 7 1
mail/internal/repository/email_repo.go:100.17,103.4 2 0
mail/internal/repository/email_repo.go:104.3,104.27 1 1
mail/internal/repository/email_repo.go:106.2,106.17 1 1
mail/internal/repository/email_repo.go:109.78,124.16 5 1
mail/internal/repository/email_repo.go:124.16,127.3 2 1
mail/internal/repository/email_repo.go:129.2,129.37 1 1
mail/internal/repository/email_repo.go:129.37,131.3 1 1
mail/internal/repository/email_repo.go:131.8,133.17 2 0
mail/internal/repository/email_repo.go:133.17,136.4 2 0
mail/internal/repository/email_repo.go:139.2,144.16 5 1
mail/internal/repository/email_repo.go:144.16,146.27 2 0
mail/internal/repository/email_repo.go:146.27,148.4 1 0
mail/internal/repository/email_repo.go:149.3,149.29 1 0
mail/internal/repository/email_repo.go:151.2,151.19 1 1
mail/internal/repository/email_repo.go:154.71,161.16 6 1
mail/internal/repository/email_repo.go:161.16,164.3 2 1
mail/internal/repository/email_repo.go:165.2,173.16 4 1
mail/internal/repository/email_repo.go:173.16,176.3 2 1
mail/internal/repository/email_repo.go:178.2,179.25 2 1
mail/internal/repository/email_repo.go:179.25,181.3 1 1
mail/internal/repository/email_repo.go:181.8,183.3 1 0
mail/internal/repository/email_repo.go:185.2,193.16 2 1
mail/internal/repository/email_repo.go:193.16,196.3 2 1
mail/internal/repository/email_repo.go:198.2,198.20 1 1
mail/internal/repository/email_repo.go:201.75,203.16 2 1
mail/internal/repository/email_repo.go:203.16,206.3 2 1
mail/internal/repository/email_repo.go:207.2,209.12 2 1
mail/internal/repository/email_repo.go:209.12,216.3 1 1
mail/internal/repository/email_repo.go:216.8,223.3 1 1
mail/internal/repository/email_repo.go:225.2,225.16 1 1
mail/internal/repository/email_repo.go:225.16,228.3 2 1
mail/internal/repository/email_repo.go:229.2,229.20 1 1
mail/internal/repository/email_repo.go:232.105,234.16 2 0
mail/internal/repository/email_repo.go:234.16,237.3 2 0
mail/internal/repository/email_repo.go:238.2,241.16 3 0
mail/internal/repository/email_repo.go:242.15,245.31 1 0
mail/internal/repository/email_repo.go:246.14,249.28 1 0
mail/internal/repository/email_repo.go:250.10,251.57 1 0
mail/internal/repository/email_repo.go:254.2,255.16 2 0
mail/internal/repository/email_repo.go:255.16,258.3 2 0
mail/internal/repository/email_repo.go:260.2,260.20 1 0
mail/internal/repository/pop3_repo.go:14.85,19.2 1 0
mail/internal/repository/pop3_repo.go:21.42,23.2 1 0
mail/internal/repository/pop3_repo.go:25.73,27.2 1 0
mail/internal/repository/pop3_repo.go:29.39,31.2 1 0
mail/internal/repository/session_repo.go:17.99,19.2 1 1
mail/internal/repository/session_repo.go:21.110,26.16 3 1
mail/internal/repository/session_repo.go:26.16,28.3 1 0
mail/internal/repository/session_repo.go:29.2,32.16 3 1
mail/internal/repository/session_repo.go:32.16,35.3 2 1
mail/internal/repository/session_repo.go:37.2,41.22 3 1
mail/internal/repository/session_repo.go:44.96,49.16 3 1
mail/internal/repository/session_repo.go:49.16,52.3 2 1
mail/internal/repository/session_repo.go:53.2,53.12 1 1
mail/internal/repository/session_repo.go:56.103,61.16 3 1
mail/internal/repository/session_repo.go:61.16,64.3 2 1
mail/internal/repository/session_repo.go:66.2,68.19 2 1
mail/internal/repository/smtp_repo.go:13.85,15.2 1 0
mail/internal/repository/smtp_repo.go:17.97,19.2 1 0
mail/internal/repository/user_repo.go:14.65,16.2 1 1
mail/internal/repository/user_repo.go:18.70,23.35 4 0
mail/internal/repository/user_repo.go:23.35,25.3 1 0
mail/internal/repository/user_repo.go:26.2,26.36 1 0
mail/internal/repository/user_repo.go:26.36,28.3 1 0
mail/internal/repository/user_repo.go:30.2,30.16 1 0
mail/internal/repository/user_repo.go:30.16,32.3 1 0
mail/internal/repository/user_repo.go:33.2,33.19 1 0
mail/internal/repository/user_repo.go:36.88,42.16 4 1
mail/internal/repository/user_repo.go:42.16,44.3 1 1
mail/internal/repository/user_repo.go:45.2,45.19 1 1
mail/internal/repository/user_repo.go:48.86,53.16 4 1
mail/internal/repository/user_repo.go:53.16,55.3 1 1
mail/internal/repository/user_repo.go:57.2,57.37 1 1
mail/internal/repository/user_repo.go:57.37,59.3 1 1
mail/internal/repository/user_repo.go:61.2,61.19 1 1
mail/internal/repository/user_repo.go:64.85,69.16 4 1
mail/internal/repository/user_repo.go:69.16,71.3 1 1
mail/internal/repository/user_repo.go:72.2,72.19 1 1
mail/internal/repository/user_repo.go:75.70,81.16 3 1
mail/internal/repository/user_repo.go:81.16,83.3 1 1
mail/internal/repository/user_repo.go:84.2,84.12 1 1
mail/pkg/utils/error_response.go:9.86,18.2 5 0
mail/pkg/utils/hash.go:8.37,10.44 2 1
mail/pkg/utils/hash.go:10.44,12.3 1 0
mail/pkg/utils/hash.go:13.2,13.39 1 1
mail/pkg/utils/sanitize.go:7.34,10.2 2 1
mail/pkg/smtp/smtp.go:22.71,30.2 1 1
mail/pkg/smtp/smtp.go:33.75,39.2 2 1
mail/pkg/smtp/smtp.go:42.86,43.18 1 1
mail/pkg/smtp/smtp.go:43.18,45.3 1 1
mail/pkg/smtp/smtp.go:47.2,56.14 5 1
mail/pkg/smtp/smtp.go:56.14,58.3 1 1
mail/pkg/smtp/smtp.go:58.8,60.3 1 0
mail/pkg/smtp/smtp.go:62.2,62.16 1 1
mail/pkg/smtp/smtp.go:62.16,64.3 1 0
mail/pkg/smtp/smtp.go:65.2,72.16 4 1
mail/pkg/smtp/smtp.go:72.16,74.3 1 0
mail/pkg/smtp/smtp.go:75.2,79.41 3 1
mail/pkg/smtp/smtp.go:79.41,81.3 1 0
mail/pkg/smtp/smtp.go:84.2,84.41 1 1
mail/pkg/smtp/smtp.go:84.41,86.3 1 0
mail/pkg/smtp/smtp.go:89.2,89.26 1 1
mail/pkg/smtp/smtp.go:89.26,90.42 1 1
mail/pkg/smtp/smtp.go:90.42,92.4 1 0
mail/pkg/smtp/smtp.go:96.2,97.16 2 1
mail/pkg/smtp/smtp.go:97.16,99.3 1 0
mail/pkg/smtp/smtp.go:102.2,104.16 3 1
mail/pkg/smtp/smtp.go:104.16,106.3 1 0
mail/pkg/smtp/smtp.go:109.2,109.33 1 1
mail/pkg/smtp/smtp.go:109.33,111.3 1 0
mail/pkg/smtp/smtp.go:114.2,114.22 1 1
mail/internal/delivery/httpserver/email/mocks/mock_csrf.go:27.73,31.2 3 0
mail/internal/delivery/httpserver/email/mocks/mock_csrf.go:34.71,36.2 1 0
mail/internal/delivery/httpserver/email/mocks/mock_csrf.go:39.97,45.2 5 0
mail/internal/delivery/httpserver/email/mocks/mock_csrf.go:48.90,51.2 2 0
mail/internal/delivery/httpserver/email/mocks/mock_csrf.go:54.83,59.2 4 0
mail/internal/delivery/httpserver/email/mocks/mock_csrf.go:62.92,65.2 2 0
mail/internal/delivery/httpserver/email/mocks/mock_csrf.go:68.90,74.2 5 0
mail/internal/delivery/httpserver/email/mocks/mock_csrf.go:77.89,80.2 2 0
mail/internal/delivery/httpserver/email/mocks/mock_email.go:26.69,30.2 3 0
mail/internal/delivery/httpserver/email/mocks/mock_email.go:33.67,35.2 1 0
mail/internal/delivery/httpserver/email/mocks/mock_email.go:38.68,43.2 4 0
mail/internal/delivery/httpserver/email/mocks/mock_email.go:46.91,49.2 2 0
mail/internal/delivery/httpserver/email/mocks/mock_email.go:52.98,57.2 4 0
mail/internal/delivery/httpserver/email/mocks/mock_email.go:60.110,63.2 2 0
mail/internal/delivery/httpserver/email/mocks/mock_email.go:66.55,71.2 4 0
mail/internal/delivery/httpserver/email/mocks/mock_email.go:74.75,77.2 2 0
mail/internal/delivery/httpserver/email/mocks/mock_email.go:80.101,85.2 4 0
mail/internal/delivery/httpserver/email/mocks/mock_email.go:88.104,91.2 2 0
mail/internal/delivery/httpserver/email/mocks/mock_email.go:94.71,100.2 5 0
mail/internal/delivery/httpserver/email/mocks/mock_email.go:103.83,106.2 2 0
mail/internal/delivery/httpserver/email/mocks/mock_email.go:109.86,115.2 5 0
mail/internal/delivery/httpserver/email/mocks/mock_email.go:118.93,121.2 2 0
mail/internal/delivery/httpserver/email/mocks/mock_email.go:124.69,130.2 5 0
mail/internal/delivery/httpserver/email/mocks/mock_email.go:133.76,136.2 2 0
mail/internal/delivery/httpserver/email/mocks/mock_email.go:139.108,144.2 4 0
mail/internal/delivery/httpserver/email/mocks/mock_email.go:147.113,150.2 2 0
mail/internal/delivery/httpserver/email/mocks/mock_email.go:153.64,158.2 4 0
mail/internal/delivery/httpserver/email/mocks/mock_email.go:161.83,164.2 2 0
mail/internal/delivery/httpserver/email/mocks/mock_email.go:167.92,172.2 4 0
mail/internal/delivery/httpserver/email/mocks/mock_email.go:175.101,178.2 2 0
mail/internal/delivery/httpserver/email/mocks/mock_email.go:192.75,196.2 3 1
mail/internal/delivery/httpserver/email/mocks/mock_email.go:199.73,201.2 1 1
mail/internal/delivery/httpserver/email/mocks/mock_email.go:204.71,209.2 4 0
mail/internal/delivery/httpserver/email/mocks/mock_email.go:212.94,215.2 2 0
mail/internal/delivery/httpserver/email/mocks/mock_email.go:218.101,223.2 4 0
mail/internal/delivery/httpserver/email/mocks/mock_email.go:226.113,229.2 2 0
mail/internal/delivery/httpserver/email/mocks/mock_email.go:232.74,238.2 5 0
mail/internal/delivery/httpserver/email/mocks/mock_email.go:241.86,244.2 2 0
mail/internal/delivery/httpserver/email/mocks/mock_email.go:247.89,253.2 5 0
mail/internal/delivery/httpserver/email/mocks/mock_email.go:256.96,259.2 2 0
mail/internal/delivery/httpserver/email/mocks/mock_email.go:262.72,268.2 5 0
mail/internal/delivery/httpserver/email/mocks/mock_email.go:271.79,274.2 2 0
mail/internal/delivery/httpserver/email/mocks/mock_email.go:277.67,282.2 4 1
mail/internal/delivery/httpserver/email/mocks/mock_email.go:285.86,288.2 2 1
mail/internal/delivery/httpserver/email/mocks/mock_email.go:302.73,306.2 3 0
mail/internal/delivery/httpserver/email/mocks/mock_email.go:309.71,311.2 1 0
mail/internal/delivery/httpserver/email/mocks/mock_email.go:314.94,319.2 4 0
mail/internal/delivery/httpserver/email/mocks/mock_email.go:322.103,325.2 2 0
mail/internal/delivery/httpserver/email/mocks/mock_email.go:339.73,343.2 3 0
mail/internal/delivery/httpserver/email/mocks/mock_email.go:346.71,348.2 1 0
mail/internal/delivery/httpserver/email/mocks/mock_email.go:351.46,356.2 4 0
mail/internal/delivery/httpserver/email/mocks/mock_email.go:359.66,362.2 2 0
mail/internal/delivery/httpserver/email/mocks/mock_email.go:365.77,370.2 4 0
mail/internal/delivery/httpserver/email/mocks/mock_email.go:373.86,376.2 2 0
mail/internal/delivery/httpserver/email/mocks/mock_email.go:379.43,384.2 4 0
mail/internal/delivery/httpserver/email/mocks/mock_email.go:387.63,390.2 2 0
mail/internal/delivery/httpserver/email/mocks/mock_session.go:27.79,31.2 3 0
mail/internal/delivery/httpserver/email/mocks/mock_session.go:34.77,36.2 1 0
mail/internal/delivery/httpserver/email/mocks/mock_session.go:39.106,45.2 5 0
mail/internal/delivery/httpserver/email/mocks/mock_session.go:48.96,51.2 2 0
mail/internal/delivery/httpserver/email/mocks/mock_session.go:54.92,59.2 4 0
mail/internal/delivery/httpserver/email/mocks/mock_session.go:62.101,65.2 2 0
mail/internal/delivery/httpserver/email/mocks/mock_session.go:68.99,74.2 5 0
mail/internal/delivery/httpserver/email/mocks/mock_session.go:77.98,80.2 2 0
mail/internal/delivery/httpserver/email/mocks/user_mock.go:28.67,32.2 3 0
mail/internal/delivery/httpserver/email/mocks/user_mock.go:35.65,37.2 1 0
mail/internal/delivery/httpserver/email/mocks/user_mock.go:40.110,45.2 4 0
mail/internal/delivery/httpserver/email/mocks/user_mock.go:48.99,51.2 2 0
mail/internal/delivery/httpserver/email/mocks/user_mock.go:54.64,59.2 4 0
mail/internal/delivery/httpserver/email/mocks/user_mock.go:62.89,65.2 2 0
mail/internal/delivery/httpserver/email/mocks/user_mock.go:68.72,73.2 4 0
mail/internal/delivery/httpserver/email/mocks/user_mock.go:76.97,79.2 2 0
mail/internal/delivery/httpserver/email/mocks/user_mock.go:82.92,88.2 5 0
mail/internal/delivery/httpserver/email/mocks/user_mock.go:91.91,94.2 2 0
mail/internal/delivery/httpserver/email/mocks/user_mock.go:97.88,102.2 4 0
mail/internal/delivery/httpserver/email/mocks/user_mock.go:105.97,108.2 2 0
mail/internal/delivery/httpserver/email/mocks/user_mock.go:111.75,118.2 6 0
mail/internal/delivery/httpserver/email/mocks/user_mock.go:121.82,124.2 2 0
mail/internal/delivery/httpserver/email/mocks/user_mock.go:127.126,135.2 7 0
mail/internal/delivery/httpserver/email/mocks/user_mock.go:138.82,141.2 2 0
mail/internal/delivery/httpserver/email/mocks/user_mock.go:144.72,149.2 4 0
mail/internal/delivery/httpserver/email/mocks/user_mock.go:152.81,155.2 2 0
mail/internal/delivery/httpserver/email/mocks/user_mock.go:158.127,166.2 7 0
mail/internal/delivery/httpserver/email/mocks/user_mock.go:169.83,172.2 2 0
mail/internal/delivery/httpserver/email/mocks/user_mock.go:186.73,190.2 3 0
mail/internal/delivery/httpserver/email/mocks/user_mock.go:193.71,195.2 1 0
mail/internal/delivery/httpserver/email/mocks/user_mock.go:198.82,204.2 5 0
mail/internal/delivery/httpserver/email/mocks/user_mock.go:207.85,210.2 2 0
mail/internal/delivery/httpserver/email/mocks/user_mock.go:213.84,219.2 5 0
mail/internal/delivery/httpserver/email/mocks/user_mock.go:222.87,225.2 2 0
mail/internal/delivery/httpserver/email/mocks/user_mock.go:228.81,234.2 5 0
mail/internal/delivery/httpserver/email/mocks/user_mock.go:237.90,240.2 2 0
mail/internal/delivery/httpserver/email/mocks/user_mock.go:243.66,249.2 5 0
mail/internal/delivery/httpserver/email/mocks/user_mock.go:252.83,255.2 2 0
mail/internal/delivery/httpserver/email/mocks/user_mock.go:258.66,263.2 4 0
mail/internal/delivery/httpserver/email/mocks/user_mock.go:266.85,269.2 2 0
mail/internal/models/user_model.go:55.38,58.2 2 0
mail/internal/models/user_model.go:60.36,63.2 2 0
mail/pkg/pop3/pop3.go:25.71,32.2 1 1
mail/pkg/pop3/pop3.go:34.38,35.33 1 1
mail/pkg/pop3/pop3.go:35.33,37.3 1 0
mail/pkg/pop3/pop3.go:39.2,39.41 1 1
mail/pkg/pop3/pop3.go:39.41,41.3 1 0
mail/pkg/pop3/pop3.go:43.2,43.12 1 1
mail/pkg/pop3/pop3.go:46.35,49.14 2 1
mail/pkg/pop3/pop3.go:49.14,51.23 2 1
mail/pkg/pop3/pop3.go:51.23,55.4 1 0
mail/pkg/pop3/pop3.go:57.3,58.17 2 1
mail/pkg/pop3/pop3.go:58.17,60.4 1 0
mail/pkg/pop3/pop3.go:61.3,61.16 1 1
mail/pkg/pop3/pop3.go:62.8,64.17 2 1
mail/pkg/pop3/pop3.go:64.17,66.4 1 0
mail/pkg/pop3/pop3.go:67.3,67.16 1 1
mail/pkg/pop3/pop3.go:70.2,73.50 3 1
mail/pkg/pop3/pop3.go:76.43,77.90 1 1
mail/pkg/pop3/pop3.go:77.90,79.3 1 0
mail/pkg/pop3/pop3.go:81.2,81.74 1 1
mail/pkg/pop3/pop3.go:84.71,85.43 1 1
mail/pkg/pop3/pop3.go:85.43,87.3 1 0
mail/pkg/pop3/pop3.go:88.2,88.35 1 1
mail/pkg/pop3/pop3.go:91.60,93.16 2 1
mail/pkg/pop3/pop3.go:93.16,95.3 1 0
mail/pkg/pop3/pop3.go:96.2,96.41 1 1
mail/pkg/pop3/pop3.go:96.41,98.3 1 0
mail/pkg/pop3/pop3.go:99.2,99.12 1 1
mail/pkg/pop3/pop3.go:102.52,104.16 2 1
mail/pkg/pop3/pop3.go:104.16,106.3 1 0
mail/pkg/pop3/pop3.go:107.2,107.25 1 1
mail/pkg/pop3/pop3.go:110.53,112.16 2 1
mail/pkg/pop3/pop3.go:112.16,114.3 1 0
mail/pkg/pop3/pop3.go:115.2,115.41 1 1
mail/pkg/pop3/pop3.go:118.62,120.6 2 1
mail/pkg/pop3/pop3.go:120.6,122.17 2 1
mail/pkg/pop3/pop3.go:122.17,124.4 1 0
mail/pkg/pop3/pop3.go:125.3,126.18 2 1
mail/pkg/pop3/pop3.go:126.18,127.9 1 1
mail/pkg/pop3/pop3.go:129.3,129.30 1 1
mail/pkg/pop3/pop3.go:131.2,131.39 1 1
mail/pkg/pop3/pop3.go:134.67,135.73 1 1
mail/pkg/pop3/pop3.go:135.73,137.3 1 0
mail/pkg/pop3/pop3.go:138.2,139.16 2 1
mail/pkg/pop3/pop3.go:139.16,141.3 1 0
mail/pkg/pop3/pop3.go:142.2,142.41 1 1
mail/pkg/pop3/pop3.go:142.41,144.3 1 0
mail/pkg/pop3/pop3.go:145.2,145.22 1 1
mail/pkg/pop3/pop3.go:148.69,150.16 2 1
mail/pkg/pop3/pop3.go:150.16,152.3 1 0
mail/pkg/pop3/pop3.go:154.2,154.44 1 1
mail/pkg/pop3/pop3.go:157.53,158.46 1 1
mail/pkg/pop3/pop3.go:158.46,160.3 1 0
mail/pkg/pop3/pop3.go:162.2,163.16 2 1
mail/pkg/pop3/pop3.go:163.16,165.3 1 0
mail/pkg/pop3/pop3.go:167.2,168.20 2 1
mail/pkg/pop3/pop3.go:168.20,170.3 1 0
mail/pkg/pop3/pop3.go:172.2,174.19 3 1
mail/pkg/pop3/pop3.go:177.82,181.30 3 1
mail/pkg/pop3/pop3.go:181.30,182.55 1 1
mail/pkg/pop3/pop3.go:182.55,184.12 2 0
mail/pkg/pop3/pop3.go:186.3,186.15 1 1
mail/pkg/pop3/pop3.go:189.2,189.44 1 1
mail/pkg/pop3/pop3.go:189.44,191.3 1 0
mail/pkg/pop3/pop3.go:193.2,193.12 1 1
mail/pkg/pop3/pop3.go:196.91,198.16 2 1
mail/pkg/pop3/pop3.go:198.16,200.3 1 0
mail/pkg/pop3/pop3.go:202.2,203.16 2 1
mail/pkg/pop3/pop3.go:203.16,205.3 1 0
mail/pkg/pop3/pop3.go:207.2,207.30 1 1
mail/pkg/pop3/pop3.go:210.35,211.46 1 1
mail/pkg/pop3/pop3.go:211.46,213.3 1 1
mail/pkg/pop3/pop3.go:214.2,215.16 2 1
mail/pkg/pop3/pop3.go:215.16,217.3 1 0
mail/pkg/pop3/pop3.go:218.2,218.41 1 1
mail/pkg/pop3/pop3.go:218.41,220.3 1 0
mail/pkg/pop3/pop3.go:221.2,221.23 1 1
mail/pkg/pop3/pop3.go:224.51,232.29 4 1
mail/pkg/pop3/pop3.go:232.29,233.17 1 1
mail/pkg/pop3/pop3.go:233.17,235.9 2 1
mail/pkg/pop3/pop3.go:237.3,237.40 1 1
mail/pkg/pop3/pop3.go:237.40,239.4 1 1
mail/pkg/pop3/pop3.go:239.9,239.45 1 1
mail/pkg/pop3/pop3.go:239.45,241.4 1 1
mail/pkg/pop3/pop3.go:241.9,241.50 1 1
mail/pkg/pop3/pop3.go:241.50,243.4 1 1
mail/pkg/pop3/pop3.go:243.9,243.47 1 1
mail/pkg/pop3/pop3.go:243.47,246.18 3 1
mail/pkg/pop3/pop3.go:246.18,248.5 1 0
mail/pkg/pop3/pop3.go:249.4,249.35 1 1
mail/pkg/pop3/pop3.go:253.2,253.48 1 1
mail/pkg/pop3/pop3.go:253.48,255.3 1 0
mail/pkg/pop3/pop3.go:256.2,258.19 2 1
